Using pre-set license
Built from '2022.3/staging' branch; Version is '2022.3.29f1 (8d510ca76d2b) revision 9261324'; Using compiler version '192829333'; Build Type 'Release'
OS: 'Windows 11  (10.0.22631) 64bit Professional' Language: 'es' Physical Memory: 15743 MB
BatchMode: 1, IsHumanControllingUs: 0, StartBugReporterOnCrash: 0, Is64bit: 1, IsPro: 1

COMMAND LINE ARGUMENTS:
C:\Program Files\Unity\Hub\Editor\2022.3.29f1\Editor\Unity.exe
-adb2
-batchMode
-noUpm
-name
AssetImportWorker5
-projectPath
C:/Users/Usuario/Crazy kitchen
-logFile
Logs/AssetImportWorker5.log
-srvPort
50664
Successfully changed project path to: C:/Users/Usuario/Crazy kitchen
C:/Users/Usuario/Crazy kitchen
[UnityMemory] Configuration Parameters - Can be set up in boot.config
    "memorysetup-bucket-allocator-granularity=16"
    "memorysetup-bucket-allocator-bucket-count=8"
    "memorysetup-bucket-allocator-block-size=33554432"
    "memorysetup-bucket-allocator-block-count=8"
    "memorysetup-main-allocator-block-size=16777216"
    "memorysetup-thread-allocator-block-size=16777216"
    "memorysetup-gfx-main-allocator-block-size=16777216"
    "memorysetup-gfx-thread-allocator-block-size=16777216"
    "memorysetup-cache-allocator-block-size=4194304"
    "memorysetup-typetree-allocator-block-size=2097152"
    "memorysetup-profiler-bucket-allocator-granularity=16"
    "memorysetup-profiler-bucket-allocator-bucket-count=8"
    "memorysetup-profiler-bucket-allocator-block-size=33554432"
    "memorysetup-profiler-bucket-allocator-block-count=8"
    "memorysetup-profiler-allocator-block-size=16777216"
    "memorysetup-profiler-editor-allocator-block-size=1048576"
    "memorysetup-temp-allocator-size-main=16777216"
    "memorysetup-job-temp-allocator-block-size=2097152"
    "memorysetup-job-temp-allocator-block-size-background=1048576"
    "memorysetup-job-temp-allocator-reduction-small-platforms=262144"
    "memorysetup-allocator-temp-initial-block-size-main=262144"
    "memorysetup-allocator-temp-initial-block-size-worker=262144"
    "memorysetup-temp-allocator-size-background-worker=32768"
    "memorysetup-temp-allocator-size-job-worker=262144"
    "memorysetup-temp-allocator-size-preload-manager=33554432"
    "memorysetup-temp-allocator-size-nav-mesh-worker=65536"
    "memorysetup-temp-allocator-size-audio-worker=65536"
    "memorysetup-temp-allocator-size-cloud-worker=32768"
    "memorysetup-temp-allocator-size-gi-baking-worker=262144"
    "memorysetup-temp-allocator-size-gfx=262144"
Player connection [21620] Host "[IP] 192.168.1.7 [Port] 0 [Flags] 2 [Guid] 2521436941 [EditorId] 2521436941 [Version] 1048832 [Id] WindowsEditor(7,DESKTOP-NV7RIE9) [Debug] 1 [PackageName] WindowsEditor [ProjectName] Editor" joined multi-casting on [225.0.0.222:54997]...

Player connection [21620] Host "[IP] 192.168.1.7 [Port] 0 [Flags] 2 [Guid] 2521436941 [EditorId] 2521436941 [Version] 1048832 [Id] WindowsEditor(7,DESKTOP-NV7RIE9) [Debug] 1 [PackageName] WindowsEditor [ProjectName] Editor" joined alternative multi-casting on [225.0.0.222:34997]...

[Physics::Module] Initialized MultithreadedJobDispatcher with 15 workers.
Refreshing native plugins compatible for Editor in 11.36 ms, found 4 plugins.
Preloading 0 native plugins for Editor in 0.00 ms.
Initialize engine version: 2022.3.29f1 (8d510ca76d2b)
[Subsystems] Discovering subsystems at path C:/Program Files/Unity/Hub/Editor/2022.3.29f1/Editor/Data/Resources/UnitySubsystems
[Subsystems] Discovering subsystems at path C:/Users/Usuario/Crazy kitchen/Assets
GfxDevice: creating device client; threaded=0; jobified=0
Direct3D:
    Version:  Direct3D 11.0 [level 11.1]
    Renderer: NVIDIA GeForce RTX 4060 (ID=0x2882)
    Vendor:   NVIDIA
    VRAM:     7957 MB
    Driver:   32.0.15.6094
Initialize mono
Mono path[0] = 'C:/Program Files/Unity/Hub/Editor/2022.3.29f1/Editor/Data/Managed'
Mono path[1] = 'C:/Program Files/Unity/Hub/Editor/2022.3.29f1/Editor/Data/MonoBleedingEdge/lib/mono/unityjit-win32'
Mono config path = 'C:/Program Files/Unity/Hub/Editor/2022.3.29f1/Editor/Data/MonoBleedingEdge/etc'
Using monoOptions --debugger-agent=transport=dt_socket,embedding=1,server=y,suspend=n,address=127.0.0.1:56780
Begin MonoManager ReloadAssembly
Registering precompiled unity dll's ...
Register platform support module: C:/Program Files/Unity/Hub/Editor/2022.3.29f1/Editor/Data/PlaybackEngines/WindowsStandaloneSupport/UnityEditor.WindowsStandalone.Extensions.dll
Registered in 0.006375 seconds.
- Loaded All Assemblies, in  0.280 seconds
Native extension for WindowsStandalone target not found
Mono: successfully reloaded assembly
- Finished resetting the current domain, in  0.220 seconds
Domain Reload Profiling: 499ms
	BeginReloadAssembly (93ms)
		ExecutionOrderSort (0ms)
		DisableScriptedObjects (0ms)
		BackupInstance (0ms)
		ReleaseScriptingObjects (0ms)
		CreateAndSetChildDomain (1ms)
	RebuildCommonClasses (25ms)
	RebuildNativeTypeToScriptingClass (8ms)
	initialDomainReloadingComplete (48ms)
	LoadAllAssembliesAndSetupDomain (105ms)
		LoadAssemblies (91ms)
		RebuildTransferFunctionScriptingTraits (0ms)
		AnalyzeDomain (104ms)
			TypeCache.Refresh (102ms)
				TypeCache.ScanAssembly (92ms)
			ScanForSourceGeneratedMonoScriptInfo (0ms)
			ResolveRequiredComponents (1ms)
	FinalizeReload (221ms)
		ReleaseScriptCaches (0ms)
		RebuildScriptCaches (0ms)
		SetupLoadedEditorAssemblies (175ms)
			LogAssemblyErrors (0ms)
			InitializePlatformSupportModulesInManaged (8ms)
			SetLoadedEditorAssemblies (6ms)
			RefreshPlugins (0ms)
			BeforeProcessingInitializeOnLoad (2ms)
			ProcessInitializeOnLoadAttributes (121ms)
			ProcessInitializeOnLoadMethodAttributes (37ms)
			AfterProcessingInitializeOnLoad (0ms)
			EditorAssembliesLoaded (0ms)
		ExecutionOrderSort2 (0ms)
		AwakeInstancesAfterBackupRestoration (0ms)
========================================================================
Worker process is ready to serve import requests
Begin MonoManager ReloadAssembly
- Loaded All Assemblies, in  0.555 seconds
Refreshing native plugins compatible for Editor in 5.66 ms, found 4 plugins.
Native extension for WindowsStandalone target not found
Package Manager log level set to [2]
[Package Manager] Server::EnsureServerProcessIsRunning -- launch failed, reason: Unity was launched with the -noUpm command-line argument
[Package Manager] UpmClient::Send -- Unable to send message (not connected to UPM process).
[Package Manager] Cannot connect to Unity Package Manager local server
Mono: successfully reloaded assembly
- Finished resetting the current domain, in  0.516 seconds
Domain Reload Profiling: 1069ms
	BeginReloadAssembly (122ms)
		ExecutionOrderSort (0ms)
		DisableScriptedObjects (4ms)
		BackupInstance (0ms)
		ReleaseScriptingObjects (0ms)
		CreateAndSetChildDomain (19ms)
	RebuildCommonClasses (25ms)
	RebuildNativeTypeToScriptingClass (8ms)
	initialDomainReloadingComplete (35ms)
	LoadAllAssembliesAndSetupDomain (363ms)
		LoadAssemblies (284ms)
		RebuildTransferFunctionScriptingTraits (0ms)
		AnalyzeDomain (152ms)
			TypeCache.Refresh (125ms)
				TypeCache.ScanAssembly (109ms)
			ScanForSourceGeneratedMonoScriptInfo (20ms)
			ResolveRequiredComponents (5ms)
	FinalizeReload (516ms)
		ReleaseScriptCaches (0ms)
		RebuildScriptCaches (0ms)
		SetupLoadedEditorAssemblies (390ms)
			LogAssemblyErrors (0ms)
			InitializePlatformSupportModulesInManaged (4ms)
			SetLoadedEditorAssemblies (2ms)
			RefreshPlugins (0ms)
			BeforeProcessingInitializeOnLoad (51ms)
			ProcessInitializeOnLoadAttributes (310ms)
			ProcessInitializeOnLoadMethodAttributes (16ms)
			AfterProcessingInitializeOnLoad (6ms)
			EditorAssembliesLoaded (0ms)
		ExecutionOrderSort2 (0ms)
		AwakeInstancesAfterBackupRestoration (5ms)
Launched and connected shader compiler UnityShaderCompiler.exe after 0.03 seconds
Refreshing native plugins compatible for Editor in 6.55 ms, found 4 plugins.
Preloading 0 native plugins for Editor in 0.00 ms.
Unloading 3744 Unused Serialized files (Serialized files now loaded: 0)
Unloading 43 unused Assets / (59.6 KB). Loaded Objects now: 4204.
Memory consumption went from 205.1 MB to 205.0 MB.
Total: 3.069700 ms (FindLiveObjects: 0.263900 ms CreateObjectMapping: 0.120000 ms MarkObjects: 2.579600 ms  DeleteObjects: 0.105400 ms)

AssetImportParameters requested are different than current active one (requested -> active):
  custom:container-demuxer-ogg: 62fdf1f143b41e24485cea50d1cbac27 -> 
  custom:video-codec-MediaFoundation-h265: 746d11721c4dcdbdad8f713fa42b33f4 -> 
  custom:video-decoder-ogg-theora: a1e56fd34408186e4bbccfd4996cb3dc -> 
  custom:framework-win-MediaFoundation: 216162199b28c13a410421893ffa2e32 -> 
  custom:CustomObjectIndexerAttribute: 9a22284fe3817be447336de3de66b15e -> 
  custom:container-demuxer-webm: 4f35f7cbe854078d1ac9338744f61a02 -> 
  custom:container-muxer-webm: aa71ff27fc2769a1b78a27578f13a17b -> 
  custom:video-decoder-webm-vp8: 9c59270c3fd7afecdb556c50c9e8de78 -> 
  custom:SearchIndexIgnoredProperties: e643bd26f0fe6173181afceb89e7c659 -> 
  custom:AudioImporter_EditorPlatform: d09bf68614088b80899f8185d706f6e7 -> 
  custom:video-encoder-webm-vp8: eb34c28f22e8b96e1ab97ce403110664 -> 
  custom:audio-decoder-ogg-vorbis: bf7c407c2cedff20999df2af8eb42d56 -> 
  custom:audio-encoder-webm-vorbis: bf7c407c2cedff20999df2af8eb42d56 -> 
========================================================================
Received Import Request.
  Time since last request: 11436.708206 seconds.
  path: Assets/Food Pack-Demo/Prefabs with colliders/Bell pepper green slice.prefab
  artifactKey: Guid(85650ce63efce4849986302aa38c779f) Importer(815301076,1909f56bfc062723c751e8b465ee728b)
Start importing Assets/Food Pack-Demo/Prefabs with colliders/Bell pepper green slice.prefab using Guid(85650ce63efce4849986302aa38c779f) Importer(815301076,1909f56bfc062723c751e8b465ee728b)  -> (artifact id: 'b27e2cced5842b15fd070b15fd444e67') in 0.108114 seconds
Number of updated asset objects reloaded before import = 0
Number of asset objects unloaded after import = 12
========================================================================
Received Import Request.
  Time since last request: 0.000046 seconds.
  path: Assets/Food Pack-Demo/Prefabs with colliders/Melon Piece.prefab
  artifactKey: Guid(c44c3f4afdff6bc45adda169fc55db98) Importer(815301076,1909f56bfc062723c751e8b465ee728b)
Start importing Assets/Food Pack-Demo/Prefabs with colliders/Melon Piece.prefab using Guid(c44c3f4afdff6bc45adda169fc55db98) Importer(815301076,1909f56bfc062723c751e8b465ee728b)  -> (artifact id: '3a466a1efad72dc293e5c05185a81af8') in 0.016099 seconds
Number of updated asset objects reloaded before import = 0
Number of asset objects unloaded after import = 12
========================================================================
Received Import Request.
  Time since last request: 0.000031 seconds.
  path: Assets/Food Pack-Demo/Prefabs with colliders/Melon.prefab
  artifactKey: Guid(287ce34570989604593d1a0beaa007d1) Importer(815301076,1909f56bfc062723c751e8b465ee728b)
Start importing Assets/Food Pack-Demo/Prefabs with colliders/Melon.prefab using Guid(287ce34570989604593d1a0beaa007d1) Importer(815301076,1909f56bfc062723c751e8b465ee728b)  -> (artifact id: '761fe468b44c78c1e7ed9a0584096417') in 0.035235 seconds
Number of updated asset objects reloaded before import = 0
Number of asset objects unloaded after import = 12
========================================================================
Received Import Request.
  Time since last request: 0.000027 seconds.
  path: Assets/Food Pack-Demo/Prefabs with colliders/Sushi Wood Table.prefab
  artifactKey: Guid(db719f0c5f33e7d42b34ea7d8e83bd6a) Importer(815301076,1909f56bfc062723c751e8b465ee728b)
Start importing Assets/Food Pack-Demo/Prefabs with colliders/Sushi Wood Table.prefab using Guid(db719f0c5f33e7d42b34ea7d8e83bd6a) Importer(815301076,1909f56bfc062723c751e8b465ee728b)  -> (artifact id: 'b3ce974f3cbaf0d852de774ee39ad4dc') in 0.012088 seconds
Number of updated asset objects reloaded before import = 0
Number of asset objects unloaded after import = 12
========================================================================
Received Import Request.
  Time since last request: 0.000036 seconds.
  path: Assets/Food Pack-Demo/Prefabs with colliders/Cheesecake B.prefab
  artifactKey: Guid(24b71c545c0dea94485342e22f537390) Importer(815301076,1909f56bfc062723c751e8b465ee728b)
Start importing Assets/Food Pack-Demo/Prefabs with colliders/Cheesecake B.prefab using Guid(24b71c545c0dea94485342e22f537390) Importer(815301076,1909f56bfc062723c751e8b465ee728b)  -> (artifact id: '82398bd05e94d3e00412e2a04df591b6') in 0.013765 seconds
Number of updated asset objects reloaded before import = 0
Number of asset objects unloaded after import = 12
========================================================================
Received Import Request.
  Time since last request: 0.000030 seconds.
  path: Assets/Food Pack-Demo/Prefabs with colliders/Salami cut A.prefab
  artifactKey: Guid(86a2632b6a59b6f4eb27045f5854a597) Importer(815301076,1909f56bfc062723c751e8b465ee728b)
Start importing Assets/Food Pack-Demo/Prefabs with colliders/Salami cut A.prefab using Guid(86a2632b6a59b6f4eb27045f5854a597) Importer(815301076,1909f56bfc062723c751e8b465ee728b)  -> (artifact id: '7680ba2d6e228347d103f5a692130bf5') in 0.015703 seconds
Number of updated asset objects reloaded before import = 0
Number of asset objects unloaded after import = 12
========================================================================
Received Import Request.
  Time since last request: 0.000017 seconds.
  path: Assets/Food Pack-Demo/Prefabs with colliders/Hotdog A.prefab
  artifactKey: Guid(83c77ae35da5eef458a3c6457b421e29) Importer(815301076,1909f56bfc062723c751e8b465ee728b)
Start importing Assets/Food Pack-Demo/Prefabs with colliders/Hotdog A.prefab using Guid(83c77ae35da5eef458a3c6457b421e29) Importer(815301076,1909f56bfc062723c751e8b465ee728b)  -> (artifact id: '744f8b4f7634be1853388313e68d9a08') in 0.014038 seconds
Number of updated asset objects reloaded before import = 0
Number of asset objects unloaded after import = 12
========================================================================
Received Import Request.
  Time since last request: 0.000030 seconds.
  path: Assets/Food Pack-Demo/Prefabs with colliders/Salmon.prefab
  artifactKey: Guid(aef46669f3c36c64b9ac9c336991e53d) Importer(815301076,1909f56bfc062723c751e8b465ee728b)
Start importing Assets/Food Pack-Demo/Prefabs with colliders/Salmon.prefab using Guid(aef46669f3c36c64b9ac9c336991e53d) Importer(815301076,1909f56bfc062723c751e8b465ee728b)  -> (artifact id: '8ae163b84d1ccde9d52a08eba623d040') in 0.014163 seconds
Number of updated asset objects reloaded before import = 0
Number of asset objects unloaded after import = 12
========================================================================
Received Import Request.
  Time since last request: 0.000023 seconds.
  path: Assets/Food Pack-Demo/Prefabs with colliders/Peach half with seed.prefab
  artifactKey: Guid(2cf67417daadbe745b60bcac672a6913) Importer(815301076,1909f56bfc062723c751e8b465ee728b)
Start importing Assets/Food Pack-Demo/Prefabs with colliders/Peach half with seed.prefab using Guid(2cf67417daadbe745b60bcac672a6913) Importer(815301076,1909f56bfc062723c751e8b465ee728b)  -> (artifact id: '8f5eb0edc7357bc60c5415c8d5b4448e') in 0.014460 seconds
Number of updated asset objects reloaded before import = 0
Number of asset objects unloaded after import = 12
========================================================================
Received Import Request.
  Time since last request: 0.000023 seconds.
  path: Assets/Food Pack-Demo/Prefabs with colliders/Doughnut H.prefab
  artifactKey: Guid(c71881a0f38e13148a4da26b4c79c687) Importer(815301076,1909f56bfc062723c751e8b465ee728b)
Start importing Assets/Food Pack-Demo/Prefabs with colliders/Doughnut H.prefab using Guid(c71881a0f38e13148a4da26b4c79c687) Importer(815301076,1909f56bfc062723c751e8b465ee728b)  -> (artifact id: 'ecf7928e8de6a80e513e41a29166ec82') in 0.011157 seconds
Number of updated asset objects reloaded before import = 0
Number of asset objects unloaded after import = 12
========================================================================
Received Import Request.
  Time since last request: 0.000026 seconds.
  path: Assets/Food Pack-Demo/Prefabs with colliders/Udon.prefab
  artifactKey: Guid(43b3ec6962896124fb39cd3592facc75) Importer(815301076,1909f56bfc062723c751e8b465ee728b)
Start importing Assets/Food Pack-Demo/Prefabs with colliders/Udon.prefab using Guid(43b3ec6962896124fb39cd3592facc75) Importer(815301076,1909f56bfc062723c751e8b465ee728b)  -> (artifact id: '29eb4382014d76c3598c40cf0e34ddf9') in 0.015015 seconds
Number of updated asset objects reloaded before import = 0
Number of asset objects unloaded after import = 12
========================================================================
Received Import Request.
  Time since last request: 0.000023 seconds.
  path: Assets/Food Pack-Demo/Prefabs with colliders/Salami A.prefab
  artifactKey: Guid(a1e7126b78c286248b29f182402a3bdf) Importer(815301076,1909f56bfc062723c751e8b465ee728b)
Start importing Assets/Food Pack-Demo/Prefabs with colliders/Salami A.prefab using Guid(a1e7126b78c286248b29f182402a3bdf) Importer(815301076,1909f56bfc062723c751e8b465ee728b)  -> (artifact id: 'eb19e8c9879d92c2e52ca5b65b271fe3') in 0.011752 seconds
Number of updated asset objects reloaded before import = 0
Number of asset objects unloaded after import = 12
========================================================================
Received Import Request.
  Time since last request: 0.000036 seconds.
  path: Assets/Food Pack-Demo/Prefabs with colliders/Chopsticks holder.prefab
  artifactKey: Guid(b7a702b59bf4c1241ba9d99965d58e59) Importer(815301076,1909f56bfc062723c751e8b465ee728b)
Start importing Assets/Food Pack-Demo/Prefabs with colliders/Chopsticks holder.prefab using Guid(b7a702b59bf4c1241ba9d99965d58e59) Importer(815301076,1909f56bfc062723c751e8b465ee728b)  -> (artifact id: '053b46cc6fd6dff543f16bcad963028c') in 0.014651 seconds
Number of updated asset objects reloaded before import = 0
Number of asset objects unloaded after import = 12
========================================================================
Received Import Request.
  Time since last request: 0.000026 seconds.
  path: Assets/Food Pack-Demo/Prefabs with colliders/Salmon fillet.prefab
  artifactKey: Guid(11eb6f1ea5794b24696153fac27229a5) Importer(815301076,1909f56bfc062723c751e8b465ee728b)
Start importing Assets/Food Pack-Demo/Prefabs with colliders/Salmon fillet.prefab using Guid(11eb6f1ea5794b24696153fac27229a5) Importer(815301076,1909f56bfc062723c751e8b465ee728b)  -> (artifact id: '84c2fee22382753585c12026bfa887f8') in 0.013354 seconds
Number of updated asset objects reloaded before import = 0
Number of asset objects unloaded after import = 12
========================================================================
Received Import Request.
  Time since last request: 0.000032 seconds.
  path: Assets/Food Pack-Demo/Prefabs with colliders/Melon half.prefab
  artifactKey: Guid(3635f7404578249429c461fc2d4f1de7) Importer(815301076,1909f56bfc062723c751e8b465ee728b)
Start importing Assets/Food Pack-Demo/Prefabs with colliders/Melon half.prefab using Guid(3635f7404578249429c461fc2d4f1de7) Importer(815301076,1909f56bfc062723c751e8b465ee728b)  -> (artifact id: '271624229e87c2282d1a72d17823ef71') in 0.013447 seconds
Number of updated asset objects reloaded before import = 0
Number of asset objects unloaded after import = 12
========================================================================
Received Import Request.
  Time since last request: 0.000030 seconds.
  path: Assets/Food Pack-Demo/Prefabs with colliders/Cookies.prefab
  artifactKey: Guid(db66b66f761249347b45ef948710e295) Importer(815301076,1909f56bfc062723c751e8b465ee728b)
Start importing Assets/Food Pack-Demo/Prefabs with colliders/Cookies.prefab using Guid(db66b66f761249347b45ef948710e295) Importer(815301076,1909f56bfc062723c751e8b465ee728b)  -> (artifact id: 'd5333d9f9c92fffb78810aa508bb09d5') in 0.013826 seconds
Number of updated asset objects reloaded before import = 0
Number of asset objects unloaded after import = 12
========================================================================
Received Import Request.
  Time since last request: 0.000041 seconds.
  path: Assets/Food Pack-Demo/Prefabs with colliders/Unagi.prefab
  artifactKey: Guid(b2744511d94e11548aa4532f38d2400e) Importer(815301076,1909f56bfc062723c751e8b465ee728b)
Start importing Assets/Food Pack-Demo/Prefabs with colliders/Unagi.prefab using Guid(b2744511d94e11548aa4532f38d2400e) Importer(815301076,1909f56bfc062723c751e8b465ee728b)  -> (artifact id: '78ff162e30784f146be052ad6ab68e26') in 0.018425 seconds
Number of updated asset objects reloaded before import = 0
Number of asset objects unloaded after import = 12
========================================================================
Received Import Request.
  Time since last request: 0.000043 seconds.
  path: Assets/Food Pack-Demo/Prefabs with colliders/Salami slice A.prefab
  artifactKey: Guid(6aa9cdf512cf59e4b8269b03089938fe) Importer(815301076,1909f56bfc062723c751e8b465ee728b)
Start importing Assets/Food Pack-Demo/Prefabs with colliders/Salami slice A.prefab using Guid(6aa9cdf512cf59e4b8269b03089938fe) Importer(815301076,1909f56bfc062723c751e8b465ee728b)  -> (artifact id: 'b35be2e4938e31687f6c9ccd56e4dd09') in 0.016207 seconds
Number of updated asset objects reloaded before import = 0
Number of asset objects unloaded after import = 12
========================================================================
Received Import Request.
  Time since last request: 0.000023 seconds.
  path: Assets/Food Pack-Demo/Prefabs with colliders/Ketchup Plastic Bottle.prefab
  artifactKey: Guid(87e935960d5767f4280217dcb6959c85) Importer(815301076,1909f56bfc062723c751e8b465ee728b)
Start importing Assets/Food Pack-Demo/Prefabs with colliders/Ketchup Plastic Bottle.prefab using Guid(87e935960d5767f4280217dcb6959c85) Importer(815301076,1909f56bfc062723c751e8b465ee728b)  -> (artifact id: '784dd7127a6a761d4bbc8e94e26f969f') in 0.017539 seconds
Number of updated asset objects reloaded before import = 0
Number of asset objects unloaded after import = 12
========================================================================
Received Import Request.
  Time since last request: 0.000030 seconds.
  path: Assets/Food Pack-Demo/Prefabs with colliders/Swirl lollipop C.prefab
  artifactKey: Guid(3c92cb637d80f0b47af726bf15087820) Importer(815301076,1909f56bfc062723c751e8b465ee728b)
Start importing Assets/Food Pack-Demo/Prefabs with colliders/Swirl lollipop C.prefab using Guid(3c92cb637d80f0b47af726bf15087820) Importer(815301076,1909f56bfc062723c751e8b465ee728b)  -> (artifact id: '637a1502f57d95b76724fb1e10d80a5c') in 0.018588 seconds
Number of updated asset objects reloaded before import = 0
Number of asset objects unloaded after import = 12
========================================================================
Received Import Request.
  Time since last request: 0.000033 seconds.
  path: Assets/Food Pack-Demo/Prefabs with colliders/Sake cup C.prefab
  artifactKey: Guid(c01a49f6154dbae4487145f0010c4c64) Importer(815301076,1909f56bfc062723c751e8b465ee728b)
Start importing Assets/Food Pack-Demo/Prefabs with colliders/Sake cup C.prefab using Guid(c01a49f6154dbae4487145f0010c4c64) Importer(815301076,1909f56bfc062723c751e8b465ee728b)  -> (artifact id: 'e9c3b9e806f597b8987d4d7049826731') in 0.017728 seconds
Number of updated asset objects reloaded before import = 0
Number of asset objects unloaded after import = 12
========================================================================
Received Import Request.
  Time since last request: 0.000038 seconds.
  path: Assets/Food Pack-Demo/Prefabs with colliders/Candy Cane B.prefab
  artifactKey: Guid(23888bbdf5dd6464484321651b159ffe) Importer(815301076,1909f56bfc062723c751e8b465ee728b)
Start importing Assets/Food Pack-Demo/Prefabs with colliders/Candy Cane B.prefab using Guid(23888bbdf5dd6464484321651b159ffe) Importer(815301076,1909f56bfc062723c751e8b465ee728b)  -> (artifact id: '48780efe1e8ff8acba45718394ebedf3') in 0.013759 seconds
Number of updated asset objects reloaded before import = 0
Number of asset objects unloaded after import = 14
========================================================================
Received Import Request.
  Time since last request: 0.000022 seconds.
  path: Assets/Food Pack-Demo/Prefabs with colliders/Pizza Margarita Slice.prefab
  artifactKey: Guid(65aae641301cf1648838c3a581715932) Importer(815301076,1909f56bfc062723c751e8b465ee728b)
Start importing Assets/Food Pack-Demo/Prefabs with colliders/Pizza Margarita Slice.prefab using Guid(65aae641301cf1648838c3a581715932) Importer(815301076,1909f56bfc062723c751e8b465ee728b)  -> (artifact id: 'f89f29c974c43e0544875982de7cbbae') in 0.020898 seconds
Number of updated asset objects reloaded before import = 0
Number of asset objects unloaded after import = 12
========================================================================
Received Import Request.
  Time since last request: 0.000056 seconds.
  path: Assets/Food Pack-Demo/Prefabs with colliders/Bundt Cake Piece.prefab
  artifactKey: Guid(9211927fa2d79ef42b8421dfe1d3f621) Importer(815301076,1909f56bfc062723c751e8b465ee728b)
Start importing Assets/Food Pack-Demo/Prefabs with colliders/Bundt Cake Piece.prefab using Guid(9211927fa2d79ef42b8421dfe1d3f621) Importer(815301076,1909f56bfc062723c751e8b465ee728b)  -> (artifact id: '1dc5167fdaffb4a476fabff9f8d112a5') in 0.019391 seconds
Number of updated asset objects reloaded before import = 0
Number of asset objects unloaded after import = 12
========================================================================
Received Import Request.
  Time since last request: 0.000034 seconds.
  path: Assets/Food Pack-Demo/Prefabs with colliders/Curry plate.prefab
  artifactKey: Guid(98e647c1a01cac94db008f167a23131e) Importer(815301076,1909f56bfc062723c751e8b465ee728b)
Start importing Assets/Food Pack-Demo/Prefabs with colliders/Curry plate.prefab using Guid(98e647c1a01cac94db008f167a23131e) Importer(815301076,1909f56bfc062723c751e8b465ee728b)  -> (artifact id: 'da89c74daf1fabecf37680e0d0a00e53') in 0.023841 seconds
Number of updated asset objects reloaded before import = 0
Number of asset objects unloaded after import = 12
========================================================================
Received Import Request.
  Time since last request: 0.000034 seconds.
  path: Assets/Food Pack-Demo/Prefabs with colliders/Wasabi.prefab
  artifactKey: Guid(a92c2a59ab330134e97d25fa300c4155) Importer(815301076,1909f56bfc062723c751e8b465ee728b)
Start importing Assets/Food Pack-Demo/Prefabs with colliders/Wasabi.prefab using Guid(a92c2a59ab330134e97d25fa300c4155) Importer(815301076,1909f56bfc062723c751e8b465ee728b)  -> (artifact id: '24479a704a8dd1e3aabe034ad2b3955e') in 0.019688 seconds
Number of updated asset objects reloaded before import = 0
Number of asset objects unloaded after import = 12
========================================================================
Received Import Request.
  Time since last request: 0.000032 seconds.
  path: Assets/Food Pack-Demo/Prefabs with colliders/Skewer C.prefab
  artifactKey: Guid(672aa356508ea23438438bf7b1c75eea) Importer(815301076,1909f56bfc062723c751e8b465ee728b)
Start importing Assets/Food Pack-Demo/Prefabs with colliders/Skewer C.prefab using Guid(672aa356508ea23438438bf7b1c75eea) Importer(815301076,1909f56bfc062723c751e8b465ee728b)  -> (artifact id: '858214b52e7c42e5f8e12b1c2bb1701a') in 0.017231 seconds
Number of updated asset objects reloaded before import = 0
Number of asset objects unloaded after import = 12
========================================================================
Received Import Request.
  Time since last request: 0.000034 seconds.
  path: Assets/Food Pack-Demo/Prefabs with colliders/Peach half no seed.prefab
  artifactKey: Guid(d8eb39772ee6d6d43a3dee182092b3b9) Importer(815301076,1909f56bfc062723c751e8b465ee728b)
Start importing Assets/Food Pack-Demo/Prefabs with colliders/Peach half no seed.prefab using Guid(d8eb39772ee6d6d43a3dee182092b3b9) Importer(815301076,1909f56bfc062723c751e8b465ee728b)  -> (artifact id: '2c90ac664cbc638660e77f3d1c53a4f3') in 0.014271 seconds
Number of updated asset objects reloaded before import = 0
Number of asset objects unloaded after import = 12
Editor requested this worker to shutdown with reason: Scaling down because of idle timeout
TcpMessagingSession - receive error: operation aborted. errorcode: 995, details: La operación de E/S se anuló por una salida de subproceso o por una solicitud de aplicación.
AssetImportWorker is now disconnected from the server
Process exiting
Exiting without the bug reporter. Application will terminate with return code 0