Using pre-set license
Built from '2022.3/staging' branch; Version is '2022.3.29f1 (8d510ca76d2b) revision 9261324'; Using compiler version '192829333'; Build Type 'Release'
OS: 'Windows 11  (10.0.22631) 64bit Professional' Language: 'es' Physical Memory: 15743 MB
BatchMode: 1, IsHumanControllingUs: 0, StartBugReporterOnCrash: 0, Is64bit: 1, IsPro: 1

COMMAND LINE ARGUMENTS:
C:\Program Files\Unity\Hub\Editor\2022.3.29f1\Editor\Unity.exe
-adb2
-batchMode
-noUpm
-name
AssetImportWorker1
-projectPath
C:/Users/Usuario/Crazy kitchen
-logFile
Logs/AssetImportWorker1.log
-srvPort
50664
Successfully changed project path to: C:/Users/Usuario/Crazy kitchen
C:/Users/Usuario/Crazy kitchen
[UnityMemory] Configuration Parameters - Can be set up in boot.config
    "memorysetup-bucket-allocator-granularity=16"
    "memorysetup-bucket-allocator-bucket-count=8"
    "memorysetup-bucket-allocator-block-size=33554432"
    "memorysetup-bucket-allocator-block-count=8"
    "memorysetup-main-allocator-block-size=16777216"
    "memorysetup-thread-allocator-block-size=16777216"
    "memorysetup-gfx-main-allocator-block-size=16777216"
    "memorysetup-gfx-thread-allocator-block-size=16777216"
    "memorysetup-cache-allocator-block-size=4194304"
    "memorysetup-typetree-allocator-block-size=2097152"
    "memorysetup-profiler-bucket-allocator-granularity=16"
    "memorysetup-profiler-bucket-allocator-bucket-count=8"
    "memorysetup-profiler-bucket-allocator-block-size=33554432"
    "memorysetup-profiler-bucket-allocator-block-count=8"
    "memorysetup-profiler-allocator-block-size=16777216"
    "memorysetup-profiler-editor-allocator-block-size=1048576"
    "memorysetup-temp-allocator-size-main=16777216"
    "memorysetup-job-temp-allocator-block-size=2097152"
    "memorysetup-job-temp-allocator-block-size-background=1048576"
    "memorysetup-job-temp-allocator-reduction-small-platforms=262144"
    "memorysetup-allocator-temp-initial-block-size-main=262144"
    "memorysetup-allocator-temp-initial-block-size-worker=262144"
    "memorysetup-temp-allocator-size-background-worker=32768"
    "memorysetup-temp-allocator-size-job-worker=262144"
    "memorysetup-temp-allocator-size-preload-manager=33554432"
    "memorysetup-temp-allocator-size-nav-mesh-worker=65536"
    "memorysetup-temp-allocator-size-audio-worker=65536"
    "memorysetup-temp-allocator-size-cloud-worker=32768"
    "memorysetup-temp-allocator-size-gi-baking-worker=262144"
    "memorysetup-temp-allocator-size-gfx=262144"
Player connection [3840] Host "[IP] 192.168.1.7 [Port] 0 [Flags] 2 [Guid] 1219352726 [EditorId] 1219352726 [Version] 1048832 [Id] WindowsEditor(7,DESKTOP-NV7RIE9) [Debug] 1 [PackageName] WindowsEditor [ProjectName] Editor" joined multi-casting on [225.0.0.222:54997]...

Player connection [3840] Host "[IP] 192.168.1.7 [Port] 0 [Flags] 2 [Guid] 1219352726 [EditorId] 1219352726 [Version] 1048832 [Id] WindowsEditor(7,DESKTOP-NV7RIE9) [Debug] 1 [PackageName] WindowsEditor [ProjectName] Editor" joined alternative multi-casting on [225.0.0.222:34997]...

[Physics::Module] Initialized MultithreadedJobDispatcher with 15 workers.
Refreshing native plugins compatible for Editor in 10.39 ms, found 4 plugins.
Preloading 0 native plugins for Editor in 0.00 ms.
Initialize engine version: 2022.3.29f1 (8d510ca76d2b)
[Subsystems] Discovering subsystems at path C:/Program Files/Unity/Hub/Editor/2022.3.29f1/Editor/Data/Resources/UnitySubsystems
[Subsystems] Discovering subsystems at path C:/Users/Usuario/Crazy kitchen/Assets
GfxDevice: creating device client; threaded=0; jobified=0
Direct3D:
    Version:  Direct3D 11.0 [level 11.1]
    Renderer: NVIDIA GeForce RTX 4060 (ID=0x2882)
    Vendor:   NVIDIA
    VRAM:     7957 MB
    Driver:   32.0.15.6094
Initialize mono
Mono path[0] = 'C:/Program Files/Unity/Hub/Editor/2022.3.29f1/Editor/Data/Managed'
Mono path[1] = 'C:/Program Files/Unity/Hub/Editor/2022.3.29f1/Editor/Data/MonoBleedingEdge/lib/mono/unityjit-win32'
Mono config path = 'C:/Program Files/Unity/Hub/Editor/2022.3.29f1/Editor/Data/MonoBleedingEdge/etc'
Using monoOptions --debugger-agent=transport=dt_socket,embedding=1,server=y,suspend=n,address=127.0.0.1:56804
Begin MonoManager ReloadAssembly
Registering precompiled unity dll's ...
Register platform support module: C:/Program Files/Unity/Hub/Editor/2022.3.29f1/Editor/Data/PlaybackEngines/WindowsStandaloneSupport/UnityEditor.WindowsStandalone.Extensions.dll
Registered in 0.008210 seconds.
- Loaded All Assemblies, in  0.368 seconds
Native extension for WindowsStandalone target not found
Mono: successfully reloaded assembly
- Finished resetting the current domain, in  0.265 seconds
Domain Reload Profiling: 631ms
	BeginReloadAssembly (140ms)
		ExecutionOrderSort (0ms)
		DisableScriptedObjects (0ms)
		BackupInstance (0ms)
		ReleaseScriptingObjects (0ms)
		CreateAndSetChildDomain (1ms)
	RebuildCommonClasses (27ms)
	RebuildNativeTypeToScriptingClass (10ms)
	initialDomainReloadingComplete (58ms)
	LoadAllAssembliesAndSetupDomain (130ms)
		LoadAssemblies (138ms)
		RebuildTransferFunctionScriptingTraits (0ms)
		AnalyzeDomain (128ms)
			TypeCache.Refresh (126ms)
				TypeCache.ScanAssembly (114ms)
			ScanForSourceGeneratedMonoScriptInfo (0ms)
			ResolveRequiredComponents (0ms)
	FinalizeReload (265ms)
		ReleaseScriptCaches (0ms)
		RebuildScriptCaches (0ms)
		SetupLoadedEditorAssemblies (206ms)
			LogAssemblyErrors (0ms)
			InitializePlatformSupportModulesInManaged (7ms)
			SetLoadedEditorAssemblies (7ms)
			RefreshPlugins (0ms)
			BeforeProcessingInitializeOnLoad (2ms)
			ProcessInitializeOnLoadAttributes (145ms)
			ProcessInitializeOnLoadMethodAttributes (44ms)
			AfterProcessingInitializeOnLoad (0ms)
			EditorAssembliesLoaded (0ms)
		ExecutionOrderSort2 (0ms)
		AwakeInstancesAfterBackupRestoration (0ms)
========================================================================
Worker process is ready to serve import requests
Begin MonoManager ReloadAssembly
- Loaded All Assemblies, in  0.821 seconds
Refreshing native plugins compatible for Editor in 4.50 ms, found 4 plugins.
Native extension for WindowsStandalone target not found
Package Manager log level set to [2]
[Package Manager] Server::EnsureServerProcessIsRunning -- launch failed, reason: Unity was launched with the -noUpm command-line argument
[Package Manager] UpmClient::Send -- Unable to send message (not connected to UPM process).
[Package Manager] Cannot connect to Unity Package Manager local server
Mono: successfully reloaded assembly
- Finished resetting the current domain, in  0.663 seconds
Domain Reload Profiling: 1481ms
	BeginReloadAssembly (187ms)
		ExecutionOrderSort (0ms)
		DisableScriptedObjects (6ms)
		BackupInstance (0ms)
		ReleaseScriptingObjects (0ms)
		CreateAndSetChildDomain (30ms)
	RebuildCommonClasses (36ms)
	RebuildNativeTypeToScriptingClass (10ms)
	initialDomainReloadingComplete (49ms)
	LoadAllAssembliesAndSetupDomain (536ms)
		LoadAssemblies (477ms)
		RebuildTransferFunctionScriptingTraits (0ms)
		AnalyzeDomain (178ms)
			TypeCache.Refresh (155ms)
				TypeCache.ScanAssembly (136ms)
			ScanForSourceGeneratedMonoScriptInfo (17ms)
			ResolveRequiredComponents (4ms)
	FinalizeReload (663ms)
		ReleaseScriptCaches (0ms)
		RebuildScriptCaches (0ms)
		SetupLoadedEditorAssemblies (483ms)
			LogAssemblyErrors (0ms)
			InitializePlatformSupportModulesInManaged (6ms)
			SetLoadedEditorAssemblies (4ms)
			RefreshPlugins (0ms)
			BeforeProcessingInitializeOnLoad (65ms)
			ProcessInitializeOnLoadAttributes (382ms)
			ProcessInitializeOnLoadMethodAttributes (19ms)
			AfterProcessingInitializeOnLoad (6ms)
			EditorAssembliesLoaded (0ms)
		ExecutionOrderSort2 (0ms)
		AwakeInstancesAfterBackupRestoration (5ms)
Launched and connected shader compiler UnityShaderCompiler.exe after 0.05 seconds
Refreshing native plugins compatible for Editor in 7.00 ms, found 4 plugins.
Preloading 0 native plugins for Editor in 0.00 ms.
Unloading 3744 Unused Serialized files (Serialized files now loaded: 0)
Unloading 43 unused Assets / (59.7 KB). Loaded Objects now: 4203.
Memory consumption went from 132.7 MB to 132.7 MB.
Total: 3.760600 ms (FindLiveObjects: 0.374800 ms CreateObjectMapping: 0.114600 ms MarkObjects: 3.099100 ms  DeleteObjects: 0.170900 ms)

AssetImportParameters requested are different than current active one (requested -> active):
  custom:container-demuxer-ogg: 62fdf1f143b41e24485cea50d1cbac27 -> 
  custom:video-codec-MediaFoundation-h265: 746d11721c4dcdbdad8f713fa42b33f4 -> 
  custom:video-decoder-ogg-theora: a1e56fd34408186e4bbccfd4996cb3dc -> 
  custom:framework-win-MediaFoundation: 216162199b28c13a410421893ffa2e32 -> 
  custom:CustomObjectIndexerAttribute: 9a22284fe3817be447336de3de66b15e -> 
  custom:container-demuxer-webm: 4f35f7cbe854078d1ac9338744f61a02 -> 
  custom:container-muxer-webm: aa71ff27fc2769a1b78a27578f13a17b -> 
  custom:video-decoder-webm-vp8: 9c59270c3fd7afecdb556c50c9e8de78 -> 
  custom:SearchIndexIgnoredProperties: e643bd26f0fe6173181afceb89e7c659 -> 
  custom:AudioImporter_EditorPlatform: d09bf68614088b80899f8185d706f6e7 -> 
  custom:video-encoder-webm-vp8: eb34c28f22e8b96e1ab97ce403110664 -> 
  custom:audio-decoder-ogg-vorbis: bf7c407c2cedff20999df2af8eb42d56 -> 
  custom:audio-encoder-webm-vorbis: bf7c407c2cedff20999df2af8eb42d56 -> 
========================================================================
Received Import Request.
  Time since last request: 5018.333841 seconds.
  path: Assets/GASTRO_Sushi_Food_Pack_FREE/Prefabs/Sushi_Long_Nori_004.prefab
  artifactKey: Guid(522da606bfffa5e4fac901bc5a651200) Importer(2089858483,0ecaa5967403d082aa24f35e1b516d23)
Start importing Assets/GASTRO_Sushi_Food_Pack_FREE/Prefabs/Sushi_Long_Nori_004.prefab using Guid(522da606bfffa5e4fac901bc5a651200) Importer(2089858483,0ecaa5967403d082aa24f35e1b516d23)  -> (artifact id: 'a9aa4ee1556d15e8c2f9181277ac9638') in 0.116268 seconds
Number of updated asset objects reloaded before import = 0
Number of asset objects unloaded after import = 13
========================================================================
Received Import Request.
  Time since last request: 0.000027 seconds.
  path: Assets/GASTRO_Sushi_Food_Pack_FREE/Prefabs/Sushi_Small_Nori_001.prefab
  artifactKey: Guid(80f693f31507eb34489f7bbc3ecabf87) Importer(2089858483,0ecaa5967403d082aa24f35e1b516d23)
Start importing Assets/GASTRO_Sushi_Food_Pack_FREE/Prefabs/Sushi_Small_Nori_001.prefab using Guid(80f693f31507eb34489f7bbc3ecabf87) Importer(2089858483,0ecaa5967403d082aa24f35e1b516d23)  -> (artifact id: '81b3601a56a822abb30a931e576d7f8d') in 0.025878 seconds
Number of updated asset objects reloaded before import = 0
Number of asset objects unloaded after import = 13
========================================================================
Received Import Request.
  Time since last request: 0.000024 seconds.
  path: Assets/FBX 2013
  artifactKey: Guid(9453614741dc87341b69b19d0fa2f419) Importer(2089858483,0ecaa5967403d082aa24f35e1b516d23)
Start importing Assets/FBX 2013 using Guid(9453614741dc87341b69b19d0fa2f419) Importer(2089858483,0ecaa5967403d082aa24f35e1b516d23)  -> (artifact id: '372e69aa55fc92b20a1a886c1aeb2e9e') in 0.010631 seconds
Number of updated asset objects reloaded before import = 0
Number of asset objects unloaded after import = 1
========================================================================
Received Import Request.
  Time since last request: 0.000024 seconds.
  path: Assets/GASTRO_Sushi_Food_Pack_FREE/Prefabs/Salmon_Cut_005.prefab
  artifactKey: Guid(6dfa186c65d70d44e84cf35ebd4b906d) Importer(2089858483,0ecaa5967403d082aa24f35e1b516d23)
Start importing Assets/GASTRO_Sushi_Food_Pack_FREE/Prefabs/Salmon_Cut_005.prefab using Guid(6dfa186c65d70d44e84cf35ebd4b906d) Importer(2089858483,0ecaa5967403d082aa24f35e1b516d23)  -> (artifact id: '540af7a7b37077537bb0101d56e500c6') in 0.023609 seconds
Number of updated asset objects reloaded before import = 0
Number of asset objects unloaded after import = 13
========================================================================
Received Import Request.
  Time since last request: 0.000019 seconds.
  path: Assets/GASTRO_Sushi_Food_Pack_FREE/Prefabs/Sushi_Small_Salmon_002.prefab
  artifactKey: Guid(65b49d6c82af59f4cba9a2690cc3c681) Importer(2089858483,0ecaa5967403d082aa24f35e1b516d23)
Start importing Assets/GASTRO_Sushi_Food_Pack_FREE/Prefabs/Sushi_Small_Salmon_002.prefab using Guid(65b49d6c82af59f4cba9a2690cc3c681) Importer(2089858483,0ecaa5967403d082aa24f35e1b516d23)  -> (artifact id: 'e40083ac0861d6ac758ba8135eb3a529') in 0.023787 seconds
Number of updated asset objects reloaded before import = 0
Number of asset objects unloaded after import = 13
========================================================================
Received Import Request.
  Time since last request: 0.000018 seconds.
  path: Assets/GASTRO_Sushi_Food_Pack_FREE/Prefabs/Box_Cardboard_Small_002.prefab
  artifactKey: Guid(6fa395dceb601ff44aa5e9a02548f809) Importer(2089858483,0ecaa5967403d082aa24f35e1b516d23)
Start importing Assets/GASTRO_Sushi_Food_Pack_FREE/Prefabs/Box_Cardboard_Small_002.prefab using Guid(6fa395dceb601ff44aa5e9a02548f809) Importer(2089858483,0ecaa5967403d082aa24f35e1b516d23)  -> (artifact id: '7a382e1b26c521c93beef06f01cb203b') in 0.022866 seconds
Number of updated asset objects reloaded before import = 0
Number of asset objects unloaded after import = 13
========================================================================
Received Import Request.
  Time since last request: 0.000018 seconds.
  path: Assets/GASTRO_Sushi_Food_Pack_FREE/Prefabs/Sushi_Small_Salmon_007.prefab
  artifactKey: Guid(643eda14df7cd8745abeaf58554e29df) Importer(2089858483,0ecaa5967403d082aa24f35e1b516d23)
Start importing Assets/GASTRO_Sushi_Food_Pack_FREE/Prefabs/Sushi_Small_Salmon_007.prefab using Guid(643eda14df7cd8745abeaf58554e29df) Importer(2089858483,0ecaa5967403d082aa24f35e1b516d23)  -> (artifact id: 'b2edda6b4fcbeeea97ac8c92dd552d9f') in 0.023423 seconds
Number of updated asset objects reloaded before import = 0
Number of asset objects unloaded after import = 13
========================================================================
Received Import Request.
  Time since last request: 0.000020 seconds.
  path: Assets/GASTRO_Sushi_Food_Pack_FREE/Meshes/Box_Cardboard_Small_001.fbx
  artifactKey: Guid(b1c054c3d10327e4eb48867b9761dfc2) Importer(2089858483,0ecaa5967403d082aa24f35e1b516d23)
Start importing Assets/GASTRO_Sushi_Food_Pack_FREE/Meshes/Box_Cardboard_Small_001.fbx using Guid(b1c054c3d10327e4eb48867b9761dfc2) Importer(2089858483,0ecaa5967403d082aa24f35e1b516d23)  -> (artifact id: '1c091e144165950b92e24fef779fb1dd') in 0.051745 seconds
Number of updated asset objects reloaded before import = 0
Number of asset objects unloaded after import = 8
========================================================================
Received Import Request.
  Time since last request: 0.000017 seconds.
  path: Assets/GASTRO_Sushi_Food_Pack_FREE/Prefabs/Nigiri_Tuna_001.prefab
  artifactKey: Guid(4e4ef37a74104ad46886de1a914d32ed) Importer(2089858483,0ecaa5967403d082aa24f35e1b516d23)
Start importing Assets/GASTRO_Sushi_Food_Pack_FREE/Prefabs/Nigiri_Tuna_001.prefab using Guid(4e4ef37a74104ad46886de1a914d32ed) Importer(2089858483,0ecaa5967403d082aa24f35e1b516d23)  -> (artifact id: 'f35083c097fde7de9f6deb92edec36a9') in 0.025999 seconds
Number of updated asset objects reloaded before import = 0
Number of asset objects unloaded after import = 13
========================================================================
Received Import Request.
  Time since last request: 0.000023 seconds.
  path: Assets/GASTRO_Sushi_Food_Pack_FREE/Meshes/Box_Plastic_White_Small_002.fbx
  artifactKey: Guid(fbb2fca8a8de5954a9f52a73711930ef) Importer(2089858483,0ecaa5967403d082aa24f35e1b516d23)
Start importing Assets/GASTRO_Sushi_Food_Pack_FREE/Meshes/Box_Plastic_White_Small_002.fbx using Guid(fbb2fca8a8de5954a9f52a73711930ef) Importer(2089858483,0ecaa5967403d082aa24f35e1b516d23)  -> (artifact id: '10bd4384ef6e2f873de84bcecbe99359') in 0.025760 seconds
Number of updated asset objects reloaded before import = 0
Number of asset objects unloaded after import = 8
========================================================================
Received Import Request.
  Time since last request: 0.000037 seconds.
  path: Assets/Character/Player@Walking.fbx
  artifactKey: Guid(ec9cd089a4c15d2489e95149f3f1a460) Importer(2089858483,0ecaa5967403d082aa24f35e1b516d23)
Start importing Assets/Character/Player@Walking.fbx using Guid(ec9cd089a4c15d2489e95149f3f1a460) Importer(2089858483,0ecaa5967403d082aa24f35e1b516d23)  -> (artifact id: '9475dd81355c79bec3d1c3124dc0dfce') in 0.028244 seconds
Number of updated asset objects reloaded before import = 0
Number of asset objects unloaded after import = 125
========================================================================
Received Import Request.
  Time since last request: 0.000018 seconds.
  path: Assets/GASTRO_Sushi_Food_Pack_FREE/Prefabs/Sushi_Small_Narrow_Tuna_Fat_001.prefab
  artifactKey: Guid(71f7f7205610ca748afe0434d3abaca4) Importer(2089858483,0ecaa5967403d082aa24f35e1b516d23)
Start importing Assets/GASTRO_Sushi_Food_Pack_FREE/Prefabs/Sushi_Small_Narrow_Tuna_Fat_001.prefab using Guid(71f7f7205610ca748afe0434d3abaca4) Importer(2089858483,0ecaa5967403d082aa24f35e1b516d23)  -> (artifact id: '3df78fa25452ca196fa03a7638eb0c24') in 0.026978 seconds
Number of updated asset objects reloaded before import = 0
Number of asset objects unloaded after import = 13
========================================================================
Received Import Request.
  Time since last request: 0.000018 seconds.
  path: Assets/GASTRO_Sushi_Food_Pack_FREE/Prefabs/Salmon_Cut_001.prefab
  artifactKey: Guid(6f670fe98c3e86141a0d47dc985ccc74) Importer(2089858483,0ecaa5967403d082aa24f35e1b516d23)
Start importing Assets/GASTRO_Sushi_Food_Pack_FREE/Prefabs/Salmon_Cut_001.prefab using Guid(6f670fe98c3e86141a0d47dc985ccc74) Importer(2089858483,0ecaa5967403d082aa24f35e1b516d23)  -> (artifact id: '2d6ef3035a85ab0f5fe34de417b2c7a2') in 0.018480 seconds
Number of updated asset objects reloaded before import = 0
Number of asset objects unloaded after import = 13
========================================================================
Received Import Request.
  Time since last request: 0.000020 seconds.
  path: Assets/GASTRO_Sushi_Food_Pack_FREE/Meshes/Sushi_Small_Salmon_002.fbx
  artifactKey: Guid(cb4a52ff78ecaf44b871a114ac1cc4ef) Importer(2089858483,0ecaa5967403d082aa24f35e1b516d23)
Start importing Assets/GASTRO_Sushi_Food_Pack_FREE/Meshes/Sushi_Small_Salmon_002.fbx using Guid(cb4a52ff78ecaf44b871a114ac1cc4ef) Importer(2089858483,0ecaa5967403d082aa24f35e1b516d23)  -> (artifact id: 'c2bf7a3a8be8d1f54621c9ae597c740a') in 0.016644 seconds
Number of updated asset objects reloaded before import = 0
Number of asset objects unloaded after import = 8
========================================================================
Received Import Request.
  Time since last request: 0.000027 seconds.
  path: Assets/GASTRO_Sushi_Food_Pack_FREE/Prefabs/Tray_Wood_Dark_Medium_002.prefab
  artifactKey: Guid(9336b3c4466de4846abfd3c9096b02a4) Importer(2089858483,0ecaa5967403d082aa24f35e1b516d23)
Start importing Assets/GASTRO_Sushi_Food_Pack_FREE/Prefabs/Tray_Wood_Dark_Medium_002.prefab using Guid(9336b3c4466de4846abfd3c9096b02a4) Importer(2089858483,0ecaa5967403d082aa24f35e1b516d23)  -> (artifact id: '077c5bf64a0c2de6ceb65e7d9184659b') in 0.017763 seconds
Number of updated asset objects reloaded before import = 0
Number of asset objects unloaded after import = 13
========================================================================
Received Import Request.
  Time since last request: 0.000017 seconds.
  path: Assets/GASTRO_Sushi_Food_Pack_FREE/Prefabs/Sushi_Small_Nori_002.prefab
  artifactKey: Guid(9e2dae4be4b61954694301693fe66cf2) Importer(2089858483,0ecaa5967403d082aa24f35e1b516d23)
Start importing Assets/GASTRO_Sushi_Food_Pack_FREE/Prefabs/Sushi_Small_Nori_002.prefab using Guid(9e2dae4be4b61954694301693fe66cf2) Importer(2089858483,0ecaa5967403d082aa24f35e1b516d23)  -> (artifact id: '3a81ddce25d15841c28ab8f31a90631c') in 0.014801 seconds
Number of updated asset objects reloaded before import = 0
Number of asset objects unloaded after import = 13
========================================================================
Received Import Request.
  Time since last request: 0.000021 seconds.
  path: Assets/GASTRO_Sushi_Food_Pack_FREE/Scenes
  artifactKey: Guid(e965c55a361e0dd418d3f8cbcc7ebb74) Importer(2089858483,0ecaa5967403d082aa24f35e1b516d23)
Start importing Assets/GASTRO_Sushi_Food_Pack_FREE/Scenes using Guid(e965c55a361e0dd418d3f8cbcc7ebb74) Importer(2089858483,0ecaa5967403d082aa24f35e1b516d23)  -> (artifact id: 'df9e83ae541f6e8310d6143f85eb7b22') in 0.007822 seconds
Number of updated asset objects reloaded before import = 0
Number of asset objects unloaded after import = 1
========================================================================
Received Import Request.
  Time since last request: 0.000036 seconds.
  path: Assets/GASTRO_Sushi_Food_Pack_FREE/Meshes/Box_Cardboard_Small_002.fbx
  artifactKey: Guid(e5aa701067418654484dbfe06ede837c) Importer(2089858483,0ecaa5967403d082aa24f35e1b516d23)
Start importing Assets/GASTRO_Sushi_Food_Pack_FREE/Meshes/Box_Cardboard_Small_002.fbx using Guid(e5aa701067418654484dbfe06ede837c) Importer(2089858483,0ecaa5967403d082aa24f35e1b516d23)  -> (artifact id: '298f0bd12cd6f794066214851786fea9') in 0.018252 seconds
Number of updated asset objects reloaded before import = 0
Number of asset objects unloaded after import = 8
========================================================================
Received Import Request.
  Time since last request: 0.000018 seconds.
  path: Assets/Character/Player@Breathing Idle.fbx
  artifactKey: Guid(3cfc57a8aee08fd4fae85e7f7732ede6) Importer(2089858483,0ecaa5967403d082aa24f35e1b516d23)
Start importing Assets/Character/Player@Breathing Idle.fbx using Guid(3cfc57a8aee08fd4fae85e7f7732ede6) Importer(2089858483,0ecaa5967403d082aa24f35e1b516d23)  -> (artifact id: '860c10b3309ed23fdc41deb47f019932') in 0.024610 seconds
Number of updated asset objects reloaded before import = 0
Number of asset objects unloaded after import = 125
========================================================================
Received Import Request.
  Time since last request: 0.000023 seconds.
  path: Assets/GASTRO_Sushi_Food_Pack_FREE/Scenes/Overview.unity
  artifactKey: Guid(eb253274bafcb134c942cd8b49db9214) Importer(2089858483,0ecaa5967403d082aa24f35e1b516d23)
Start importing Assets/GASTRO_Sushi_Food_Pack_FREE/Scenes/Overview.unity using Guid(eb253274bafcb134c942cd8b49db9214) Importer(2089858483,0ecaa5967403d082aa24f35e1b516d23)  -> (artifact id: '7416f29b3a7076cbfd6a69e7b282d401') in 0.009447 seconds
Number of updated asset objects reloaded before import = 0
Number of asset objects unloaded after import = 1
========================================================================
Received Import Request.
  Time since last request: 320.049092 seconds.
  path: Assets/New Material.mat
  artifactKey: Guid(901f017c7a008e944b572621d1babb12) Importer(2089858483,0ecaa5967403d082aa24f35e1b516d23)
Start importing Assets/New Material.mat using Guid(901f017c7a008e944b572621d1babb12) Importer(2089858483,0ecaa5967403d082aa24f35e1b516d23)  -> (artifact id: '1c6a50934478dd6537ba6ec9ff4d347e') in 0.011945 seconds
Number of updated asset objects reloaded before import = 0
Number of asset objects unloaded after import = 1
========================================================================
Received Prepare
Begin MonoManager ReloadAssembly
- Loaded All Assemblies, in  0.419 seconds
Refreshing native plugins compatible for Editor in 4.80 ms, found 4 plugins.
Native extension for WindowsStandalone target not found
[Package Manager] Server::EnsureServerProcessIsRunning -- launch failed, reason: Unity was launched with the -noUpm command-line argument
[Package Manager] UpmClient::Send -- Unable to send message (not connected to UPM process).
[Package Manager] Cannot connect to Unity Package Manager local server
Mono: successfully reloaded assembly
- Finished resetting the current domain, in  0.983 seconds
Domain Reload Profiling: 1399ms
	BeginReloadAssembly (144ms)
		ExecutionOrderSort (0ms)
		DisableScriptedObjects (5ms)
		BackupInstance (0ms)
		ReleaseScriptingObjects (0ms)
		CreateAndSetChildDomain (36ms)
	RebuildCommonClasses (25ms)
	RebuildNativeTypeToScriptingClass (8ms)
	initialDomainReloadingComplete (28ms)
	LoadAllAssembliesAndSetupDomain (211ms)
		LoadAssemblies (274ms)
		RebuildTransferFunctionScriptingTraits (0ms)
		AnalyzeDomain (12ms)
			TypeCache.Refresh (6ms)
				TypeCache.ScanAssembly (0ms)
			ScanForSourceGeneratedMonoScriptInfo (0ms)
			ResolveRequiredComponents (4ms)
	FinalizeReload (983ms)
		ReleaseScriptCaches (0ms)
		RebuildScriptCaches (0ms)
		SetupLoadedEditorAssemblies (469ms)
			LogAssemblyErrors (0ms)
			InitializePlatformSupportModulesInManaged (6ms)
			SetLoadedEditorAssemblies (3ms)
			RefreshPlugins (0ms)
			BeforeProcessingInitializeOnLoad (65ms)
			ProcessInitializeOnLoadAttributes (367ms)
			ProcessInitializeOnLoadMethodAttributes (20ms)
			AfterProcessingInitializeOnLoad (8ms)
			EditorAssembliesLoaded (0ms)
		ExecutionOrderSort2 (0ms)
		AwakeInstancesAfterBackupRestoration (6ms)
Refreshing native plugins compatible for Editor in 5.40 ms, found 4 plugins.
Preloading 0 native plugins for Editor in 0.00 ms.
Unloading 3736 Unused Serialized files (Serialized files now loaded: 0)
Unloading 28 unused Assets / (33.6 KB). Loaded Objects now: 4206.
Memory consumption went from 131.3 MB to 131.3 MB.
Total: 3.527300 ms (FindLiveObjects: 0.371100 ms CreateObjectMapping: 0.144500 ms MarkObjects: 2.943800 ms  DeleteObjects: 0.066900 ms)

Prepare: number of updated asset objects reloaded= 0
AssetImportParameters requested are different than current active one (requested -> active):
  custom:container-demuxer-ogg: 62fdf1f143b41e24485cea50d1cbac27 -> 
  custom:video-codec-MediaFoundation-h265: 746d11721c4dcdbdad8f713fa42b33f4 -> 
  custom:video-decoder-ogg-theora: a1e56fd34408186e4bbccfd4996cb3dc -> 
  custom:framework-win-MediaFoundation: 216162199b28c13a410421893ffa2e32 -> 
  custom:CustomObjectIndexerAttribute: 9a22284fe3817be447336de3de66b15e -> 
  custom:container-demuxer-webm: 4f35f7cbe854078d1ac9338744f61a02 -> 
  custom:container-muxer-webm: aa71ff27fc2769a1b78a27578f13a17b -> 
  custom:video-decoder-webm-vp8: 9c59270c3fd7afecdb556c50c9e8de78 -> 
  custom:SearchIndexIgnoredProperties: e643bd26f0fe6173181afceb89e7c659 -> 
  custom:AudioImporter_EditorPlatform: d09bf68614088b80899f8185d706f6e7 -> 
  custom:video-encoder-webm-vp8: eb34c28f22e8b96e1ab97ce403110664 -> 
  custom:audio-decoder-ogg-vorbis: bf7c407c2cedff20999df2af8eb42d56 -> 
  custom:audio-encoder-webm-vorbis: bf7c407c2cedff20999df2af8eb42d56 -> 
========================================================================
Received Prepare
Begin MonoManager ReloadAssembly
- Loaded All Assemblies, in  0.542 seconds
Refreshing native plugins compatible for Editor in 4.45 ms, found 4 plugins.
Native extension for WindowsStandalone target not found
[Package Manager] Server::EnsureServerProcessIsRunning -- launch failed, reason: Unity was launched with the -noUpm command-line argument
[Package Manager] UpmClient::Send -- Unable to send message (not connected to UPM process).
[Package Manager] Cannot connect to Unity Package Manager local server
Mono: successfully reloaded assembly
- Finished resetting the current domain, in  0.963 seconds
Domain Reload Profiling: 1503ms
	BeginReloadAssembly (141ms)
		ExecutionOrderSort (0ms)
		DisableScriptedObjects (4ms)
		BackupInstance (0ms)
		ReleaseScriptingObjects (0ms)
		CreateAndSetChildDomain (35ms)
	RebuildCommonClasses (24ms)
	RebuildNativeTypeToScriptingClass (8ms)
	initialDomainReloadingComplete (27ms)
	LoadAllAssembliesAndSetupDomain (338ms)
		LoadAssemblies (398ms)
		RebuildTransferFunctionScriptingTraits (0ms)
		AnalyzeDomain (13ms)
			TypeCache.Refresh (7ms)
				TypeCache.ScanAssembly (0ms)
			ScanForSourceGeneratedMonoScriptInfo (0ms)
			ResolveRequiredComponents (5ms)
	FinalizeReload (964ms)
		ReleaseScriptCaches (0ms)
		RebuildScriptCaches (0ms)
		SetupLoadedEditorAssemblies (440ms)
			LogAssemblyErrors (0ms)
			InitializePlatformSupportModulesInManaged (5ms)
			SetLoadedEditorAssemblies (4ms)
			RefreshPlugins (0ms)
			BeforeProcessingInitializeOnLoad (64ms)
			ProcessInitializeOnLoadAttributes (341ms)
			ProcessInitializeOnLoadMethodAttributes (19ms)
			AfterProcessingInitializeOnLoad (6ms)
			EditorAssembliesLoaded (0ms)
		ExecutionOrderSort2 (0ms)
		AwakeInstancesAfterBackupRestoration (6ms)
Refreshing native plugins compatible for Editor in 4.39 ms, found 4 plugins.
Preloading 0 native plugins for Editor in 0.00 ms.
Unloading 3737 Unused Serialized files (Serialized files now loaded: 0)
Unloading 28 unused Assets / (33.6 KB). Loaded Objects now: 4209.
Memory consumption went from 131.5 MB to 131.5 MB.
Total: 3.958300 ms (FindLiveObjects: 0.639000 ms CreateObjectMapping: 0.265600 ms MarkObjects: 2.980100 ms  DeleteObjects: 0.072300 ms)

Prepare: number of updated asset objects reloaded= 0
AssetImportParameters requested are different than current active one (requested -> active):
  custom:container-demuxer-ogg: 62fdf1f143b41e24485cea50d1cbac27 -> 
  custom:video-codec-MediaFoundation-h265: 746d11721c4dcdbdad8f713fa42b33f4 -> 
  custom:video-decoder-ogg-theora: a1e56fd34408186e4bbccfd4996cb3dc -> 
  custom:framework-win-MediaFoundation: 216162199b28c13a410421893ffa2e32 -> 
  custom:CustomObjectIndexerAttribute: 9a22284fe3817be447336de3de66b15e -> 
  custom:container-demuxer-webm: 4f35f7cbe854078d1ac9338744f61a02 -> 
  custom:container-muxer-webm: aa71ff27fc2769a1b78a27578f13a17b -> 
  custom:video-decoder-webm-vp8: 9c59270c3fd7afecdb556c50c9e8de78 -> 
  custom:SearchIndexIgnoredProperties: e643bd26f0fe6173181afceb89e7c659 -> 
  custom:AudioImporter_EditorPlatform: d09bf68614088b80899f8185d706f6e7 -> 
  custom:video-encoder-webm-vp8: eb34c28f22e8b96e1ab97ce403110664 -> 
  custom:audio-decoder-ogg-vorbis: bf7c407c2cedff20999df2af8eb42d56 -> 
  custom:audio-encoder-webm-vorbis: bf7c407c2cedff20999df2af8eb42d56 -> 
========================================================================
Received Prepare
Begin MonoManager ReloadAssembly
- Loaded All Assemblies, in  0.425 seconds
Refreshing native plugins compatible for Editor in 4.57 ms, found 4 plugins.
Native extension for WindowsStandalone target not found
[Package Manager] Server::EnsureServerProcessIsRunning -- launch failed, reason: Unity was launched with the -noUpm command-line argument
[Package Manager] UpmClient::Send -- Unable to send message (not connected to UPM process).
[Package Manager] Cannot connect to Unity Package Manager local server
Mono: successfully reloaded assembly
- Finished resetting the current domain, in  0.934 seconds
Domain Reload Profiling: 1357ms
	BeginReloadAssembly (145ms)
		ExecutionOrderSort (0ms)
		DisableScriptedObjects (4ms)
		BackupInstance (0ms)
		ReleaseScriptingObjects (0ms)
		CreateAndSetChildDomain (37ms)
	RebuildCommonClasses (25ms)
	RebuildNativeTypeToScriptingClass (8ms)
	initialDomainReloadingComplete (26ms)
	LoadAllAssembliesAndSetupDomain (218ms)
		LoadAssemblies (280ms)
		RebuildTransferFunctionScriptingTraits (0ms)
		AnalyzeDomain (13ms)
			TypeCache.Refresh (6ms)
				TypeCache.ScanAssembly (0ms)
			ScanForSourceGeneratedMonoScriptInfo (0ms)
			ResolveRequiredComponents (6ms)
	FinalizeReload (935ms)
		ReleaseScriptCaches (0ms)
		RebuildScriptCaches (0ms)
		SetupLoadedEditorAssemblies (456ms)
			LogAssemblyErrors (0ms)
			InitializePlatformSupportModulesInManaged (5ms)
			SetLoadedEditorAssemblies (4ms)
			RefreshPlugins (0ms)
			BeforeProcessingInitializeOnLoad (64ms)
			ProcessInitializeOnLoadAttributes (357ms)
			ProcessInitializeOnLoadMethodAttributes (19ms)
			AfterProcessingInitializeOnLoad (7ms)
			EditorAssembliesLoaded (0ms)
		ExecutionOrderSort2 (0ms)
		AwakeInstancesAfterBackupRestoration (7ms)
Refreshing native plugins compatible for Editor in 5.05 ms, found 4 plugins.
Preloading 0 native plugins for Editor in 0.00 ms.
Unloading 3737 Unused Serialized files (Serialized files now loaded: 0)
Unloading 28 unused Assets / (33.7 KB). Loaded Objects now: 4212.
Memory consumption went from 131.5 MB to 131.5 MB.
Total: 3.716200 ms (FindLiveObjects: 0.385700 ms CreateObjectMapping: 0.139400 ms MarkObjects: 3.119400 ms  DeleteObjects: 0.070400 ms)

Prepare: number of updated asset objects reloaded= 0
AssetImportParameters requested are different than current active one (requested -> active):
  custom:container-demuxer-ogg: 62fdf1f143b41e24485cea50d1cbac27 -> 
  custom:video-codec-MediaFoundation-h265: 746d11721c4dcdbdad8f713fa42b33f4 -> 
  custom:video-decoder-ogg-theora: a1e56fd34408186e4bbccfd4996cb3dc -> 
  custom:framework-win-MediaFoundation: 216162199b28c13a410421893ffa2e32 -> 
  custom:CustomObjectIndexerAttribute: 9a22284fe3817be447336de3de66b15e -> 
  custom:container-demuxer-webm: 4f35f7cbe854078d1ac9338744f61a02 -> 
  custom:container-muxer-webm: aa71ff27fc2769a1b78a27578f13a17b -> 
  custom:video-decoder-webm-vp8: 9c59270c3fd7afecdb556c50c9e8de78 -> 
  custom:SearchIndexIgnoredProperties: e643bd26f0fe6173181afceb89e7c659 -> 
  custom:AudioImporter_EditorPlatform: d09bf68614088b80899f8185d706f6e7 -> 
  custom:video-encoder-webm-vp8: eb34c28f22e8b96e1ab97ce403110664 -> 
  custom:audio-decoder-ogg-vorbis: bf7c407c2cedff20999df2af8eb42d56 -> 
  custom:audio-encoder-webm-vorbis: bf7c407c2cedff20999df2af8eb42d56 -> 
========================================================================
Received Prepare
Begin MonoManager ReloadAssembly
- Loaded All Assemblies, in  0.404 seconds
Refreshing native plugins compatible for Editor in 3.95 ms, found 4 plugins.
Native extension for WindowsStandalone target not found
[Package Manager] Server::EnsureServerProcessIsRunning -- launch failed, reason: Unity was launched with the -noUpm command-line argument
[Package Manager] UpmClient::Send -- Unable to send message (not connected to UPM process).
[Package Manager] Cannot connect to Unity Package Manager local server
Mono: successfully reloaded assembly
- Finished resetting the current domain, in  1.117 seconds
Domain Reload Profiling: 1519ms
	BeginReloadAssembly (142ms)
		ExecutionOrderSort (0ms)
		DisableScriptedObjects (4ms)
		BackupInstance (0ms)
		ReleaseScriptingObjects (0ms)
		CreateAndSetChildDomain (36ms)
	RebuildCommonClasses (25ms)
	RebuildNativeTypeToScriptingClass (8ms)
	initialDomainReloadingComplete (27ms)
	LoadAllAssembliesAndSetupDomain (199ms)
		LoadAssemblies (260ms)
		RebuildTransferFunctionScriptingTraits (0ms)
		AnalyzeDomain (11ms)
			TypeCache.Refresh (6ms)
				TypeCache.ScanAssembly (0ms)
			ScanForSourceGeneratedMonoScriptInfo (0ms)
			ResolveRequiredComponents (5ms)
	FinalizeReload (1118ms)
		ReleaseScriptCaches (0ms)
		RebuildScriptCaches (0ms)
		SetupLoadedEditorAssemblies (579ms)
			LogAssemblyErrors (0ms)
			InitializePlatformSupportModulesInManaged (7ms)
			SetLoadedEditorAssemblies (5ms)
			RefreshPlugins (0ms)
			BeforeProcessingInitializeOnLoad (80ms)
			ProcessInitializeOnLoadAttributes (454ms)
			ProcessInitializeOnLoadMethodAttributes (26ms)
			AfterProcessingInitializeOnLoad (8ms)
			EditorAssembliesLoaded (0ms)
		ExecutionOrderSort2 (0ms)
		AwakeInstancesAfterBackupRestoration (7ms)
Refreshing native plugins compatible for Editor in 5.43 ms, found 4 plugins.
Preloading 0 native plugins for Editor in 0.00 ms.
Unloading 3737 Unused Serialized files (Serialized files now loaded: 0)
Unloading 28 unused Assets / (33.7 KB). Loaded Objects now: 4215.
Memory consumption went from 131.5 MB to 131.5 MB.
Total: 7.729500 ms (FindLiveObjects: 0.880700 ms CreateObjectMapping: 0.243800 ms MarkObjects: 6.411200 ms  DeleteObjects: 0.191600 ms)

Prepare: number of updated asset objects reloaded= 0
AssetImportParameters requested are different than current active one (requested -> active):
  custom:container-demuxer-ogg: 62fdf1f143b41e24485cea50d1cbac27 -> 
  custom:video-codec-MediaFoundation-h265: 746d11721c4dcdbdad8f713fa42b33f4 -> 
  custom:video-decoder-ogg-theora: a1e56fd34408186e4bbccfd4996cb3dc -> 
  custom:framework-win-MediaFoundation: 216162199b28c13a410421893ffa2e32 -> 
  custom:CustomObjectIndexerAttribute: 9a22284fe3817be447336de3de66b15e -> 
  custom:container-demuxer-webm: 4f35f7cbe854078d1ac9338744f61a02 -> 
  custom:container-muxer-webm: aa71ff27fc2769a1b78a27578f13a17b -> 
  custom:video-decoder-webm-vp8: 9c59270c3fd7afecdb556c50c9e8de78 -> 
  custom:SearchIndexIgnoredProperties: e643bd26f0fe6173181afceb89e7c659 -> 
  custom:AudioImporter_EditorPlatform: d09bf68614088b80899f8185d706f6e7 -> 
  custom:video-encoder-webm-vp8: eb34c28f22e8b96e1ab97ce403110664 -> 
  custom:audio-decoder-ogg-vorbis: bf7c407c2cedff20999df2af8eb42d56 -> 
  custom:audio-encoder-webm-vorbis: bf7c407c2cedff20999df2af8eb42d56 -> 
========================================================================
Received Prepare
Begin MonoManager ReloadAssembly
- Loaded All Assemblies, in  0.403 seconds
Refreshing native plugins compatible for Editor in 4.27 ms, found 4 plugins.
Native extension for WindowsStandalone target not found
[Package Manager] Server::EnsureServerProcessIsRunning -- launch failed, reason: Unity was launched with the -noUpm command-line argument
[Package Manager] UpmClient::Send -- Unable to send message (not connected to UPM process).
[Package Manager] Cannot connect to Unity Package Manager local server
Mono: successfully reloaded assembly
- Finished resetting the current domain, in  0.925 seconds
Domain Reload Profiling: 1325ms
	BeginReloadAssembly (137ms)
		ExecutionOrderSort (0ms)
		DisableScriptedObjects (3ms)
		BackupInstance (0ms)
		ReleaseScriptingObjects (0ms)
		CreateAndSetChildDomain (34ms)
	RebuildCommonClasses (24ms)
	RebuildNativeTypeToScriptingClass (8ms)
	initialDomainReloadingComplete (25ms)
	LoadAllAssembliesAndSetupDomain (205ms)
		LoadAssemblies (265ms)
		RebuildTransferFunctionScriptingTraits (0ms)
		AnalyzeDomain (11ms)
			TypeCache.Refresh (6ms)
				TypeCache.ScanAssembly (0ms)
			ScanForSourceGeneratedMonoScriptInfo (0ms)
			ResolveRequiredComponents (4ms)
	FinalizeReload (926ms)
		ReleaseScriptCaches (0ms)
		RebuildScriptCaches (0ms)
		SetupLoadedEditorAssemblies (449ms)
			LogAssemblyErrors (0ms)
			InitializePlatformSupportModulesInManaged (6ms)
			SetLoadedEditorAssemblies (3ms)
			RefreshPlugins (0ms)
			BeforeProcessingInitializeOnLoad (61ms)
			ProcessInitializeOnLoadAttributes (352ms)
			ProcessInitializeOnLoadMethodAttributes (20ms)
			AfterProcessingInitializeOnLoad (7ms)
			EditorAssembliesLoaded (0ms)
		ExecutionOrderSort2 (0ms)
		AwakeInstancesAfterBackupRestoration (6ms)
Refreshing native plugins compatible for Editor in 4.91 ms, found 4 plugins.
Preloading 0 native plugins for Editor in 0.00 ms.
Unloading 3737 Unused Serialized files (Serialized files now loaded: 0)
Unloading 28 unused Assets / (33.6 KB). Loaded Objects now: 4218.
Memory consumption went from 131.5 MB to 131.5 MB.
Total: 3.339400 ms (FindLiveObjects: 0.375300 ms CreateObjectMapping: 0.115200 ms MarkObjects: 2.774300 ms  DeleteObjects: 0.073800 ms)

Prepare: number of updated asset objects reloaded= 0
AssetImportParameters requested are different than current active one (requested -> active):
  custom:container-demuxer-ogg: 62fdf1f143b41e24485cea50d1cbac27 -> 
  custom:video-codec-MediaFoundation-h265: 746d11721c4dcdbdad8f713fa42b33f4 -> 
  custom:video-decoder-ogg-theora: a1e56fd34408186e4bbccfd4996cb3dc -> 
  custom:framework-win-MediaFoundation: 216162199b28c13a410421893ffa2e32 -> 
  custom:CustomObjectIndexerAttribute: 9a22284fe3817be447336de3de66b15e -> 
  custom:container-demuxer-webm: 4f35f7cbe854078d1ac9338744f61a02 -> 
  custom:container-muxer-webm: aa71ff27fc2769a1b78a27578f13a17b -> 
  custom:video-decoder-webm-vp8: 9c59270c3fd7afecdb556c50c9e8de78 -> 
  custom:SearchIndexIgnoredProperties: e643bd26f0fe6173181afceb89e7c659 -> 
  custom:AudioImporter_EditorPlatform: d09bf68614088b80899f8185d706f6e7 -> 
  custom:video-encoder-webm-vp8: eb34c28f22e8b96e1ab97ce403110664 -> 
  custom:audio-decoder-ogg-vorbis: bf7c407c2cedff20999df2af8eb42d56 -> 
  custom:audio-encoder-webm-vorbis: bf7c407c2cedff20999df2af8eb42d56 -> 
========================================================================
Received Prepare
Begin MonoManager ReloadAssembly
- Loaded All Assemblies, in  0.398 seconds
Refreshing native plugins compatible for Editor in 4.44 ms, found 4 plugins.
Native extension for WindowsStandalone target not found
[Package Manager] Server::EnsureServerProcessIsRunning -- launch failed, reason: Unity was launched with the -noUpm command-line argument
[Package Manager] UpmClient::Send -- Unable to send message (not connected to UPM process).
[Package Manager] Cannot connect to Unity Package Manager local server
Mono: successfully reloaded assembly
- Finished resetting the current domain, in  1.012 seconds
Domain Reload Profiling: 1407ms
	BeginReloadAssembly (142ms)
		ExecutionOrderSort (0ms)
		DisableScriptedObjects (4ms)
		BackupInstance (0ms)
		ReleaseScriptingObjects (0ms)
		CreateAndSetChildDomain (37ms)
	RebuildCommonClasses (24ms)
	RebuildNativeTypeToScriptingClass (8ms)
	initialDomainReloadingComplete (25ms)
	LoadAllAssembliesAndSetupDomain (196ms)
		LoadAssemblies (256ms)
		RebuildTransferFunctionScriptingTraits (0ms)
		AnalyzeDomain (12ms)
			TypeCache.Refresh (7ms)
				TypeCache.ScanAssembly (0ms)
			ScanForSourceGeneratedMonoScriptInfo (0ms)
			ResolveRequiredComponents (4ms)
	FinalizeReload (1012ms)
		ReleaseScriptCaches (0ms)
		RebuildScriptCaches (0ms)
		SetupLoadedEditorAssemblies (455ms)
			LogAssemblyErrors (0ms)
			InitializePlatformSupportModulesInManaged (6ms)
			SetLoadedEditorAssemblies (3ms)
			RefreshPlugins (0ms)
			BeforeProcessingInitializeOnLoad (63ms)
			ProcessInitializeOnLoadAttributes (356ms)
			ProcessInitializeOnLoadMethodAttributes (20ms)
			AfterProcessingInitializeOnLoad (7ms)
			EditorAssembliesLoaded (0ms)
		ExecutionOrderSort2 (0ms)
		AwakeInstancesAfterBackupRestoration (7ms)
Refreshing native plugins compatible for Editor in 4.53 ms, found 4 plugins.
Preloading 0 native plugins for Editor in 0.00 ms.
Unloading 3737 Unused Serialized files (Serialized files now loaded: 0)
Unloading 28 unused Assets / (33.6 KB). Loaded Objects now: 4221.
Memory consumption went from 131.6 MB to 131.5 MB.
Total: 3.238200 ms (FindLiveObjects: 0.305900 ms CreateObjectMapping: 0.122300 ms MarkObjects: 2.752800 ms  DeleteObjects: 0.056200 ms)

Prepare: number of updated asset objects reloaded= 0
AssetImportParameters requested are different than current active one (requested -> active):
  custom:container-demuxer-ogg: 62fdf1f143b41e24485cea50d1cbac27 -> 
  custom:video-codec-MediaFoundation-h265: 746d11721c4dcdbdad8f713fa42b33f4 -> 
  custom:video-decoder-ogg-theora: a1e56fd34408186e4bbccfd4996cb3dc -> 
  custom:framework-win-MediaFoundation: 216162199b28c13a410421893ffa2e32 -> 
  custom:CustomObjectIndexerAttribute: 9a22284fe3817be447336de3de66b15e -> 
  custom:container-demuxer-webm: 4f35f7cbe854078d1ac9338744f61a02 -> 
  custom:container-muxer-webm: aa71ff27fc2769a1b78a27578f13a17b -> 
  custom:video-decoder-webm-vp8: 9c59270c3fd7afecdb556c50c9e8de78 -> 
  custom:SearchIndexIgnoredProperties: e643bd26f0fe6173181afceb89e7c659 -> 
  custom:AudioImporter_EditorPlatform: d09bf68614088b80899f8185d706f6e7 -> 
  custom:video-encoder-webm-vp8: eb34c28f22e8b96e1ab97ce403110664 -> 
  custom:audio-decoder-ogg-vorbis: bf7c407c2cedff20999df2af8eb42d56 -> 
  custom:audio-encoder-webm-vorbis: bf7c407c2cedff20999df2af8eb42d56 -> 
========================================================================
Received Import Request.
  Time since last request: 4477.084985 seconds.
  path: Assets/Character/Click Effect 1.prefab
  artifactKey: Guid(f01957d0c45dc134bb918e061261e82f) Importer(815301076,1909f56bfc062723c751e8b465ee728b)
Start importing Assets/Character/Click Effect 1.prefab using Guid(f01957d0c45dc134bb918e061261e82f) Importer(815301076,1909f56bfc062723c751e8b465ee728b)  -> (artifact id: '6525447abdcba2db5d6315ed5ab3cdd6') in 0.267744 seconds
Number of updated asset objects reloaded before import = 0
Number of asset objects unloaded after import = 8
========================================================================
Received Import Request.
  Time since last request: 133.132749 seconds.
  path: Assets/GASTRO_Sushi_Food_Pack_FREE/Prefabs/Box_Cardboard_Small_002.prefab
  artifactKey: Guid(6fa395dceb601ff44aa5e9a02548f809) Importer(815301076,1909f56bfc062723c751e8b465ee728b)
Start importing Assets/GASTRO_Sushi_Food_Pack_FREE/Prefabs/Box_Cardboard_Small_002.prefab using Guid(6fa395dceb601ff44aa5e9a02548f809) Importer(815301076,1909f56bfc062723c751e8b465ee728b)  -> (artifact id: '44f3d0cc930edf396d3a3a9be8babb55') in 0.031554 seconds
Number of updated asset objects reloaded before import = 0
Number of asset objects unloaded after import = 17
========================================================================
Received Import Request.
  Time since last request: 0.000032 seconds.
  path: Assets/GASTRO_Sushi_Food_Pack_FREE/Prefabs/Tray_Bamboo_Small_2_004.prefab
  artifactKey: Guid(00ce355ed6840754c947a84837909eab) Importer(815301076,1909f56bfc062723c751e8b465ee728b)
Start importing Assets/GASTRO_Sushi_Food_Pack_FREE/Prefabs/Tray_Bamboo_Small_2_004.prefab using Guid(00ce355ed6840754c947a84837909eab) Importer(815301076,1909f56bfc062723c751e8b465ee728b)  -> (artifact id: '664cbd862cd6627699be79801c3659ef') in 0.025829 seconds
Number of updated asset objects reloaded before import = 0
Number of asset objects unloaded after import = 17
========================================================================
Received Import Request.
  Time since last request: 0.000030 seconds.
  path: Assets/GASTRO_Sushi_Food_Pack_FREE/Prefabs/Box_Plastic_White_Small_001.prefab
  artifactKey: Guid(340f09664970f844c8c298a160766594) Importer(815301076,1909f56bfc062723c751e8b465ee728b)
Start importing Assets/GASTRO_Sushi_Food_Pack_FREE/Prefabs/Box_Plastic_White_Small_001.prefab using Guid(340f09664970f844c8c298a160766594) Importer(815301076,1909f56bfc062723c751e8b465ee728b)  -> (artifact id: '7baf0b32bdb451c39b8b136f56e8b184') in 0.024501 seconds
Number of updated asset objects reloaded before import = 0
Number of asset objects unloaded after import = 17
========================================================================
Received Import Request.
  Time since last request: 0.000022 seconds.
  path: Assets/GASTRO_Sushi_Food_Pack_FREE/Prefabs/Tray_Wood_Dark_Medium_002.prefab
  artifactKey: Guid(9336b3c4466de4846abfd3c9096b02a4) Importer(815301076,1909f56bfc062723c751e8b465ee728b)
Start importing Assets/GASTRO_Sushi_Food_Pack_FREE/Prefabs/Tray_Wood_Dark_Medium_002.prefab using Guid(9336b3c4466de4846abfd3c9096b02a4) Importer(815301076,1909f56bfc062723c751e8b465ee728b)  -> (artifact id: 'e62b0b7f8ae0654bdf4f5f68c2ff1080') in 0.020949 seconds
Number of updated asset objects reloaded before import = 0
Number of asset objects unloaded after import = 17
========================================================================
Received Import Request.
  Time since last request: 0.000026 seconds.
  path: Assets/GASTRO_Sushi_Food_Pack_FREE/Prefabs/Sushi_Small_Nori_004.prefab
  artifactKey: Guid(8f3f35261b743bc4fa696a9803503536) Importer(815301076,1909f56bfc062723c751e8b465ee728b)
Start importing Assets/GASTRO_Sushi_Food_Pack_FREE/Prefabs/Sushi_Small_Nori_004.prefab using Guid(8f3f35261b743bc4fa696a9803503536) Importer(815301076,1909f56bfc062723c751e8b465ee728b)  -> (artifact id: '22f9ba68b08b4a983dfb22fb81eb8ceb') in 0.023034 seconds
Number of updated asset objects reloaded before import = 0
Number of asset objects unloaded after import = 17
========================================================================
Received Import Request.
  Time since last request: 0.000045 seconds.
  path: Assets/GASTRO_Sushi_Food_Pack_FREE/Prefabs/Box_Plastic_Black_Small_001.prefab
  artifactKey: Guid(0027f7231d3f1cf44ab05c8b2e40407c) Importer(815301076,1909f56bfc062723c751e8b465ee728b)
Start importing Assets/GASTRO_Sushi_Food_Pack_FREE/Prefabs/Box_Plastic_Black_Small_001.prefab using Guid(0027f7231d3f1cf44ab05c8b2e40407c) Importer(815301076,1909f56bfc062723c751e8b465ee728b)  -> (artifact id: 'c9b5daca90ea15fc2c6e2d471339d768') in 0.023114 seconds
Number of updated asset objects reloaded before import = 0
Number of asset objects unloaded after import = 17
========================================================================
Received Import Request.
  Time since last request: 0.000024 seconds.
  path: Assets/GASTRO_Sushi_Food_Pack_FREE/Prefabs/Sushi_Small_Salmon_002.prefab
  artifactKey: Guid(65b49d6c82af59f4cba9a2690cc3c681) Importer(815301076,1909f56bfc062723c751e8b465ee728b)
Start importing Assets/GASTRO_Sushi_Food_Pack_FREE/Prefabs/Sushi_Small_Salmon_002.prefab using Guid(65b49d6c82af59f4cba9a2690cc3c681) Importer(815301076,1909f56bfc062723c751e8b465ee728b)  -> (artifact id: '710ea48789336ef62bfae2ae429a513c') in 0.018086 seconds
Number of updated asset objects reloaded before import = 0
Number of asset objects unloaded after import = 17
========================================================================
Received Import Request.
  Time since last request: 0.000024 seconds.
  path: Assets/GASTRO_Sushi_Food_Pack_FREE/Prefabs/Spoon_Wood_002.prefab
  artifactKey: Guid(90857c1a542456e4ca8df2df79e89827) Importer(815301076,1909f56bfc062723c751e8b465ee728b)
Start importing Assets/GASTRO_Sushi_Food_Pack_FREE/Prefabs/Spoon_Wood_002.prefab using Guid(90857c1a542456e4ca8df2df79e89827) Importer(815301076,1909f56bfc062723c751e8b465ee728b)  -> (artifact id: 'f9343e0275d006a0d0ba4814bf3ca6fe') in 0.018903 seconds
Number of updated asset objects reloaded before import = 0
Number of asset objects unloaded after import = 17
========================================================================
Received Import Request.
  Time since last request: 0.000031 seconds.
  path: Assets/GASTRO_Sushi_Food_Pack_FREE/Prefabs/Sushi_Small_Cucumber_005.prefab
  artifactKey: Guid(b35d3daa5e4dbe54a8e4533ec5d4b288) Importer(815301076,1909f56bfc062723c751e8b465ee728b)
Start importing Assets/GASTRO_Sushi_Food_Pack_FREE/Prefabs/Sushi_Small_Cucumber_005.prefab using Guid(b35d3daa5e4dbe54a8e4533ec5d4b288) Importer(815301076,1909f56bfc062723c751e8b465ee728b)  -> (artifact id: '4de7574b6ee6f5a49e65a5546d8793d9') in 0.020005 seconds
Number of updated asset objects reloaded before import = 0
Number of asset objects unloaded after import = 18
========================================================================
Received Import Request.
  Time since last request: 0.000019 seconds.
  path: Assets/GASTRO_Sushi_Food_Pack_FREE/Prefabs/Nigiri_Salmon_002.prefab
  artifactKey: Guid(be45c2e4c0c20f840b5b9f9f1582259d) Importer(815301076,1909f56bfc062723c751e8b465ee728b)
Start importing Assets/GASTRO_Sushi_Food_Pack_FREE/Prefabs/Nigiri_Salmon_002.prefab using Guid(be45c2e4c0c20f840b5b9f9f1582259d) Importer(815301076,1909f56bfc062723c751e8b465ee728b)  -> (artifact id: '9e4a764ff1407a3374caba81814367d1') in 0.022682 seconds
Number of updated asset objects reloaded before import = 0
Number of asset objects unloaded after import = 17
========================================================================
Received Import Request.
  Time since last request: 0.000023 seconds.
  path: Assets/GASTRO_Sushi_Food_Pack_FREE/Prefabs/Sushi_Small_Narrow_Tuna_001.prefab
  artifactKey: Guid(e70524bec6bf7e240a961f23eafeb260) Importer(815301076,1909f56bfc062723c751e8b465ee728b)
Start importing Assets/GASTRO_Sushi_Food_Pack_FREE/Prefabs/Sushi_Small_Narrow_Tuna_001.prefab using Guid(e70524bec6bf7e240a961f23eafeb260) Importer(815301076,1909f56bfc062723c751e8b465ee728b)  -> (artifact id: '49d8c3b2a9d5f6fd013da09b8a177003') in 0.019987 seconds
Number of updated asset objects reloaded before import = 0
Number of asset objects unloaded after import = 17
========================================================================
Received Import Request.
  Time since last request: 0.000018 seconds.
  path: Assets/GASTRO_Sushi_Food_Pack_FREE/Prefabs/Nori_001.prefab
  artifactKey: Guid(0dfcd0430d1449d4dad9a6c3c81bb77d) Importer(815301076,1909f56bfc062723c751e8b465ee728b)
Start importing Assets/GASTRO_Sushi_Food_Pack_FREE/Prefabs/Nori_001.prefab using Guid(0dfcd0430d1449d4dad9a6c3c81bb77d) Importer(815301076,1909f56bfc062723c751e8b465ee728b)  -> (artifact id: '6504d50a7a95e5c9a56155decd1c345e') in 0.019673 seconds
Number of updated asset objects reloaded before import = 0
Number of asset objects unloaded after import = 17
========================================================================
Received Import Request.
  Time since last request: 0.000020 seconds.
  path: Assets/GASTRO_Sushi_Food_Pack_FREE/Prefabs/Rice_001.prefab
  artifactKey: Guid(211991d4b3b5af640a34ebde000936b2) Importer(815301076,1909f56bfc062723c751e8b465ee728b)
Start importing Assets/GASTRO_Sushi_Food_Pack_FREE/Prefabs/Rice_001.prefab using Guid(211991d4b3b5af640a34ebde000936b2) Importer(815301076,1909f56bfc062723c751e8b465ee728b)  -> (artifact id: '7d4b282683108118b16cd4daac33e123') in 0.020845 seconds
Number of updated asset objects reloaded before import = 0
Number of asset objects unloaded after import = 17
========================================================================
Received Import Request.
  Time since last request: 0.000018 seconds.
  path: Assets/GASTRO_Sushi_Food_Pack_FREE/Prefabs/Salmon_Cut_005.prefab
  artifactKey: Guid(6dfa186c65d70d44e84cf35ebd4b906d) Importer(815301076,1909f56bfc062723c751e8b465ee728b)
Start importing Assets/GASTRO_Sushi_Food_Pack_FREE/Prefabs/Salmon_Cut_005.prefab using Guid(6dfa186c65d70d44e84cf35ebd4b906d) Importer(815301076,1909f56bfc062723c751e8b465ee728b)  -> (artifact id: 'cdd42da563b7b05c2f0b64cef2c34cdc') in 0.019690 seconds
Number of updated asset objects reloaded before import = 0
Number of asset objects unloaded after import = 17
Editor requested this worker to shutdown with reason: Scaling down because of idle timeout
TcpMessagingSession - receive error: operation aborted. errorcode: 995, details: La operacin de E/S se anul por una salida de subproceso o por una solicitud de aplicacin.
AssetImportWorker is now disconnected from the server
Process exiting
Exiting without the bug reporter. Application will terminate with return code 0