Using pre-set license
Built from '2022.3/staging' branch; Version is '2022.3.29f1 (8d510ca76d2b) revision 9261324'; Using compiler version '192829333'; Build Type 'Release'
OS: 'Windows 11  (10.0.22631) 64bit Professional' Language: 'es' Physical Memory: 15743 MB
BatchMode: 1, IsHumanControllingUs: 0, StartBugReporterOnCrash: 0, Is64bit: 1, IsPro: 1

COMMAND LINE ARGUMENTS:
C:\Program Files\Unity\Hub\Editor\2022.3.29f1\Editor\Unity.exe
-adb2
-batchMode
-noUpm
-name
AssetImportWorker9
-projectPath
C:/Users/Usuario/Crazy kitchen
-logFile
Logs/AssetImportWorker9.log
-srvPort
50664
Successfully changed project path to: C:/Users/Usuario/Crazy kitchen
C:/Users/Usuario/Crazy kitchen
[UnityMemory] Configuration Parameters - Can be set up in boot.config
    "memorysetup-bucket-allocator-granularity=16"
    "memorysetup-bucket-allocator-bucket-count=8"
    "memorysetup-bucket-allocator-block-size=33554432"
    "memorysetup-bucket-allocator-block-count=8"
    "memorysetup-main-allocator-block-size=16777216"
    "memorysetup-thread-allocator-block-size=16777216"
    "memorysetup-gfx-main-allocator-block-size=16777216"
    "memorysetup-gfx-thread-allocator-block-size=16777216"
    "memorysetup-cache-allocator-block-size=4194304"
    "memorysetup-typetree-allocator-block-size=2097152"
    "memorysetup-profiler-bucket-allocator-granularity=16"
    "memorysetup-profiler-bucket-allocator-bucket-count=8"
    "memorysetup-profiler-bucket-allocator-block-size=33554432"
    "memorysetup-profiler-bucket-allocator-block-count=8"
    "memorysetup-profiler-allocator-block-size=16777216"
    "memorysetup-profiler-editor-allocator-block-size=1048576"
    "memorysetup-temp-allocator-size-main=16777216"
    "memorysetup-job-temp-allocator-block-size=2097152"
    "memorysetup-job-temp-allocator-block-size-background=1048576"
    "memorysetup-job-temp-allocator-reduction-small-platforms=262144"
    "memorysetup-allocator-temp-initial-block-size-main=262144"
    "memorysetup-allocator-temp-initial-block-size-worker=262144"
    "memorysetup-temp-allocator-size-background-worker=32768"
    "memorysetup-temp-allocator-size-job-worker=262144"
    "memorysetup-temp-allocator-size-preload-manager=33554432"
    "memorysetup-temp-allocator-size-nav-mesh-worker=65536"
    "memorysetup-temp-allocator-size-audio-worker=65536"
    "memorysetup-temp-allocator-size-cloud-worker=32768"
    "memorysetup-temp-allocator-size-gi-baking-worker=262144"
    "memorysetup-temp-allocator-size-gfx=262144"
Player connection [13060] Host "[IP] 192.168.1.7 [Port] 0 [Flags] 2 [Guid] 717599560 [EditorId] 717599560 [Version] 1048832 [Id] WindowsEditor(7,DESKTOP-NV7RIE9) [Debug] 1 [PackageName] WindowsEditor [ProjectName] Editor" joined multi-casting on [225.0.0.222:54997]...

Player connection [13060] Host "[IP] 192.168.1.7 [Port] 0 [Flags] 2 [Guid] 717599560 [EditorId] 717599560 [Version] 1048832 [Id] WindowsEditor(7,DESKTOP-NV7RIE9) [Debug] 1 [PackageName] WindowsEditor [ProjectName] Editor" joined alternative multi-casting on [225.0.0.222:34997]...

[Physics::Module] Initialized MultithreadedJobDispatcher with 15 workers.
Refreshing native plugins compatible for Editor in 11.38 ms, found 4 plugins.
Preloading 0 native plugins for Editor in 0.00 ms.
Initialize engine version: 2022.3.29f1 (8d510ca76d2b)
[Subsystems] Discovering subsystems at path C:/Program Files/Unity/Hub/Editor/2022.3.29f1/Editor/Data/Resources/UnitySubsystems
[Subsystems] Discovering subsystems at path C:/Users/Usuario/Crazy kitchen/Assets
GfxDevice: creating device client; threaded=0; jobified=0
Direct3D:
    Version:  Direct3D 11.0 [level 11.1]
    Renderer: NVIDIA GeForce RTX 4060 (ID=0x2882)
    Vendor:   NVIDIA
    VRAM:     7957 MB
    Driver:   32.0.15.6094
Initialize mono
Mono path[0] = 'C:/Program Files/Unity/Hub/Editor/2022.3.29f1/Editor/Data/Managed'
Mono path[1] = 'C:/Program Files/Unity/Hub/Editor/2022.3.29f1/Editor/Data/MonoBleedingEdge/lib/mono/unityjit-win32'
Mono config path = 'C:/Program Files/Unity/Hub/Editor/2022.3.29f1/Editor/Data/MonoBleedingEdge/etc'
Using monoOptions --debugger-agent=transport=dt_socket,embedding=1,server=y,suspend=n,address=127.0.0.1:56300
Begin MonoManager ReloadAssembly
Registering precompiled unity dll's ...
Register platform support module: C:/Program Files/Unity/Hub/Editor/2022.3.29f1/Editor/Data/PlaybackEngines/WindowsStandaloneSupport/UnityEditor.WindowsStandalone.Extensions.dll
Registered in 0.005681 seconds.
- Loaded All Assemblies, in  0.279 seconds
Native extension for WindowsStandalone target not found
Mono: successfully reloaded assembly
- Finished resetting the current domain, in  0.212 seconds
Domain Reload Profiling: 490ms
	BeginReloadAssembly (100ms)
		ExecutionOrderSort (0ms)
		DisableScriptedObjects (0ms)
		BackupInstance (0ms)
		ReleaseScriptingObjects (0ms)
		CreateAndSetChildDomain (1ms)
	RebuildCommonClasses (25ms)
	RebuildNativeTypeToScriptingClass (8ms)
	initialDomainReloadingComplete (46ms)
	LoadAllAssembliesAndSetupDomain (99ms)
		LoadAssemblies (98ms)
		RebuildTransferFunctionScriptingTraits (0ms)
		AnalyzeDomain (97ms)
			TypeCache.Refresh (96ms)
				TypeCache.ScanAssembly (86ms)
			ScanForSourceGeneratedMonoScriptInfo (0ms)
			ResolveRequiredComponents (0ms)
	FinalizeReload (212ms)
		ReleaseScriptCaches (0ms)
		RebuildScriptCaches (0ms)
		SetupLoadedEditorAssemblies (168ms)
			LogAssemblyErrors (0ms)
			InitializePlatformSupportModulesInManaged (7ms)
			SetLoadedEditorAssemblies (6ms)
			RefreshPlugins (0ms)
			BeforeProcessingInitializeOnLoad (2ms)
			ProcessInitializeOnLoadAttributes (117ms)
			ProcessInitializeOnLoadMethodAttributes (36ms)
			AfterProcessingInitializeOnLoad (0ms)
			EditorAssembliesLoaded (0ms)
		ExecutionOrderSort2 (0ms)
		AwakeInstancesAfterBackupRestoration (0ms)
========================================================================
Worker process is ready to serve import requests
Begin MonoManager ReloadAssembly
- Loaded All Assemblies, in  0.543 seconds
Refreshing native plugins compatible for Editor in 3.89 ms, found 4 plugins.
Native extension for WindowsStandalone target not found
Package Manager log level set to [2]
[Package Manager] Server::EnsureServerProcessIsRunning -- launch failed, reason: Unity was launched with the -noUpm command-line argument
[Package Manager] UpmClient::Send -- Unable to send message (not connected to UPM process).
[Package Manager] Cannot connect to Unity Package Manager local server
Mono: successfully reloaded assembly
- Finished resetting the current domain, in  0.498 seconds
Domain Reload Profiling: 1039ms
	BeginReloadAssembly (121ms)
		ExecutionOrderSort (0ms)
		DisableScriptedObjects (4ms)
		BackupInstance (0ms)
		ReleaseScriptingObjects (0ms)
		CreateAndSetChildDomain (19ms)
	RebuildCommonClasses (25ms)
	RebuildNativeTypeToScriptingClass (7ms)
	initialDomainReloadingComplete (35ms)
	LoadAllAssembliesAndSetupDomain (352ms)
		LoadAssemblies (278ms)
		RebuildTransferFunctionScriptingTraits (0ms)
		AnalyzeDomain (145ms)
			TypeCache.Refresh (126ms)
				TypeCache.ScanAssembly (112ms)
			ScanForSourceGeneratedMonoScriptInfo (14ms)
			ResolveRequiredComponents (4ms)
	FinalizeReload (498ms)
		ReleaseScriptCaches (0ms)
		RebuildScriptCaches (0ms)
		SetupLoadedEditorAssemblies (388ms)
			LogAssemblyErrors (0ms)
			InitializePlatformSupportModulesInManaged (5ms)
			SetLoadedEditorAssemblies (2ms)
			RefreshPlugins (0ms)
			BeforeProcessingInitializeOnLoad (52ms)
			ProcessInitializeOnLoadAttributes (307ms)
			ProcessInitializeOnLoadMethodAttributes (16ms)
			AfterProcessingInitializeOnLoad (6ms)
			EditorAssembliesLoaded (0ms)
		ExecutionOrderSort2 (0ms)
		AwakeInstancesAfterBackupRestoration (5ms)
Launched and connected shader compiler UnityShaderCompiler.exe after 0.05 seconds
Refreshing native plugins compatible for Editor in 4.49 ms, found 4 plugins.
Preloading 0 native plugins for Editor in 0.00 ms.
Unloading 3744 Unused Serialized files (Serialized files now loaded: 0)
Unloading 43 unused Assets / (59.7 KB). Loaded Objects now: 4204.
Memory consumption went from 207.5 MB to 207.5 MB.
Total: 3.188900 ms (FindLiveObjects: 0.381000 ms CreateObjectMapping: 0.105700 ms MarkObjects: 2.594900 ms  DeleteObjects: 0.105200 ms)

AssetImportParameters requested are different than current active one (requested -> active):
  custom:container-demuxer-ogg: 62fdf1f143b41e24485cea50d1cbac27 -> 
  custom:video-codec-MediaFoundation-h265: 746d11721c4dcdbdad8f713fa42b33f4 -> 
  custom:video-decoder-ogg-theora: a1e56fd34408186e4bbccfd4996cb3dc -> 
  custom:framework-win-MediaFoundation: 216162199b28c13a410421893ffa2e32 -> 
  custom:CustomObjectIndexerAttribute: 9a22284fe3817be447336de3de66b15e -> 
  custom:container-demuxer-webm: 4f35f7cbe854078d1ac9338744f61a02 -> 
  custom:container-muxer-webm: aa71ff27fc2769a1b78a27578f13a17b -> 
  custom:video-decoder-webm-vp8: 9c59270c3fd7afecdb556c50c9e8de78 -> 
  custom:SearchIndexIgnoredProperties: e643bd26f0fe6173181afceb89e7c659 -> 
  custom:AudioImporter_EditorPlatform: d09bf68614088b80899f8185d706f6e7 -> 
  custom:video-encoder-webm-vp8: eb34c28f22e8b96e1ab97ce403110664 -> 
  custom:audio-decoder-ogg-vorbis: bf7c407c2cedff20999df2af8eb42d56 -> 
  custom:audio-encoder-webm-vorbis: bf7c407c2cedff20999df2af8eb42d56 -> 
========================================================================
Received Import Request.
  Time since last request: 11636.759891 seconds.
  path: Assets/Food Pack-Demo/Materials/Ground.mat
  artifactKey: Guid(945a79448b80295429dcfa63e188bebf) Importer(815301076,1909f56bfc062723c751e8b465ee728b)
Start importing Assets/Food Pack-Demo/Materials/Ground.mat using Guid(945a79448b80295429dcfa63e188bebf) Importer(815301076,1909f56bfc062723c751e8b465ee728b)  -> (artifact id: 'd00574cdffa13d772c24aa060aeab6b7') in 0.096688 seconds
Number of updated asset objects reloaded before import = 0
Number of asset objects unloaded after import = 1
========================================================================
Received Prepare
Begin MonoManager ReloadAssembly
- Loaded All Assemblies, in  0.467 seconds
Refreshing native plugins compatible for Editor in 4.13 ms, found 4 plugins.
Native extension for WindowsStandalone target not found
[Package Manager] Server::EnsureServerProcessIsRunning -- launch failed, reason: Unity was launched with the -noUpm command-line argument
[Package Manager] UpmClient::Send -- Unable to send message (not connected to UPM process).
[Package Manager] Cannot connect to Unity Package Manager local server
Mono: successfully reloaded assembly
- Finished resetting the current domain, in  1.047 seconds
Domain Reload Profiling: 1511ms
	BeginReloadAssembly (172ms)
		ExecutionOrderSort (0ms)
		DisableScriptedObjects (4ms)
		BackupInstance (0ms)
		ReleaseScriptingObjects (0ms)
		CreateAndSetChildDomain (38ms)
	RebuildCommonClasses (26ms)
	RebuildNativeTypeToScriptingClass (8ms)
	initialDomainReloadingComplete (27ms)
	LoadAllAssembliesAndSetupDomain (230ms)
		LoadAssemblies (316ms)
		RebuildTransferFunctionScriptingTraits (0ms)
		AnalyzeDomain (12ms)
			TypeCache.Refresh (7ms)
				TypeCache.ScanAssembly (0ms)
			ScanForSourceGeneratedMonoScriptInfo (0ms)
			ResolveRequiredComponents (5ms)
	FinalizeReload (1047ms)
		ReleaseScriptCaches (0ms)
		RebuildScriptCaches (0ms)
		SetupLoadedEditorAssemblies (464ms)
			LogAssemblyErrors (0ms)
			InitializePlatformSupportModulesInManaged (5ms)
			SetLoadedEditorAssemblies (3ms)
			RefreshPlugins (0ms)
			BeforeProcessingInitializeOnLoad (62ms)
			ProcessInitializeOnLoadAttributes (364ms)
			ProcessInitializeOnLoadMethodAttributes (20ms)
			AfterProcessingInitializeOnLoad (9ms)
			EditorAssembliesLoaded (0ms)
		ExecutionOrderSort2 (0ms)
		AwakeInstancesAfterBackupRestoration (6ms)
Refreshing native plugins compatible for Editor in 4.72 ms, found 4 plugins.
Preloading 0 native plugins for Editor in 0.00 ms.
Unloading 3736 Unused Serialized files (Serialized files now loaded: 0)
Unloading 28 unused Assets / (33.6 KB). Loaded Objects now: 4248.
Memory consumption went from 208.3 MB to 208.3 MB.
Total: 3.690500 ms (FindLiveObjects: 0.399800 ms CreateObjectMapping: 0.113700 ms MarkObjects: 3.095600 ms  DeleteObjects: 0.080000 ms)

Prepare: number of updated asset objects reloaded= 0
AssetImportParameters requested are different than current active one (requested -> active):
  custom:container-demuxer-ogg: 62fdf1f143b41e24485cea50d1cbac27 -> 
  custom:video-codec-MediaFoundation-h265: 746d11721c4dcdbdad8f713fa42b33f4 -> 
  custom:video-decoder-ogg-theora: a1e56fd34408186e4bbccfd4996cb3dc -> 
  custom:framework-win-MediaFoundation: 216162199b28c13a410421893ffa2e32 -> 
  custom:CustomObjectIndexerAttribute: 9a22284fe3817be447336de3de66b15e -> 
  custom:container-demuxer-webm: 4f35f7cbe854078d1ac9338744f61a02 -> 
  custom:container-muxer-webm: aa71ff27fc2769a1b78a27578f13a17b -> 
  custom:video-decoder-webm-vp8: 9c59270c3fd7afecdb556c50c9e8de78 -> 
  custom:SearchIndexIgnoredProperties: e643bd26f0fe6173181afceb89e7c659 -> 
  custom:AudioImporter_EditorPlatform: d09bf68614088b80899f8185d706f6e7 -> 
  custom:video-encoder-webm-vp8: eb34c28f22e8b96e1ab97ce403110664 -> 
  custom:audio-decoder-ogg-vorbis: bf7c407c2cedff20999df2af8eb42d56 -> 
  custom:audio-encoder-webm-vorbis: bf7c407c2cedff20999df2af8eb42d56 -> 
========================================================================
Received Import Request.
  Time since last request: 2493.137951 seconds.
  path: Assets/Electrodomesticos/fbx (unity)/bowl_dirty.fbx
  artifactKey: Guid(6fdd731366a6eaa4eaeb439b73bc62cf) Importer(815301076,1909f56bfc062723c751e8b465ee728b)
Start importing Assets/Electrodomesticos/fbx (unity)/bowl_dirty.fbx using Guid(6fdd731366a6eaa4eaeb439b73bc62cf) Importer(815301076,1909f56bfc062723c751e8b465ee728b)  -> (artifact id: '13666fcbee976acff58ea81bd59d379e') in 0.129650 seconds
Number of updated asset objects reloaded before import = 0
Number of asset objects unloaded after import = 9
========================================================================
Received Import Request.
  Time since last request: 0.000042 seconds.
  path: Assets/Electrodomesticos/fbx (unity)/food_ingredient_vegetableburger_cooked.fbx
  artifactKey: Guid(afc58c9cd5006734daa0395be21e204f) Importer(815301076,1909f56bfc062723c751e8b465ee728b)
Start importing Assets/Electrodomesticos/fbx (unity)/food_ingredient_vegetableburger_cooked.fbx using Guid(afc58c9cd5006734daa0395be21e204f) Importer(815301076,1909f56bfc062723c751e8b465ee728b)  -> (artifact id: '75f2314d48c505b6169a78d0153dc0d6') in 0.024605 seconds
Number of updated asset objects reloaded before import = 0
Number of asset objects unloaded after import = 9
========================================================================
Received Import Request.
  Time since last request: 0.000043 seconds.
  path: Assets/Electrodomesticos/fbx (unity)/extractorhood.fbx
  artifactKey: Guid(48b0d65f5f17135449d23a8fdb081bc9) Importer(815301076,1909f56bfc062723c751e8b465ee728b)
Start importing Assets/Electrodomesticos/fbx (unity)/extractorhood.fbx using Guid(48b0d65f5f17135449d23a8fdb081bc9) Importer(815301076,1909f56bfc062723c751e8b465ee728b)  -> (artifact id: '359ceccdd3e727a14d38a0ff0ed72ec0') in 0.025256 seconds
Number of updated asset objects reloaded before import = 0
Number of asset objects unloaded after import = 9
========================================================================
Received Import Request.
  Time since last request: 0.000021 seconds.
  path: Assets/Electrodomesticos/fbx (unity)/food_ingredient_carrot.fbx
  artifactKey: Guid(120a9a468736e1e48bbf5779f458fc67) Importer(815301076,1909f56bfc062723c751e8b465ee728b)
Start importing Assets/Electrodomesticos/fbx (unity)/food_ingredient_carrot.fbx using Guid(120a9a468736e1e48bbf5779f458fc67) Importer(815301076,1909f56bfc062723c751e8b465ee728b)  -> (artifact id: '16e5fa6dfb7fdb5c63ef64c2b52dfc68') in 0.022363 seconds
Number of updated asset objects reloaded before import = 0
Number of asset objects unloaded after import = 9
========================================================================
Received Import Request.
  Time since last request: 0.000023 seconds.
  path: Assets/Electrodomesticos/fbx (unity)/food_ingredient_carrot_pieces.fbx
  artifactKey: Guid(7dd99255f878a044e884633578182ac3) Importer(815301076,1909f56bfc062723c751e8b465ee728b)
Start importing Assets/Electrodomesticos/fbx (unity)/food_ingredient_carrot_pieces.fbx using Guid(7dd99255f878a044e884633578182ac3) Importer(815301076,1909f56bfc062723c751e8b465ee728b)  -> (artifact id: 'dadfd6eac3b30eecd44cff9f9052ad6a') in 0.022531 seconds
Number of updated asset objects reloaded before import = 0
Number of asset objects unloaded after import = 9
========================================================================
Received Import Request.
  Time since last request: 0.000020 seconds.
  path: Assets/Electrodomesticos/fbx (unity)/food_ingredient_tomato_slices.fbx
  artifactKey: Guid(130530c38ab9d3b4b9a09d9f2c09b555) Importer(815301076,1909f56bfc062723c751e8b465ee728b)
Start importing Assets/Electrodomesticos/fbx (unity)/food_ingredient_tomato_slices.fbx using Guid(130530c38ab9d3b4b9a09d9f2c09b555) Importer(815301076,1909f56bfc062723c751e8b465ee728b)  -> (artifact id: '18489b0ba441a2f442d57c0385d3ff10') in 0.021017 seconds
Number of updated asset objects reloaded before import = 0
Number of asset objects unloaded after import = 9
========================================================================
Received Import Request.
  Time since last request: 0.000037 seconds.
  path: Assets/Electrodomesticos/fbx (unity)/food_ingredient_lettuce.fbx
  artifactKey: Guid(2ef204078968da7499c8c25cf834470c) Importer(815301076,1909f56bfc062723c751e8b465ee728b)
Start importing Assets/Electrodomesticos/fbx (unity)/food_ingredient_lettuce.fbx using Guid(2ef204078968da7499c8c25cf834470c) Importer(815301076,1909f56bfc062723c751e8b465ee728b)  -> (artifact id: '4ec264ed401364d7172ee900e0185c6e') in 0.028584 seconds
Number of updated asset objects reloaded before import = 0
Number of asset objects unloaded after import = 9
========================================================================
Received Import Request.
  Time since last request: 0.000019 seconds.
  path: Assets/Electrodomesticos/fbx (unity)/crate.fbx
  artifactKey: Guid(de52fd5b51ed3ca4ab0e0716b5b2bbb3) Importer(815301076,1909f56bfc062723c751e8b465ee728b)
Start importing Assets/Electrodomesticos/fbx (unity)/crate.fbx using Guid(de52fd5b51ed3ca4ab0e0716b5b2bbb3) Importer(815301076,1909f56bfc062723c751e8b465ee728b)  -> (artifact id: 'f790b2362ebff55236ce6a19a5890072') in 0.022757 seconds
Number of updated asset objects reloaded before import = 0
Number of asset objects unloaded after import = 9
========================================================================
Received Import Request.
  Time since last request: 0.000020 seconds.
  path: Assets/Electrodomesticos/fbx (unity)/food_ingredient_burger_uncooked.fbx
  artifactKey: Guid(618dbfd465a4f0042beb510d6f9d97e2) Importer(815301076,1909f56bfc062723c751e8b465ee728b)
Start importing Assets/Electrodomesticos/fbx (unity)/food_ingredient_burger_uncooked.fbx using Guid(618dbfd465a4f0042beb510d6f9d97e2) Importer(815301076,1909f56bfc062723c751e8b465ee728b)  -> (artifact id: 'bb04b9f9627befec35c4fac33de639ba') in 0.026845 seconds
Number of updated asset objects reloaded before import = 0
Number of asset objects unloaded after import = 9
========================================================================
Received Import Request.
  Time since last request: 0.000029 seconds.
  path: Assets/Electrodomesticos/fbx (unity)/kitchencounter_outercorner.fbx
  artifactKey: Guid(6cbb43281037ae849802da3ba75b575f) Importer(815301076,1909f56bfc062723c751e8b465ee728b)
Start importing Assets/Electrodomesticos/fbx (unity)/kitchencounter_outercorner.fbx using Guid(6cbb43281037ae849802da3ba75b575f) Importer(815301076,1909f56bfc062723c751e8b465ee728b)  -> (artifact id: 'd7a14fab58c79dd0525748b6eb07d5e2') in 0.021574 seconds
Number of updated asset objects reloaded before import = 0
Number of asset objects unloaded after import = 9
========================================================================
Received Import Request.
  Time since last request: 0.000022 seconds.
  path: Assets/Electrodomesticos/fbx (unity)/food_ingredient_vegetableburger_uncooked.fbx
  artifactKey: Guid(acf04d4acaa8dcd42b3110696ee76890) Importer(815301076,1909f56bfc062723c751e8b465ee728b)
Start importing Assets/Electrodomesticos/fbx (unity)/food_ingredient_vegetableburger_uncooked.fbx using Guid(acf04d4acaa8dcd42b3110696ee76890) Importer(815301076,1909f56bfc062723c751e8b465ee728b)  -> (artifact id: '9aeb67bc61a942af1c7ce6ff7a6c4e74') in 0.020712 seconds
Number of updated asset objects reloaded before import = 0
Number of asset objects unloaded after import = 9
========================================================================
Received Import Request.
  Time since last request: 0.000025 seconds.
  path: Assets/Electrodomesticos/fbx (unity)/fridge_B.fbx
  artifactKey: Guid(38967ae3836a449499b33641a87375ca) Importer(815301076,1909f56bfc062723c751e8b465ee728b)
Start importing Assets/Electrodomesticos/fbx (unity)/fridge_B.fbx using Guid(38967ae3836a449499b33641a87375ca) Importer(815301076,1909f56bfc062723c751e8b465ee728b)  -> (artifact id: '5c6986722b43157bef1a1ac523f0f4c6') in 0.028438 seconds
Number of updated asset objects reloaded before import = 0
Number of asset objects unloaded after import = 14
========================================================================
Received Import Request.
  Time since last request: 0.000035 seconds.
  path: Assets/Electrodomesticos/fbx (unity)/cuttingboard.fbx
  artifactKey: Guid(5810342a62dbcd84699824ecccff4fe3) Importer(815301076,1909f56bfc062723c751e8b465ee728b)
Start importing Assets/Electrodomesticos/fbx (unity)/cuttingboard.fbx using Guid(5810342a62dbcd84699824ecccff4fe3) Importer(815301076,1909f56bfc062723c751e8b465ee728b)  -> (artifact id: 'e66df3b323e52a8c47cfbab09d1f5add') in 0.019391 seconds
Number of updated asset objects reloaded before import = 0
Number of asset objects unloaded after import = 9
========================================================================
Received Import Request.
  Time since last request: 0.000115 seconds.
  path: Assets/Electrodomesticos/fbx (unity)/crate_lettuce.fbx
  artifactKey: Guid(4b4c4e2214f113743b017008d7858368) Importer(815301076,1909f56bfc062723c751e8b465ee728b)
Start importing Assets/Electrodomesticos/fbx (unity)/crate_lettuce.fbx using Guid(4b4c4e2214f113743b017008d7858368) Importer(815301076,1909f56bfc062723c751e8b465ee728b)  -> (artifact id: '661668a7c4a7b6dd50b5672daf8feff9') in 0.020356 seconds
Number of updated asset objects reloaded before import = 0
Number of asset objects unloaded after import = 9
========================================================================
Received Import Request.
  Time since last request: 0.000024 seconds.
  path: Assets/Electrodomesticos/fbx (unity)/food_ingredient_tomato.fbx
  artifactKey: Guid(d4c5f00fbc1021342a657f2971867103) Importer(815301076,1909f56bfc062723c751e8b465ee728b)
Start importing Assets/Electrodomesticos/fbx (unity)/food_ingredient_tomato.fbx using Guid(d4c5f00fbc1021342a657f2971867103) Importer(815301076,1909f56bfc062723c751e8b465ee728b)  -> (artifact id: 'c9480d5f6330bc84eed99f8073fc1fe1') in 0.023535 seconds
Number of updated asset objects reloaded before import = 0
Number of asset objects unloaded after import = 9
========================================================================
Received Import Request.
  Time since last request: 0.000024 seconds.
  path: Assets/Electrodomesticos/fbx (unity)/food_stew.fbx
  artifactKey: Guid(ec28694b8abd80c488e1dc8712629566) Importer(815301076,1909f56bfc062723c751e8b465ee728b)
Start importing Assets/Electrodomesticos/fbx (unity)/food_stew.fbx using Guid(ec28694b8abd80c488e1dc8712629566) Importer(815301076,1909f56bfc062723c751e8b465ee728b)  -> (artifact id: '87fb7fa775521933b02be19741b40df0') in 0.021624 seconds
Number of updated asset objects reloaded before import = 0
Number of asset objects unloaded after import = 9
========================================================================
Received Import Request.
  Time since last request: 0.000021 seconds.
  path: Assets/Electrodomesticos/fbx (unity)/food_ingredient_potato_mashed.fbx
  artifactKey: Guid(4c8decafba7f1024dba2ad37dd65c2f0) Importer(815301076,1909f56bfc062723c751e8b465ee728b)
Start importing Assets/Electrodomesticos/fbx (unity)/food_ingredient_potato_mashed.fbx using Guid(4c8decafba7f1024dba2ad37dd65c2f0) Importer(815301076,1909f56bfc062723c751e8b465ee728b)  -> (artifact id: 'bba12614084e24995478311a26691d76') in 0.022331 seconds
Number of updated asset objects reloaded before import = 0
Number of asset objects unloaded after import = 9
========================================================================
Received Import Request.
  Time since last request: 0.000026 seconds.
  path: Assets/Electrodomesticos/fbx (unity)/jar_A_small.fbx
  artifactKey: Guid(4e7f28a42c791ee42a32d9e73fea8880) Importer(815301076,1909f56bfc062723c751e8b465ee728b)
Start importing Assets/Electrodomesticos/fbx (unity)/jar_A_small.fbx using Guid(4e7f28a42c791ee42a32d9e73fea8880) Importer(815301076,1909f56bfc062723c751e8b465ee728b)  -> (artifact id: '4f93914ac23a083d3455a992091cee22') in 0.023141 seconds
Number of updated asset objects reloaded before import = 0
Number of asset objects unloaded after import = 9
========================================================================
Received Import Request.
  Time since last request: 0.000021 seconds.
  path: Assets/Electrodomesticos/fbx (unity)/food_ingredient_potato.fbx
  artifactKey: Guid(1685868bccd6ea049bcf99ec326e283a) Importer(815301076,1909f56bfc062723c751e8b465ee728b)
Start importing Assets/Electrodomesticos/fbx (unity)/food_ingredient_potato.fbx using Guid(1685868bccd6ea049bcf99ec326e283a) Importer(815301076,1909f56bfc062723c751e8b465ee728b)  -> (artifact id: '563a0da0e57a89d1acb962839e2f2212') in 0.022469 seconds
Number of updated asset objects reloaded before import = 0
Number of asset objects unloaded after import = 9
========================================================================
Received Import Request.
  Time since last request: 0.000018 seconds.
  path: Assets/Electrodomesticos/fbx (unity)/food_ingredient_onion_chopped.fbx
  artifactKey: Guid(e216b5017b247b8429ad22b400caa404) Importer(815301076,1909f56bfc062723c751e8b465ee728b)
Start importing Assets/Electrodomesticos/fbx (unity)/food_ingredient_onion_chopped.fbx using Guid(e216b5017b247b8429ad22b400caa404) Importer(815301076,1909f56bfc062723c751e8b465ee728b)  -> (artifact id: 'aa5cbb65219ebfd2b41d2ed00e5880e5') in 0.023579 seconds
Number of updated asset objects reloaded before import = 0
Number of asset objects unloaded after import = 9
========================================================================
Received Import Request.
  Time since last request: 0.000020 seconds.
  path: Assets/Electrodomesticos/fbx (unity)/kitchencounter_innercorner_backsplash.fbx
  artifactKey: Guid(9d8c9fda88f25fe4d904d985c88f8db7) Importer(815301076,1909f56bfc062723c751e8b465ee728b)
Start importing Assets/Electrodomesticos/fbx (unity)/kitchencounter_innercorner_backsplash.fbx using Guid(9d8c9fda88f25fe4d904d985c88f8db7) Importer(815301076,1909f56bfc062723c751e8b465ee728b)  -> (artifact id: '543448887f4f390d69a4927ccd1b1acb') in 0.022258 seconds
Number of updated asset objects reloaded before import = 0
Number of asset objects unloaded after import = 9
========================================================================
Received Import Request.
  Time since last request: 0.000024 seconds.
  path: Assets/Electrodomesticos/fbx (unity)/food_ingredient_ham_trash.fbx
  artifactKey: Guid(ac5d83373bf6e514ca6dcdd95e77f0e9) Importer(815301076,1909f56bfc062723c751e8b465ee728b)
Start importing Assets/Electrodomesticos/fbx (unity)/food_ingredient_ham_trash.fbx using Guid(ac5d83373bf6e514ca6dcdd95e77f0e9) Importer(815301076,1909f56bfc062723c751e8b465ee728b)  -> (artifact id: '6de3e4b0c0937f6fa51e9076fa6adaf5') in 0.021768 seconds
Number of updated asset objects reloaded before import = 0
Number of asset objects unloaded after import = 9
========================================================================
Received Import Request.
  Time since last request: 0.000028 seconds.
  path: Assets/Electrodomesticos/fbx (unity)/food_ingredient_burger_trash.fbx
  artifactKey: Guid(a9881bc4c8ef9f74bbe147fd5217a74a) Importer(815301076,1909f56bfc062723c751e8b465ee728b)
Start importing Assets/Electrodomesticos/fbx (unity)/food_ingredient_burger_trash.fbx using Guid(a9881bc4c8ef9f74bbe147fd5217a74a) Importer(815301076,1909f56bfc062723c751e8b465ee728b)  -> (artifact id: 'a1fe0df6c01471a2cc890c566ea6f1a2') in 0.021047 seconds
Number of updated asset objects reloaded before import = 0
Number of asset objects unloaded after import = 9
========================================================================
Received Import Request.
  Time since last request: 0.000018 seconds.
  path: Assets/Electrodomesticos/fbx (unity)/crate_buns.fbx
  artifactKey: Guid(b923f41796d1482488a82c999ce1efaa) Importer(815301076,1909f56bfc062723c751e8b465ee728b)
Start importing Assets/Electrodomesticos/fbx (unity)/crate_buns.fbx using Guid(b923f41796d1482488a82c999ce1efaa) Importer(815301076,1909f56bfc062723c751e8b465ee728b)  -> (artifact id: '313dccd9652126d7580b7ed0b24e4f92') in 0.022369 seconds
Number of updated asset objects reloaded before import = 0
Number of asset objects unloaded after import = 9
========================================================================
Received Import Request.
  Time since last request: 0.000023 seconds.
  path: Assets/Electrodomesticos/fbx (unity)/fridge_A.fbx
  artifactKey: Guid(ff39c7cf54152e74585d3bfc84ce0e47) Importer(815301076,1909f56bfc062723c751e8b465ee728b)
Start importing Assets/Electrodomesticos/fbx (unity)/fridge_A.fbx using Guid(ff39c7cf54152e74585d3bfc84ce0e47) Importer(815301076,1909f56bfc062723c751e8b465ee728b)  -> (artifact id: 'd9e5c0d33b9f7b693a1f548742dfacce') in 0.037385 seconds
Number of updated asset objects reloaded before import = 0
Number of asset objects unloaded after import = 19
========================================================================
Received Import Request.
  Time since last request: 0.000023 seconds.
  path: Assets/Electrodomesticos/fbx (unity)/crate_carrots.fbx
  artifactKey: Guid(cd845cd5c8ca0ba44914081fe28b85d3) Importer(815301076,1909f56bfc062723c751e8b465ee728b)
Start importing Assets/Electrodomesticos/fbx (unity)/crate_carrots.fbx using Guid(cd845cd5c8ca0ba44914081fe28b85d3) Importer(815301076,1909f56bfc062723c751e8b465ee728b)  -> (artifact id: 'b03a08a784871a33ba8e08a27680e7d3') in 0.022645 seconds
Number of updated asset objects reloaded before import = 0
Number of asset objects unloaded after import = 9
========================================================================
Received Import Request.
  Time since last request: 0.000019 seconds.
  path: Assets/Electrodomesticos/fbx (unity)/floor_kitchen.fbx
  artifactKey: Guid(a10dfef75e0c5c149b9dad0563c1c6f4) Importer(815301076,1909f56bfc062723c751e8b465ee728b)
Start importing Assets/Electrodomesticos/fbx (unity)/floor_kitchen.fbx using Guid(a10dfef75e0c5c149b9dad0563c1c6f4) Importer(815301076,1909f56bfc062723c751e8b465ee728b)  -> (artifact id: '68ad126b055cae6b2da6f024731ef36c') in 0.018197 seconds
Number of updated asset objects reloaded before import = 0
Number of asset objects unloaded after import = 9
========================================================================
Received Import Request.
  Time since last request: 0.000020 seconds.
  path: Assets/Electrodomesticos/fbx (unity)/food_ingredient_steak_pieces.fbx
  artifactKey: Guid(57816470ab3b4cb4182d9971f80f379e) Importer(815301076,1909f56bfc062723c751e8b465ee728b)
Start importing Assets/Electrodomesticos/fbx (unity)/food_ingredient_steak_pieces.fbx using Guid(57816470ab3b4cb4182d9971f80f379e) Importer(815301076,1909f56bfc062723c751e8b465ee728b)  -> (artifact id: '30c9b40085cd62d662a85b25efb12e59') in 0.019965 seconds
Number of updated asset objects reloaded before import = 0
Number of asset objects unloaded after import = 9
========================================================================
Received Import Request.
  Time since last request: 0.000017 seconds.
  path: Assets/Electrodomesticos/fbx (unity)/food_ingredient_ham_cooked.fbx
  artifactKey: Guid(4195c9fdf104fde49a9b89ba3c4bbd6a) Importer(815301076,1909f56bfc062723c751e8b465ee728b)
Start importing Assets/Electrodomesticos/fbx (unity)/food_ingredient_ham_cooked.fbx using Guid(4195c9fdf104fde49a9b89ba3c4bbd6a) Importer(815301076,1909f56bfc062723c751e8b465ee728b)  -> (artifact id: '055e4951180a538f1cf964afb9e00602') in 0.020480 seconds
Number of updated asset objects reloaded before import = 0
Number of asset objects unloaded after import = 9
========================================================================
Received Import Request.
  Time since last request: 0.000018 seconds.
  path: Assets/Electrodomesticos/fbx (unity)/jar_B_small.fbx
  artifactKey: Guid(6345ff5be01515d4a9bf25aefb42d0c7) Importer(815301076,1909f56bfc062723c751e8b465ee728b)
Start importing Assets/Electrodomesticos/fbx (unity)/jar_B_small.fbx using Guid(6345ff5be01515d4a9bf25aefb42d0c7) Importer(815301076,1909f56bfc062723c751e8b465ee728b)  -> (artifact id: '40f3b026222b4f85694162f250f9d997') in 0.019895 seconds
Number of updated asset objects reloaded before import = 0
Number of asset objects unloaded after import = 9
========================================================================
Received Import Request.
  Time since last request: 0.000019 seconds.
  path: Assets/Electrodomesticos/fbx (unity)/food_dinner.fbx
  artifactKey: Guid(78051346d728e174c82c1a31a80eeee1) Importer(815301076,1909f56bfc062723c751e8b465ee728b)
Start importing Assets/Electrodomesticos/fbx (unity)/food_dinner.fbx using Guid(78051346d728e174c82c1a31a80eeee1) Importer(815301076,1909f56bfc062723c751e8b465ee728b)  -> (artifact id: '2e1b3fad45f226851c2e2a6bcdfa01e3') in 0.019218 seconds
Number of updated asset objects reloaded before import = 0
Number of asset objects unloaded after import = 9
========================================================================
Received Import Request.
  Time since last request: 0.000077 seconds.
  path: Assets/Electrodomesticos/fbx (unity)/ketchup.fbx
  artifactKey: Guid(fab2784a0161a934382a5f0fbc253115) Importer(815301076,1909f56bfc062723c751e8b465ee728b)
Start importing Assets/Electrodomesticos/fbx (unity)/ketchup.fbx using Guid(fab2784a0161a934382a5f0fbc253115) Importer(815301076,1909f56bfc062723c751e8b465ee728b)  -> (artifact id: '3304269e444b78b1a8b3a6d5ea5393f0') in 0.019682 seconds
Number of updated asset objects reloaded before import = 0
Number of asset objects unloaded after import = 9
========================================================================
Received Import Request.
  Time since last request: 0.000033 seconds.
  path: Assets/Electrodomesticos/fbx (unity)/door_B.fbx
  artifactKey: Guid(e63c2a06bb1cf53429cae8008aa286cb) Importer(815301076,1909f56bfc062723c751e8b465ee728b)
Start importing Assets/Electrodomesticos/fbx (unity)/door_B.fbx using Guid(e63c2a06bb1cf53429cae8008aa286cb) Importer(815301076,1909f56bfc062723c751e8b465ee728b)  -> (artifact id: '772822fcba860d8e2cef353a22b2bd2d') in 0.019260 seconds
Number of updated asset objects reloaded before import = 0
Number of asset objects unloaded after import = 9
========================================================================
Received Import Request.
  Time since last request: 0.000019 seconds.
  path: Assets/Electrodomesticos/fbx (unity)/food_ingredient_burger_cooked.fbx
  artifactKey: Guid(fb2ffffe566d157408d9270cdb0ee47a) Importer(815301076,1909f56bfc062723c751e8b465ee728b)
Start importing Assets/Electrodomesticos/fbx (unity)/food_ingredient_burger_cooked.fbx using Guid(fb2ffffe566d157408d9270cdb0ee47a) Importer(815301076,1909f56bfc062723c751e8b465ee728b)  -> (artifact id: 'eafe51ee54bb99b8bdacb2a61f3e2798') in 0.020328 seconds
Number of updated asset objects reloaded before import = 0
Number of asset objects unloaded after import = 9
========================================================================
Received Import Request.
  Time since last request: 0.000015 seconds.
  path: Assets/Electrodomesticos/fbx (unity)/floor_kitchen_small.fbx
  artifactKey: Guid(0e589b2ba11d7034eb52e10b361a7660) Importer(815301076,1909f56bfc062723c751e8b465ee728b)
Start importing Assets/Electrodomesticos/fbx (unity)/floor_kitchen_small.fbx using Guid(0e589b2ba11d7034eb52e10b361a7660) Importer(815301076,1909f56bfc062723c751e8b465ee728b)  -> (artifact id: '7d400c6a8b6c62a2cd2ec6386cd50824') in 0.019899 seconds
Number of updated asset objects reloaded before import = 0
Number of asset objects unloaded after import = 9
========================================================================
Received Import Request.
  Time since last request: 0.000017 seconds.
  path: Assets/Electrodomesticos/fbx (unity)/food_vegetableburger.fbx
  artifactKey: Guid(8ac27cbbeb48a5a4d9d58f50a2a87ef6) Importer(815301076,1909f56bfc062723c751e8b465ee728b)
Start importing Assets/Electrodomesticos/fbx (unity)/food_vegetableburger.fbx using Guid(8ac27cbbeb48a5a4d9d58f50a2a87ef6) Importer(815301076,1909f56bfc062723c751e8b465ee728b)  -> (artifact id: '5733b3791e2b2f814a67935e32257f41') in 0.020113 seconds
Number of updated asset objects reloaded before import = 0
Number of asset objects unloaded after import = 9
========================================================================
Received Import Request.
  Time since last request: 0.000016 seconds.
  path: Assets/Electrodomesticos/fbx (unity)/kitchencabinet_corner_half.fbx
  artifactKey: Guid(7f261b586d4393d419c4fd0d9f5b6d36) Importer(815301076,1909f56bfc062723c751e8b465ee728b)
Start importing Assets/Electrodomesticos/fbx (unity)/kitchencabinet_corner_half.fbx using Guid(7f261b586d4393d419c4fd0d9f5b6d36) Importer(815301076,1909f56bfc062723c751e8b465ee728b)  -> (artifact id: '5444670a963377ad7f30bfc1528286c1') in 0.019614 seconds
Number of updated asset objects reloaded before import = 0
Number of asset objects unloaded after import = 9
========================================================================
Received Import Request.
  Time since last request: 0.000014 seconds.
  path: Assets/Electrodomesticos/fbx (unity)/chair_A.fbx
  artifactKey: Guid(a0cb7f521f151664698f98d69cca6c29) Importer(815301076,1909f56bfc062723c751e8b465ee728b)
Start importing Assets/Electrodomesticos/fbx (unity)/chair_A.fbx using Guid(a0cb7f521f151664698f98d69cca6c29) Importer(815301076,1909f56bfc062723c751e8b465ee728b)  -> (artifact id: '2eb72637db151640c1970d275ce0eb60') in 0.021455 seconds
Number of updated asset objects reloaded before import = 0
Number of asset objects unloaded after import = 9
========================================================================
Received Import Request.
  Time since last request: 0.000017 seconds.
  path: Assets/Electrodomesticos/fbx (unity)/jar_B_large.fbx
  artifactKey: Guid(f4351b753700f48439f9d7266a30c244) Importer(815301076,1909f56bfc062723c751e8b465ee728b)
Start importing Assets/Electrodomesticos/fbx (unity)/jar_B_large.fbx using Guid(f4351b753700f48439f9d7266a30c244) Importer(815301076,1909f56bfc062723c751e8b465ee728b)  -> (artifact id: '6adbc8d6cb48e30215a2a0019b1dc76d') in 0.020207 seconds
Number of updated asset objects reloaded before import = 0
Number of asset objects unloaded after import = 9
========================================================================
Received Import Request.
  Time since last request: 0.000017 seconds.
  path: Assets/Electrodomesticos/fbx (unity)/crate_onions.fbx
  artifactKey: Guid(0538a50615cc45046ad121046e8dc681) Importer(815301076,1909f56bfc062723c751e8b465ee728b)
Start importing Assets/Electrodomesticos/fbx (unity)/crate_onions.fbx using Guid(0538a50615cc45046ad121046e8dc681) Importer(815301076,1909f56bfc062723c751e8b465ee728b)  -> (artifact id: 'cecd6068d036a01140640d18ce5ca455') in 0.025714 seconds
Number of updated asset objects reloaded before import = 0
Number of asset objects unloaded after import = 9
========================================================================
Received Import Request.
  Time since last request: 0.000020 seconds.
  path: Assets/Electrodomesticos/fbx (unity)/food_ingredient_lettuce_chopped.fbx
  artifactKey: Guid(794338911b9e8d44e9762be498491973) Importer(815301076,1909f56bfc062723c751e8b465ee728b)
Start importing Assets/Electrodomesticos/fbx (unity)/food_ingredient_lettuce_chopped.fbx using Guid(794338911b9e8d44e9762be498491973) Importer(815301076,1909f56bfc062723c751e8b465ee728b)  -> (artifact id: '6be119ed15e9c7f9ede44068a93678aa') in 0.021782 seconds
Number of updated asset objects reloaded before import = 0
Number of asset objects unloaded after import = 9
========================================================================
Received Import Request.
  Time since last request: 4.142620 seconds.
  path: Assets/Electrodomesticos/fbx (unity)/kitchencounter_straight_A.fbx
  artifactKey: Guid(a4803f7fddb2b3d4b96273467cd80cfa) Importer(815301076,1909f56bfc062723c751e8b465ee728b)
Start importing Assets/Electrodomesticos/fbx (unity)/kitchencounter_straight_A.fbx using Guid(a4803f7fddb2b3d4b96273467cd80cfa) Importer(815301076,1909f56bfc062723c751e8b465ee728b)  -> (artifact id: '30a4b6e61100a9dc7a1478be01603676') in 0.019846 seconds
Number of updated asset objects reloaded before import = 0
Number of asset objects unloaded after import = 9
========================================================================
Received Import Request.
  Time since last request: 0.000017 seconds.
  path: Assets/Electrodomesticos/fbx (unity)/kitchentable_sink.fbx
  artifactKey: Guid(be10305aaba87cb47b428d247c15a0aa) Importer(815301076,1909f56bfc062723c751e8b465ee728b)
Start importing Assets/Electrodomesticos/fbx (unity)/kitchentable_sink.fbx using Guid(be10305aaba87cb47b428d247c15a0aa) Importer(815301076,1909f56bfc062723c751e8b465ee728b)  -> (artifact id: '6d62ab9f506bd5ea109c70c22f1815bd') in 0.023743 seconds
Number of updated asset objects reloaded before import = 0
Number of asset objects unloaded after import = 9
========================================================================
Received Import Request.
  Time since last request: 0.000016 seconds.
  path: Assets/Electrodomesticos/fbx (unity)/kitchentable_B_large.fbx
  artifactKey: Guid(b1601d40fba88fb46b00c3db19a9537a) Importer(815301076,1909f56bfc062723c751e8b465ee728b)
Start importing Assets/Electrodomesticos/fbx (unity)/kitchentable_B_large.fbx using Guid(b1601d40fba88fb46b00c3db19a9537a) Importer(815301076,1909f56bfc062723c751e8b465ee728b)  -> (artifact id: '1d6875d1cd8c1eb27e11f5b80a9f093b') in 0.021759 seconds
Number of updated asset objects reloaded before import = 0
Number of asset objects unloaded after import = 9
========================================================================
Received Import Request.
  Time since last request: 0.000018 seconds.
  path: Assets/Electrodomesticos/fbx (unity)/kitchentable_A_large.fbx
  artifactKey: Guid(40b948b86a60dc8469fa5c136abd4fe3) Importer(815301076,1909f56bfc062723c751e8b465ee728b)
Start importing Assets/Electrodomesticos/fbx (unity)/kitchentable_A_large.fbx using Guid(40b948b86a60dc8469fa5c136abd4fe3) Importer(815301076,1909f56bfc062723c751e8b465ee728b)  -> (artifact id: '8a0a452f055414c5c1e878a4c288fba0') in 0.020378 seconds
Number of updated asset objects reloaded before import = 0
Number of asset objects unloaded after import = 9
========================================================================
Received Import Request.
  Time since last request: 0.000022 seconds.
  path: Assets/Electrodomesticos/fbx (unity)/kitchencounter_straight_B.fbx
  artifactKey: Guid(85ecd02fc4141724e9021482ac20cd4c) Importer(815301076,1909f56bfc062723c751e8b465ee728b)
Start importing Assets/Electrodomesticos/fbx (unity)/kitchencounter_straight_B.fbx using Guid(85ecd02fc4141724e9021482ac20cd4c) Importer(815301076,1909f56bfc062723c751e8b465ee728b)  -> (artifact id: '8423f3c181247a21a2f06e858d70c138') in 0.021539 seconds
Number of updated asset objects reloaded before import = 0
Number of asset objects unloaded after import = 9
========================================================================
Received Import Request.
  Time since last request: 0.000019 seconds.
  path: Assets/Electrodomesticos/fbx (unity)/menu.fbx
  artifactKey: Guid(6d01804f7322348428078c99e7cada78) Importer(815301076,1909f56bfc062723c751e8b465ee728b)
Start importing Assets/Electrodomesticos/fbx (unity)/menu.fbx using Guid(6d01804f7322348428078c99e7cada78) Importer(815301076,1909f56bfc062723c751e8b465ee728b)  -> (artifact id: '37d277b7bb8e128fca7551258248f508') in 0.019612 seconds
Number of updated asset objects reloaded before import = 0
Number of asset objects unloaded after import = 9
========================================================================
Received Import Request.
  Time since last request: 0.000027 seconds.
  path: Assets/Electrodomesticos/fbx (unity)/lid_A.fbx
  artifactKey: Guid(38db4b6ce88bbd846ae7413e0174e7da) Importer(815301076,1909f56bfc062723c751e8b465ee728b)
Start importing Assets/Electrodomesticos/fbx (unity)/lid_A.fbx using Guid(38db4b6ce88bbd846ae7413e0174e7da) Importer(815301076,1909f56bfc062723c751e8b465ee728b)  -> (artifact id: 'efdf8ec7cde37949224f6bc446825b3d') in 0.018968 seconds
Number of updated asset objects reloaded before import = 0
Number of asset objects unloaded after import = 9
========================================================================
Received Import Request.
  Time since last request: 0.000019 seconds.
  path: Assets/Electrodomesticos/fbx (unity)/kitchentable_sink_large_decorated.fbx
  artifactKey: Guid(7aae49f849bcd1e49a842406c00ba35f) Importer(815301076,1909f56bfc062723c751e8b465ee728b)
Start importing Assets/Electrodomesticos/fbx (unity)/kitchentable_sink_large_decorated.fbx using Guid(7aae49f849bcd1e49a842406c00ba35f) Importer(815301076,1909f56bfc062723c751e8b465ee728b)  -> (artifact id: '887c3c432f57760c8df9328815a47e71') in 0.019539 seconds
Number of updated asset objects reloaded before import = 0
Number of asset objects unloaded after import = 9
========================================================================
Received Import Request.
  Time since last request: 0.000027 seconds.
  path: Assets/Electrodomesticos/fbx (unity)/kitchencounter_straight_B_backsplash.fbx
  artifactKey: Guid(4244083bb2b656046996801fc0e5bd81) Importer(815301076,1909f56bfc062723c751e8b465ee728b)
Start importing Assets/Electrodomesticos/fbx (unity)/kitchencounter_straight_B_backsplash.fbx using Guid(4244083bb2b656046996801fc0e5bd81) Importer(815301076,1909f56bfc062723c751e8b465ee728b)  -> (artifact id: '4b62094d33ae1bec5405bfe3fc040159') in 0.020030 seconds
Number of updated asset objects reloaded before import = 0
Number of asset objects unloaded after import = 9
========================================================================
Received Import Request.
  Time since last request: 0.000017 seconds.
  path: Assets/Electrodomesticos/fbx (unity)/kitchencounter_straight_A_backsplash.fbx
  artifactKey: Guid(8598455c5b60cda4481b6e4e289eac55) Importer(815301076,1909f56bfc062723c751e8b465ee728b)
Start importing Assets/Electrodomesticos/fbx (unity)/kitchencounter_straight_A_backsplash.fbx using Guid(8598455c5b60cda4481b6e4e289eac55) Importer(815301076,1909f56bfc062723c751e8b465ee728b)  -> (artifact id: '695c0bd711ff538df42959165d249dba') in 0.020625 seconds
Number of updated asset objects reloaded before import = 0
Number of asset objects unloaded after import = 9
========================================================================
Received Import Request.
  Time since last request: 0.000026 seconds.
  path: Assets/Electrodomesticos/fbx (unity)/knife.fbx
  artifactKey: Guid(0ae554f3dab22da47a7d845c1dcd746d) Importer(815301076,1909f56bfc062723c751e8b465ee728b)
Start importing Assets/Electrodomesticos/fbx (unity)/knife.fbx using Guid(0ae554f3dab22da47a7d845c1dcd746d) Importer(815301076,1909f56bfc062723c751e8b465ee728b)  -> (artifact id: '83b92f3e7ff59c805d3f236d0e938a1b') in 0.018273 seconds
Number of updated asset objects reloaded before import = 0
Number of asset objects unloaded after import = 9
========================================================================
Received Import Request.
  Time since last request: 0.051556 seconds.
  path: Assets/Electrodomesticos/fbx (unity)/pan_006.fbx
  artifactKey: Guid(b9d144a96bdd30f42954d397b8886b10) Importer(815301076,1909f56bfc062723c751e8b465ee728b)
Start importing Assets/Electrodomesticos/fbx (unity)/pan_006.fbx using Guid(b9d144a96bdd30f42954d397b8886b10) Importer(815301076,1909f56bfc062723c751e8b465ee728b)  -> (artifact id: '987305945e1eed0ba6d2130169363f02') in 0.027061 seconds
Number of updated asset objects reloaded before import = 0
Number of asset objects unloaded after import = 9
========================================================================
Received Import Request.
  Time since last request: 0.000018 seconds.
  path: Assets/Electrodomesticos/fbx (unity)/pillar_B.fbx
  artifactKey: Guid(956738e5c9f735f44a076a86b6cd9417) Importer(815301076,1909f56bfc062723c751e8b465ee728b)
Start importing Assets/Electrodomesticos/fbx (unity)/pillar_B.fbx using Guid(956738e5c9f735f44a076a86b6cd9417) Importer(815301076,1909f56bfc062723c751e8b465ee728b)  -> (artifact id: '576eb3e61fa5041b4ebfd0a6a0a4166b') in 0.021194 seconds
Number of updated asset objects reloaded before import = 0
Number of asset objects unloaded after import = 9
========================================================================
Received Import Request.
  Time since last request: 0.000021 seconds.
  path: Assets/Electrodomesticos/fbx (unity)/pot_B.fbx
  artifactKey: Guid(a521f23a44f0e6e49ae290631b4ce076) Importer(815301076,1909f56bfc062723c751e8b465ee728b)
Start importing Assets/Electrodomesticos/fbx (unity)/pot_B.fbx using Guid(a521f23a44f0e6e49ae290631b4ce076) Importer(815301076,1909f56bfc062723c751e8b465ee728b)  -> (artifact id: 'f70ba5faf61384ad3fcd4fd93f77254b') in 0.021556 seconds
Number of updated asset objects reloaded before import = 0
Number of asset objects unloaded after import = 9
========================================================================
Received Import Request.
  Time since last request: 0.000016 seconds.
  path: Assets/Electrodomesticos/fbx (unity)/stew_pot.fbx
  artifactKey: Guid(9157b44e9d0b7214e8690ac43275af9c) Importer(815301076,1909f56bfc062723c751e8b465ee728b)
Start importing Assets/Electrodomesticos/fbx (unity)/stew_pot.fbx using Guid(9157b44e9d0b7214e8690ac43275af9c) Importer(815301076,1909f56bfc062723c751e8b465ee728b)  -> (artifact id: '2687ea1a4fe61345ee2daa356a1fa37f') in 0.020977 seconds
Number of updated asset objects reloaded before import = 0
Number of asset objects unloaded after import = 9
========================================================================
Received Import Request.
  Time since last request: 0.000021 seconds.
  path: Assets/Electrodomesticos/fbx (unity)/pan_B.fbx
  artifactKey: Guid(91b869a1b7faf094f800fdb5a74e56f0) Importer(815301076,1909f56bfc062723c751e8b465ee728b)
Start importing Assets/Electrodomesticos/fbx (unity)/pan_B.fbx using Guid(91b869a1b7faf094f800fdb5a74e56f0) Importer(815301076,1909f56bfc062723c751e8b465ee728b)  -> (artifact id: 'cce9b10533f89a382615453809692b9f') in 0.018452 seconds
Number of updated asset objects reloaded before import = 0
Number of asset objects unloaded after import = 9
========================================================================
Received Import Request.
  Time since last request: 0.000048 seconds.
  path: Assets/Electrodomesticos/fbx (unity)/plate_dirty.fbx
  artifactKey: Guid(e6929cf073a6dc748836b160b13e2804) Importer(815301076,1909f56bfc062723c751e8b465ee728b)
Start importing Assets/Electrodomesticos/fbx (unity)/plate_dirty.fbx using Guid(e6929cf073a6dc748836b160b13e2804) Importer(815301076,1909f56bfc062723c751e8b465ee728b)  -> (artifact id: 'c3fc5e45682c2f11975423e78ddca179') in 0.018330 seconds
Number of updated asset objects reloaded before import = 0
Number of asset objects unloaded after import = 9
========================================================================
Received Import Request.
  Time since last request: 0.000019 seconds.
  path: Assets/Electrodomesticos/fbx (unity)/stove_multi.fbx
  artifactKey: Guid(c7c5e0d9b7e40084b99446b1514380c6) Importer(815301076,1909f56bfc062723c751e8b465ee728b)
Start importing Assets/Electrodomesticos/fbx (unity)/stove_multi.fbx using Guid(c7c5e0d9b7e40084b99446b1514380c6) Importer(815301076,1909f56bfc062723c751e8b465ee728b)  -> (artifact id: 'c617539215dd7e1b01199de9c59ad74c') in 0.019840 seconds
Number of updated asset objects reloaded before import = 0
Number of asset objects unloaded after import = 9
========================================================================
Received Import Request.
  Time since last request: 0.000018 seconds.
  path: Assets/Electrodomesticos/fbx (unity)/plate_small.fbx
  artifactKey: Guid(9c6d6337818bb864988e834435c4a2c2) Importer(815301076,1909f56bfc062723c751e8b465ee728b)
Start importing Assets/Electrodomesticos/fbx (unity)/plate_small.fbx using Guid(9c6d6337818bb864988e834435c4a2c2) Importer(815301076,1909f56bfc062723c751e8b465ee728b)  -> (artifact id: '0f082bde8929c98bf972fe97a502d81f') in 0.017940 seconds
Number of updated asset objects reloaded before import = 0
Number of asset objects unloaded after import = 9
========================================================================
Received Import Request.
  Time since last request: 0.000031 seconds.
  path: Assets/Electrodomesticos/fbx (unity)/pot_A.fbx
  artifactKey: Guid(c1d6422478202c940951d29c85d0f40e) Importer(815301076,1909f56bfc062723c751e8b465ee728b)
Start importing Assets/Electrodomesticos/fbx (unity)/pot_A.fbx using Guid(c1d6422478202c940951d29c85d0f40e) Importer(815301076,1909f56bfc062723c751e8b465ee728b)  -> (artifact id: '2c5f3cdf5c5ef14c47781ad65a18ce01') in 0.021764 seconds
Number of updated asset objects reloaded before import = 0
Number of asset objects unloaded after import = 9
========================================================================
Received Import Request.
  Time since last request: 0.000017 seconds.
  path: Assets/Electrodomesticos/fbx (unity)/pot_B_stew.fbx
  artifactKey: Guid(8f9f510d1c4e3d947bbb66f8dc7bd70b) Importer(815301076,1909f56bfc062723c751e8b465ee728b)
Start importing Assets/Electrodomesticos/fbx (unity)/pot_B_stew.fbx using Guid(8f9f510d1c4e3d947bbb66f8dc7bd70b) Importer(815301076,1909f56bfc062723c751e8b465ee728b)  -> (artifact id: 'e3ab4e4bf2aa1c338bc0b9fb1c8c27fd') in 0.020990 seconds
Number of updated asset objects reloaded before import = 0
Number of asset objects unloaded after import = 9
========================================================================
Received Import Request.
  Time since last request: 0.000020 seconds.
  path: Assets/Electrodomesticos/fbx (unity)/shelf_papertowel.fbx
  artifactKey: Guid(4901c46a0414a6e4eb2de7e2feefa869) Importer(815301076,1909f56bfc062723c751e8b465ee728b)
Start importing Assets/Electrodomesticos/fbx (unity)/shelf_papertowel.fbx using Guid(4901c46a0414a6e4eb2de7e2feefa869) Importer(815301076,1909f56bfc062723c751e8b465ee728b)  -> (artifact id: 'b2d8114516130b8b91b5db351f2243ed') in 0.018440 seconds
Number of updated asset objects reloaded before import = 0
Number of asset objects unloaded after import = 9
========================================================================
Received Import Request.
  Time since last request: 0.198200 seconds.
  path: Assets/Electrodomesticos/fbx (unity)/stove_multi_decorated.fbx
  artifactKey: Guid(3acb65b1ee41cd043a8344679109c6c5) Importer(815301076,1909f56bfc062723c751e8b465ee728b)
Start importing Assets/Electrodomesticos/fbx (unity)/stove_multi_decorated.fbx using Guid(3acb65b1ee41cd043a8344679109c6c5) Importer(815301076,1909f56bfc062723c751e8b465ee728b)  -> (artifact id: '9c28c55693aab4f6b7820779927610f0') in 0.019085 seconds
Number of updated asset objects reloaded before import = 0
Number of asset objects unloaded after import = 9
========================================================================
Received Import Request.
  Time since last request: 0.000026 seconds.
  path: Assets/Electrodomesticos/fbx (unity)/wall_orderwindow_decorated.fbx
  artifactKey: Guid(c671bfe093e767845934372159a2cc41) Importer(815301076,1909f56bfc062723c751e8b465ee728b)
Start importing Assets/Electrodomesticos/fbx (unity)/wall_orderwindow_decorated.fbx using Guid(c671bfe093e767845934372159a2cc41) Importer(815301076,1909f56bfc062723c751e8b465ee728b)  -> (artifact id: '9beefc60510b7f32544c78aec37f3131') in 0.019283 seconds
Number of updated asset objects reloaded before import = 0
Number of asset objects unloaded after import = 9
========================================================================
Received Import Request.
  Time since last request: 0.000017 seconds.
  path: Assets/Electrodomesticos/fbx (unity)/stove_single_countertop.fbx
  artifactKey: Guid(9e50f02d975de4f47ac5e7f84de4c652) Importer(815301076,1909f56bfc062723c751e8b465ee728b)
Start importing Assets/Electrodomesticos/fbx (unity)/stove_single_countertop.fbx using Guid(9e50f02d975de4f47ac5e7f84de4c652) Importer(815301076,1909f56bfc062723c751e8b465ee728b)  -> (artifact id: '906b77896ee8d482741b9037aeb40bf3') in 0.019633 seconds
Number of updated asset objects reloaded before import = 0
Number of asset objects unloaded after import = 9
========================================================================
Received Import Request.
  Time since last request: 0.000014 seconds.
  path: Assets/Electrodomesticos/fbx (unity)/wall_window_closed.fbx
  artifactKey: Guid(a4f1c42a31054fa48b624eeb33b0ca52) Importer(815301076,1909f56bfc062723c751e8b465ee728b)
Start importing Assets/Electrodomesticos/fbx (unity)/wall_window_closed.fbx using Guid(a4f1c42a31054fa48b624eeb33b0ca52) Importer(815301076,1909f56bfc062723c751e8b465ee728b)  -> (artifact id: '7a36c63e9e5c659696873d7a2cde323a') in 0.018887 seconds
Number of updated asset objects reloaded before import = 0
Number of asset objects unloaded after import = 9
========================================================================
Received Import Request.
  Time since last request: 0.000025 seconds.
  path: Assets/Electrodomesticos/fbx (unity)/stove_single.fbx
  artifactKey: Guid(94e7f8a21bd3dc5468d71cb0b1beabd6) Importer(815301076,1909f56bfc062723c751e8b465ee728b)
Start importing Assets/Electrodomesticos/fbx (unity)/stove_single.fbx using Guid(94e7f8a21bd3dc5468d71cb0b1beabd6) Importer(815301076,1909f56bfc062723c751e8b465ee728b)  -> (artifact id: 'a41156c9259cfce06b82d8c308e47676') in 0.019806 seconds
Number of updated asset objects reloaded before import = 0
Number of asset objects unloaded after import = 9
========================================================================
Received Import Request.
  Time since last request: 0.000018 seconds.
  path: Assets/Electrodomesticos/fbx (unity)/table_round_A_decorated.fbx
  artifactKey: Guid(19edb0f0cc0d86e4fa1664ba718ffabd) Importer(815301076,1909f56bfc062723c751e8b465ee728b)
Start importing Assets/Electrodomesticos/fbx (unity)/table_round_A_decorated.fbx using Guid(19edb0f0cc0d86e4fa1664ba718ffabd) Importer(815301076,1909f56bfc062723c751e8b465ee728b)  -> (artifact id: '20e4ab8c20a28e91afb9ea120414b8d8') in 0.019422 seconds
Number of updated asset objects reloaded before import = 0
Number of asset objects unloaded after import = 9
========================================================================
Received Import Request.
  Time since last request: 0.000017 seconds.
  path: Assets/Electrodomesticos/fbx (unity)/wall_half.fbx
  artifactKey: Guid(f93578612ffdb19419c70735a958cee0) Importer(815301076,1909f56bfc062723c751e8b465ee728b)
Start importing Assets/Electrodomesticos/fbx (unity)/wall_half.fbx using Guid(f93578612ffdb19419c70735a958cee0) Importer(815301076,1909f56bfc062723c751e8b465ee728b)  -> (artifact id: '1bf01373b74d46532b66f51572a09b42') in 0.019565 seconds
Number of updated asset objects reloaded before import = 0
Number of asset objects unloaded after import = 9
========================================================================
Received Import Request.
  Time since last request: 0.000035 seconds.
  path: Assets/Electrodomesticos/fbx (unity)/towelrail.fbx
  artifactKey: Guid(2502aa1ea9c5f0e43a260f1ebd94ed7a) Importer(815301076,1909f56bfc062723c751e8b465ee728b)
Start importing Assets/Electrodomesticos/fbx (unity)/towelrail.fbx using Guid(2502aa1ea9c5f0e43a260f1ebd94ed7a) Importer(815301076,1909f56bfc062723c751e8b465ee728b)  -> (artifact id: '8c40f1843fffb0b3b48c391c3d3c4ddb') in 0.020452 seconds
Number of updated asset objects reloaded before import = 0
Number of asset objects unloaded after import = 9
========================================================================
Received Import Request.
  Time since last request: 0.000017 seconds.
  path: Assets/Electrodomesticos/fbx (unity)/wall_doorway.fbx
  artifactKey: Guid(d7aa54d38bc90794fa4faa1c16933647) Importer(815301076,1909f56bfc062723c751e8b465ee728b)
Start importing Assets/Electrodomesticos/fbx (unity)/wall_doorway.fbx using Guid(d7aa54d38bc90794fa4faa1c16933647) Importer(815301076,1909f56bfc062723c751e8b465ee728b)  -> (artifact id: '876213ffbc417fae2141c1ed06a166d0') in 0.019500 seconds
Number of updated asset objects reloaded before import = 0
Number of asset objects unloaded after import = 9
Editor requested this worker to shutdown with reason: Scaling down because of idle timeout
TcpMessagingSession - receive error: operation aborted. errorcode: 995, details: La operacin de E/S se anul por una salida de subproceso o por una solicitud de aplicacin.
AssetImportWorker is now disconnected from the server
Process exiting
Exiting without the bug reporter. Application will terminate with return code 0