Using pre-set license
Built from '2022.3/staging' branch; Version is '2022.3.29f1 (8d510ca76d2b) revision 9261324'; Using compiler version '192829333'; Build Type 'Release'
OS: 'Windows 11  (10.0.22631) 64bit Professional' Language: 'es' Physical Memory: 15743 MB
BatchMode: 1, IsHumanControllingUs: 0, StartBugReporterOnCrash: 0, Is64bit: 1, IsPro: 1

COMMAND LINE ARGUMENTS:
C:\Program Files\Unity\Hub\Editor\2022.3.29f1\Editor\Unity.exe
-adb2
-batchMode
-noUpm
-name
AssetImportWorker8
-projectPath
C:/Users/Usuario/Crazy kitchen
-logFile
Logs/AssetImportWorker8.log
-srvPort
50664
Successfully changed project path to: C:/Users/Usuario/Crazy kitchen
C:/Users/Usuario/Crazy kitchen
[UnityMemory] Configuration Parameters - Can be set up in boot.config
    "memorysetup-bucket-allocator-granularity=16"
    "memorysetup-bucket-allocator-bucket-count=8"
    "memorysetup-bucket-allocator-block-size=33554432"
    "memorysetup-bucket-allocator-block-count=8"
    "memorysetup-main-allocator-block-size=16777216"
    "memorysetup-thread-allocator-block-size=16777216"
    "memorysetup-gfx-main-allocator-block-size=16777216"
    "memorysetup-gfx-thread-allocator-block-size=16777216"
    "memorysetup-cache-allocator-block-size=4194304"
    "memorysetup-typetree-allocator-block-size=2097152"
    "memorysetup-profiler-bucket-allocator-granularity=16"
    "memorysetup-profiler-bucket-allocator-bucket-count=8"
    "memorysetup-profiler-bucket-allocator-block-size=33554432"
    "memorysetup-profiler-bucket-allocator-block-count=8"
    "memorysetup-profiler-allocator-block-size=16777216"
    "memorysetup-profiler-editor-allocator-block-size=1048576"
    "memorysetup-temp-allocator-size-main=16777216"
    "memorysetup-job-temp-allocator-block-size=2097152"
    "memorysetup-job-temp-allocator-block-size-background=1048576"
    "memorysetup-job-temp-allocator-reduction-small-platforms=262144"
    "memorysetup-allocator-temp-initial-block-size-main=262144"
    "memorysetup-allocator-temp-initial-block-size-worker=262144"
    "memorysetup-temp-allocator-size-background-worker=32768"
    "memorysetup-temp-allocator-size-job-worker=262144"
    "memorysetup-temp-allocator-size-preload-manager=33554432"
    "memorysetup-temp-allocator-size-nav-mesh-worker=65536"
    "memorysetup-temp-allocator-size-audio-worker=65536"
    "memorysetup-temp-allocator-size-cloud-worker=32768"
    "memorysetup-temp-allocator-size-gi-baking-worker=262144"
    "memorysetup-temp-allocator-size-gfx=262144"
Player connection [13504] Host "[IP] 192.168.1.7 [Port] 0 [Flags] 2 [Guid] 1394553633 [EditorId] 1394553633 [Version] 1048832 [Id] WindowsEditor(7,DESKTOP-NV7RIE9) [Debug] 1 [PackageName] WindowsEditor [ProjectName] Editor" joined multi-casting on [225.0.0.222:54997]...

Player connection [13504] Host "[IP] 192.168.1.7 [Port] 0 [Flags] 2 [Guid] 1394553633 [EditorId] 1394553633 [Version] 1048832 [Id] WindowsEditor(7,DESKTOP-NV7RIE9) [Debug] 1 [PackageName] WindowsEditor [ProjectName] Editor" joined alternative multi-casting on [225.0.0.222:34997]...

[Physics::Module] Initialized MultithreadedJobDispatcher with 15 workers.
Refreshing native plugins compatible for Editor in 11.28 ms, found 4 plugins.
Preloading 0 native plugins for Editor in 0.00 ms.
Initialize engine version: 2022.3.29f1 (8d510ca76d2b)
[Subsystems] Discovering subsystems at path C:/Program Files/Unity/Hub/Editor/2022.3.29f1/Editor/Data/Resources/UnitySubsystems
[Subsystems] Discovering subsystems at path C:/Users/Usuario/Crazy kitchen/Assets
GfxDevice: creating device client; threaded=0; jobified=0
Direct3D:
    Version:  Direct3D 11.0 [level 11.1]
    Renderer: NVIDIA GeForce RTX 4060 (ID=0x2882)
    Vendor:   NVIDIA
    VRAM:     7957 MB
    Driver:   32.0.15.6094
Initialize mono
Mono path[0] = 'C:/Program Files/Unity/Hub/Editor/2022.3.29f1/Editor/Data/Managed'
Mono path[1] = 'C:/Program Files/Unity/Hub/Editor/2022.3.29f1/Editor/Data/MonoBleedingEdge/lib/mono/unityjit-win32'
Mono config path = 'C:/Program Files/Unity/Hub/Editor/2022.3.29f1/Editor/Data/MonoBleedingEdge/etc'
Using monoOptions --debugger-agent=transport=dt_socket,embedding=1,server=y,suspend=n,address=127.0.0.1:56312
Begin MonoManager ReloadAssembly
Registering precompiled unity dll's ...
Register platform support module: C:/Program Files/Unity/Hub/Editor/2022.3.29f1/Editor/Data/PlaybackEngines/WindowsStandaloneSupport/UnityEditor.WindowsStandalone.Extensions.dll
Registered in 0.005552 seconds.
- Loaded All Assemblies, in  0.278 seconds
Native extension for WindowsStandalone target not found
Mono: successfully reloaded assembly
- Finished resetting the current domain, in  0.210 seconds
Domain Reload Profiling: 487ms
	BeginReloadAssembly (97ms)
		ExecutionOrderSort (0ms)
		DisableScriptedObjects (0ms)
		BackupInstance (0ms)
		ReleaseScriptingObjects (0ms)
		CreateAndSetChildDomain (1ms)
	RebuildCommonClasses (27ms)
	RebuildNativeTypeToScriptingClass (8ms)
	initialDomainReloadingComplete (46ms)
	LoadAllAssembliesAndSetupDomain (98ms)
		LoadAssemblies (95ms)
		RebuildTransferFunctionScriptingTraits (0ms)
		AnalyzeDomain (97ms)
			TypeCache.Refresh (96ms)
				TypeCache.ScanAssembly (86ms)
			ScanForSourceGeneratedMonoScriptInfo (0ms)
			ResolveRequiredComponents (0ms)
	FinalizeReload (211ms)
		ReleaseScriptCaches (0ms)
		RebuildScriptCaches (0ms)
		SetupLoadedEditorAssemblies (167ms)
			LogAssemblyErrors (0ms)
			InitializePlatformSupportModulesInManaged (7ms)
			SetLoadedEditorAssemblies (6ms)
			RefreshPlugins (0ms)
			BeforeProcessingInitializeOnLoad (2ms)
			ProcessInitializeOnLoadAttributes (116ms)
			ProcessInitializeOnLoadMethodAttributes (36ms)
			AfterProcessingInitializeOnLoad (0ms)
			EditorAssembliesLoaded (0ms)
		ExecutionOrderSort2 (0ms)
		AwakeInstancesAfterBackupRestoration (0ms)
========================================================================
Worker process is ready to serve import requests
Begin MonoManager ReloadAssembly
- Loaded All Assemblies, in  0.542 seconds
Refreshing native plugins compatible for Editor in 4.49 ms, found 4 plugins.
Native extension for WindowsStandalone target not found
Package Manager log level set to [2]
[Package Manager] Server::EnsureServerProcessIsRunning -- launch failed, reason: Unity was launched with the -noUpm command-line argument
[Package Manager] UpmClient::Send -- Unable to send message (not connected to UPM process).
[Package Manager] Cannot connect to Unity Package Manager local server
Mono: successfully reloaded assembly
- Finished resetting the current domain, in  0.498 seconds
Domain Reload Profiling: 1038ms
	BeginReloadAssembly (122ms)
		ExecutionOrderSort (0ms)
		DisableScriptedObjects (4ms)
		BackupInstance (0ms)
		ReleaseScriptingObjects (0ms)
		CreateAndSetChildDomain (19ms)
	RebuildCommonClasses (24ms)
	RebuildNativeTypeToScriptingClass (8ms)
	initialDomainReloadingComplete (35ms)
	LoadAllAssembliesAndSetupDomain (350ms)
		LoadAssemblies (278ms)
		RebuildTransferFunctionScriptingTraits (0ms)
		AnalyzeDomain (144ms)
			TypeCache.Refresh (126ms)
				TypeCache.ScanAssembly (111ms)
			ScanForSourceGeneratedMonoScriptInfo (14ms)
			ResolveRequiredComponents (4ms)
	FinalizeReload (498ms)
		ReleaseScriptCaches (0ms)
		RebuildScriptCaches (0ms)
		SetupLoadedEditorAssemblies (389ms)
			LogAssemblyErrors (0ms)
			InitializePlatformSupportModulesInManaged (5ms)
			SetLoadedEditorAssemblies (2ms)
			RefreshPlugins (0ms)
			BeforeProcessingInitializeOnLoad (51ms)
			ProcessInitializeOnLoadAttributes (308ms)
			ProcessInitializeOnLoadMethodAttributes (16ms)
			AfterProcessingInitializeOnLoad (7ms)
			EditorAssembliesLoaded (0ms)
		ExecutionOrderSort2 (0ms)
		AwakeInstancesAfterBackupRestoration (5ms)
Launched and connected shader compiler UnityShaderCompiler.exe after 0.04 seconds
Refreshing native plugins compatible for Editor in 4.41 ms, found 4 plugins.
Preloading 0 native plugins for Editor in 0.00 ms.
Unloading 3744 Unused Serialized files (Serialized files now loaded: 0)
Unloading 43 unused Assets / (59.7 KB). Loaded Objects now: 4204.
Memory consumption went from 207.5 MB to 207.5 MB.
Total: 3.276200 ms (FindLiveObjects: 0.378800 ms CreateObjectMapping: 0.111800 ms MarkObjects: 2.667500 ms  DeleteObjects: 0.117300 ms)

AssetImportParameters requested are different than current active one (requested -> active):
  custom:container-demuxer-ogg: 62fdf1f143b41e24485cea50d1cbac27 -> 
  custom:video-codec-MediaFoundation-h265: 746d11721c4dcdbdad8f713fa42b33f4 -> 
  custom:video-decoder-ogg-theora: a1e56fd34408186e4bbccfd4996cb3dc -> 
  custom:framework-win-MediaFoundation: 216162199b28c13a410421893ffa2e32 -> 
  custom:CustomObjectIndexerAttribute: 9a22284fe3817be447336de3de66b15e -> 
  custom:container-demuxer-webm: 4f35f7cbe854078d1ac9338744f61a02 -> 
  custom:container-muxer-webm: aa71ff27fc2769a1b78a27578f13a17b -> 
  custom:video-decoder-webm-vp8: 9c59270c3fd7afecdb556c50c9e8de78 -> 
  custom:SearchIndexIgnoredProperties: e643bd26f0fe6173181afceb89e7c659 -> 
  custom:AudioImporter_EditorPlatform: d09bf68614088b80899f8185d706f6e7 -> 
  custom:video-encoder-webm-vp8: eb34c28f22e8b96e1ab97ce403110664 -> 
  custom:audio-decoder-ogg-vorbis: bf7c407c2cedff20999df2af8eb42d56 -> 
  custom:audio-encoder-webm-vorbis: bf7c407c2cedff20999df2af8eb42d56 -> 
========================================================================
Received Import Request.
  Time since last request: 11636.759318 seconds.
  path: Assets/Food Pack-Demo/Materials/Base color.mat
  artifactKey: Guid(30c5e465dc21c534bada8d020bae91f4) Importer(815301076,1909f56bfc062723c751e8b465ee728b)
Start importing Assets/Food Pack-Demo/Materials/Base color.mat using Guid(30c5e465dc21c534bada8d020bae91f4) Importer(815301076,1909f56bfc062723c751e8b465ee728b)  -> (artifact id: '6d41d132e001999ca0eacf127766557f') in 0.093548 seconds
Number of updated asset objects reloaded before import = 0
Number of asset objects unloaded after import = 2
========================================================================
Received Import Request.
  Time since last request: 50.799685 seconds.
  path: Assets/Scenes/Restaurant.unity
  artifactKey: Guid(9fc0d4010bbf28b4594072e72b8655ab) Importer(815301076,1909f56bfc062723c751e8b465ee728b)
Start importing Assets/Scenes/Restaurant.unity using Guid(9fc0d4010bbf28b4594072e72b8655ab) Importer(815301076,1909f56bfc062723c751e8b465ee728b)  -> (artifact id: 'b4a53ebc4f5333b42ab40151b310b291') in 0.000629 seconds
Number of updated asset objects reloaded before import = 0
Number of asset objects unloaded after import = 0
========================================================================
Received Import Request.
  Time since last request: 4.937973 seconds.
  path: Assets/Scenes/Restaurant
  artifactKey: Guid(f6affc275e7032d4a8d20cc858669c83) Importer(815301076,1909f56bfc062723c751e8b465ee728b)
Start importing Assets/Scenes/Restaurant using Guid(f6affc275e7032d4a8d20cc858669c83) Importer(815301076,1909f56bfc062723c751e8b465ee728b)  -> (artifact id: '2b8871026281a460cfd92344ff892432') in 0.000411 seconds
Number of updated asset objects reloaded before import = 0
Number of asset objects unloaded after import = 0
========================================================================
Received Import Request.
  Time since last request: 0.640328 seconds.
  path: Assets/Scenes/Restaurant/NavMesh-Enviroment.asset
  artifactKey: Guid(671f53ec613cd5049bfcab98a6f549a9) Importer(815301076,1909f56bfc062723c751e8b465ee728b)
Start importing Assets/Scenes/Restaurant/NavMesh-Enviroment.asset using Guid(671f53ec613cd5049bfcab98a6f549a9) Importer(815301076,1909f56bfc062723c751e8b465ee728b)  -> (artifact id: '81bccfe8589371edfbab37fa4126a196') in 0.001188 seconds
Number of updated asset objects reloaded before import = 0
Number of asset objects unloaded after import = 1
========================================================================
Received Import Request.
  Time since last request: 5.011704 seconds.
  path: Assets/FBX 2013/Player.fbx
  artifactKey: Guid(6e23aaca882a6dd41b8b2e44074d0aa6) Importer(815301076,1909f56bfc062723c751e8b465ee728b)
Start importing Assets/FBX 2013/Player.fbx using Guid(6e23aaca882a6dd41b8b2e44074d0aa6) Importer(815301076,1909f56bfc062723c751e8b465ee728b)  -> (artifact id: 'b21585424899dd4677ddf6ac27e62c7a') in 0.050089 seconds
Number of updated asset objects reloaded before import = 0
Number of asset objects unloaded after import = 9
========================================================================
Received Import Request.
  Time since last request: 414.905077 seconds.
  path: Assets/apple.glb
  artifactKey: Guid(39f5c21ce90ebab45a23432c8d7ed93f) Importer(815301076,1909f56bfc062723c751e8b465ee728b)
Start importing Assets/apple.glb using Guid(39f5c21ce90ebab45a23432c8d7ed93f) Importer(815301076,1909f56bfc062723c751e8b465ee728b)  -> (artifact id: 'd4757d72e561efa08a4f473846e32f08') in 0.001135 seconds
Number of updated asset objects reloaded before import = 0
Number of asset objects unloaded after import = 1
========================================================================
Received Prepare
Begin MonoManager ReloadAssembly
- Loaded All Assemblies, in  0.461 seconds
Refreshing native plugins compatible for Editor in 4.63 ms, found 4 plugins.
Native extension for WindowsStandalone target not found
[Package Manager] Server::EnsureServerProcessIsRunning -- launch failed, reason: Unity was launched with the -noUpm command-line argument
[Package Manager] UpmClient::Send -- Unable to send message (not connected to UPM process).
[Package Manager] Cannot connect to Unity Package Manager local server
Mono: successfully reloaded assembly
- Finished resetting the current domain, in  1.060 seconds
Domain Reload Profiling: 1518ms
	BeginReloadAssembly (159ms)
		ExecutionOrderSort (0ms)
		DisableScriptedObjects (4ms)
		BackupInstance (0ms)
		ReleaseScriptingObjects (0ms)
		CreateAndSetChildDomain (37ms)
	RebuildCommonClasses (29ms)
	RebuildNativeTypeToScriptingClass (9ms)
	initialDomainReloadingComplete (27ms)
	LoadAllAssembliesAndSetupDomain (235ms)
		LoadAssemblies (303ms)
		RebuildTransferFunctionScriptingTraits (0ms)
		AnalyzeDomain (17ms)
			TypeCache.Refresh (8ms)
				TypeCache.ScanAssembly (0ms)
			ScanForSourceGeneratedMonoScriptInfo (0ms)
			ResolveRequiredComponents (8ms)
	FinalizeReload (1060ms)
		ReleaseScriptCaches (0ms)
		RebuildScriptCaches (0ms)
		SetupLoadedEditorAssemblies (469ms)
			LogAssemblyErrors (0ms)
			InitializePlatformSupportModulesInManaged (6ms)
			SetLoadedEditorAssemblies (3ms)
			RefreshPlugins (0ms)
			BeforeProcessingInitializeOnLoad (62ms)
			ProcessInitializeOnLoadAttributes (370ms)
			ProcessInitializeOnLoadMethodAttributes (21ms)
			AfterProcessingInitializeOnLoad (7ms)
			EditorAssembliesLoaded (0ms)
		ExecutionOrderSort2 (0ms)
		AwakeInstancesAfterBackupRestoration (7ms)
Refreshing native plugins compatible for Editor in 5.30 ms, found 4 plugins.
Preloading 0 native plugins for Editor in 0.00 ms.
Unloading 3736 Unused Serialized files (Serialized files now loaded: 0)
Unloading 28 unused Assets / (33.7 KB). Loaded Objects now: 4251.
Memory consumption went from 208.4 MB to 208.4 MB.
Total: 3.473800 ms (FindLiveObjects: 0.322100 ms CreateObjectMapping: 0.135300 ms MarkObjects: 2.951000 ms  DeleteObjects: 0.064200 ms)

Prepare: number of updated asset objects reloaded= 0
AssetImportParameters requested are different than current active one (requested -> active):
  custom:container-demuxer-ogg: 62fdf1f143b41e24485cea50d1cbac27 -> 
  custom:video-codec-MediaFoundation-h265: 746d11721c4dcdbdad8f713fa42b33f4 -> 
  custom:video-decoder-ogg-theora: a1e56fd34408186e4bbccfd4996cb3dc -> 
  custom:framework-win-MediaFoundation: 216162199b28c13a410421893ffa2e32 -> 
  custom:CustomObjectIndexerAttribute: 9a22284fe3817be447336de3de66b15e -> 
  custom:container-demuxer-webm: 4f35f7cbe854078d1ac9338744f61a02 -> 
  custom:container-muxer-webm: aa71ff27fc2769a1b78a27578f13a17b -> 
  custom:video-decoder-webm-vp8: 9c59270c3fd7afecdb556c50c9e8de78 -> 
  custom:SearchIndexIgnoredProperties: e643bd26f0fe6173181afceb89e7c659 -> 
  custom:AudioImporter_EditorPlatform: d09bf68614088b80899f8185d706f6e7 -> 
  custom:video-encoder-webm-vp8: eb34c28f22e8b96e1ab97ce403110664 -> 
  custom:audio-decoder-ogg-vorbis: bf7c407c2cedff20999df2af8eb42d56 -> 
  custom:audio-encoder-webm-vorbis: bf7c407c2cedff20999df2af8eb42d56 -> 
========================================================================
Received Import Request.
  Time since last request: 2001.638111 seconds.
  path: Assets/Electrodomesticos
  artifactKey: Guid(2d46cb2664bb6d94d9e3bb6c9a769985) Importer(815301076,1909f56bfc062723c751e8b465ee728b)
Start importing Assets/Electrodomesticos using Guid(2d46cb2664bb6d94d9e3bb6c9a769985) Importer(815301076,1909f56bfc062723c751e8b465ee728b)  -> (artifact id: 'e43d38456a643658ecee664caeca6f21') in 0.002316 seconds
Number of updated asset objects reloaded before import = 0
Number of asset objects unloaded after import = 0
========================================================================
Received Import Request.
  Time since last request: 11.343722 seconds.
  path: Assets/Electrodomesticos/textures
  artifactKey: Guid(83ae5247d04108b49aecc637e92989be) Importer(815301076,1909f56bfc062723c751e8b465ee728b)
Start importing Assets/Electrodomesticos/textures using Guid(83ae5247d04108b49aecc637e92989be) Importer(815301076,1909f56bfc062723c751e8b465ee728b)  -> (artifact id: 'b506cc6bca94371af4eb1a9f72ab7aa0') in 0.000424 seconds
Number of updated asset objects reloaded before import = 0
Number of asset objects unloaded after import = 0
========================================================================
Received Import Request.
  Time since last request: 0.568212 seconds.
  path: Assets/Electrodomesticos/textures/restaurantbits_texture.png
  artifactKey: Guid(7139f3294fd92914bb412d15a91548b3) Importer(815301076,1909f56bfc062723c751e8b465ee728b)
Start importing Assets/Electrodomesticos/textures/restaurantbits_texture.png using Guid(7139f3294fd92914bb412d15a91548b3) Importer(815301076,1909f56bfc062723c751e8b465ee728b)  -> (artifact id: '44f7072fc302bb2342139786203d04f8') in 0.061038 seconds
Number of updated asset objects reloaded before import = 0
Number of asset objects unloaded after import = 2
========================================================================
Received Import Request.
  Time since last request: 3.117038 seconds.
  path: Assets/Electrodomesticos/fbx (unity)
  artifactKey: Guid(c5f77237b51a92649bc1d00a55a18e3e) Importer(815301076,1909f56bfc062723c751e8b465ee728b)
Start importing Assets/Electrodomesticos/fbx (unity) using Guid(c5f77237b51a92649bc1d00a55a18e3e) Importer(815301076,1909f56bfc062723c751e8b465ee728b)  -> (artifact id: '1a8d3608a0a18ff7ef8530e83d29a7d6') in 0.000483 seconds
Number of updated asset objects reloaded before import = 0
Number of asset objects unloaded after import = 0
========================================================================
Received Import Request.
  Time since last request: 0.053496 seconds.
  path: Assets/Electrodomesticos/fbx (unity)/bowl.fbx
  artifactKey: Guid(3073f0d9c3d70a549a18ec30aaba3f99) Importer(815301076,1909f56bfc062723c751e8b465ee728b)
Start importing Assets/Electrodomesticos/fbx (unity)/bowl.fbx using Guid(3073f0d9c3d70a549a18ec30aaba3f99) Importer(815301076,1909f56bfc062723c751e8b465ee728b)  -> (artifact id: 'aaeb88eccce8784a3ec9150f0b0235aa') in 0.065417 seconds
Number of updated asset objects reloaded before import = 0
Number of asset objects unloaded after import = 9
========================================================================
Received Import Request.
  Time since last request: 0.000018 seconds.
  path: Assets/Electrodomesticos/fbx (unity)/crate_cheese.fbx
  artifactKey: Guid(99d0c638effa2404091584ff37718a89) Importer(815301076,1909f56bfc062723c751e8b465ee728b)
Start importing Assets/Electrodomesticos/fbx (unity)/crate_cheese.fbx using Guid(99d0c638effa2404091584ff37718a89) Importer(815301076,1909f56bfc062723c751e8b465ee728b)  -> (artifact id: '93808774eba1048bad907b8b19caaf4c') in 0.028403 seconds
Number of updated asset objects reloaded before import = 0
Number of asset objects unloaded after import = 9
========================================================================
Received Import Request.
  Time since last request: 0.000023 seconds.
  path: Assets/Electrodomesticos/fbx (unity)/jar_C_medium.fbx
  artifactKey: Guid(84ad9c9cf71f62244805bd9b8116374b) Importer(815301076,1909f56bfc062723c751e8b465ee728b)
Start importing Assets/Electrodomesticos/fbx (unity)/jar_C_medium.fbx using Guid(84ad9c9cf71f62244805bd9b8116374b) Importer(815301076,1909f56bfc062723c751e8b465ee728b)  -> (artifact id: '006873b5955f72114c9d9eec51db7895') in 0.021687 seconds
Number of updated asset objects reloaded before import = 0
Number of asset objects unloaded after import = 9
========================================================================
Received Import Request.
  Time since last request: 0.000019 seconds.
  path: Assets/Electrodomesticos/fbx (unity)/crate_steak.fbx
  artifactKey: Guid(9200315af3a427a4586a9a4bfe05946c) Importer(815301076,1909f56bfc062723c751e8b465ee728b)
Start importing Assets/Electrodomesticos/fbx (unity)/crate_steak.fbx using Guid(9200315af3a427a4586a9a4bfe05946c) Importer(815301076,1909f56bfc062723c751e8b465ee728b)  -> (artifact id: 'e458d412b47dd96ae157425cd1ef962d') in 0.022314 seconds
Number of updated asset objects reloaded before import = 0
Number of asset objects unloaded after import = 9
========================================================================
Received Import Request.
  Time since last request: 0.000024 seconds.
  path: Assets/Electrodomesticos/fbx (unity)/food_ingredient_cheese_slice.fbx
  artifactKey: Guid(98700df695adfc24b92b0b32dbf69302) Importer(815301076,1909f56bfc062723c751e8b465ee728b)
Start importing Assets/Electrodomesticos/fbx (unity)/food_ingredient_cheese_slice.fbx using Guid(98700df695adfc24b92b0b32dbf69302) Importer(815301076,1909f56bfc062723c751e8b465ee728b)  -> (artifact id: 'fe066a713fef3d6732d24b9fc6d84a46') in 0.029177 seconds
Number of updated asset objects reloaded before import = 0
Number of asset objects unloaded after import = 9
========================================================================
Received Import Request.
  Time since last request: 0.000042 seconds.
  path: Assets/Electrodomesticos/fbx (unity)/crate_potatoes.fbx
  artifactKey: Guid(6c71d748766a3204eb8fea5fe09d8f7d) Importer(815301076,1909f56bfc062723c751e8b465ee728b)
Start importing Assets/Electrodomesticos/fbx (unity)/crate_potatoes.fbx using Guid(6c71d748766a3204eb8fea5fe09d8f7d) Importer(815301076,1909f56bfc062723c751e8b465ee728b)  -> (artifact id: '3df113ccb8d0104e5d151ef8a653c0f2') in 0.021709 seconds
Number of updated asset objects reloaded before import = 0
Number of asset objects unloaded after import = 9
========================================================================
Received Import Request.
  Time since last request: 0.000020 seconds.
  path: Assets/Electrodomesticos/fbx (unity)/food_ingredient_bun_bottom.fbx
  artifactKey: Guid(4be431296b6fa174392d9823d5e04d46) Importer(815301076,1909f56bfc062723c751e8b465ee728b)
Start importing Assets/Electrodomesticos/fbx (unity)/food_ingredient_bun_bottom.fbx using Guid(4be431296b6fa174392d9823d5e04d46) Importer(815301076,1909f56bfc062723c751e8b465ee728b)  -> (artifact id: '8222ca4161f5f5fedd5b51a3f26dcb0b') in 0.021582 seconds
Number of updated asset objects reloaded before import = 0
Number of asset objects unloaded after import = 9
========================================================================
Received Import Request.
  Time since last request: 0.000022 seconds.
  path: Assets/Electrodomesticos/fbx (unity)/crate_ham.fbx
  artifactKey: Guid(87c210cf70a451e4e8ee240395fa9102) Importer(815301076,1909f56bfc062723c751e8b465ee728b)
Start importing Assets/Electrodomesticos/fbx (unity)/crate_ham.fbx using Guid(87c210cf70a451e4e8ee240395fa9102) Importer(815301076,1909f56bfc062723c751e8b465ee728b)  -> (artifact id: 'a8026a435081b803744b5ed9175f2e9c') in 0.022322 seconds
Number of updated asset objects reloaded before import = 0
Number of asset objects unloaded after import = 9
========================================================================
Received Import Request.
  Time since last request: 0.000029 seconds.
  path: Assets/Electrodomesticos/fbx (unity)/food_ingredient_cheese.fbx
  artifactKey: Guid(a4934b2db50aba247862b349100a3a65) Importer(815301076,1909f56bfc062723c751e8b465ee728b)
Start importing Assets/Electrodomesticos/fbx (unity)/food_ingredient_cheese.fbx using Guid(a4934b2db50aba247862b349100a3a65) Importer(815301076,1909f56bfc062723c751e8b465ee728b)  -> (artifact id: '55c8f65c2398c02dcc15ab82823e2a38') in 0.026626 seconds
Number of updated asset objects reloaded before import = 0
Number of asset objects unloaded after import = 9
========================================================================
Received Import Request.
  Time since last request: 0.000023 seconds.
  path: Assets/Electrodomesticos/fbx (unity)/food_ingredient_tomato_slice.fbx
  artifactKey: Guid(5bf728748d9defb4d93a59d66dfc2abd) Importer(815301076,1909f56bfc062723c751e8b465ee728b)
Start importing Assets/Electrodomesticos/fbx (unity)/food_ingredient_tomato_slice.fbx using Guid(5bf728748d9defb4d93a59d66dfc2abd) Importer(815301076,1909f56bfc062723c751e8b465ee728b)  -> (artifact id: 'ab317faa53a17c8b5d5713c5e607867a') in 0.022193 seconds
Number of updated asset objects reloaded before import = 0
Number of asset objects unloaded after import = 9
========================================================================
Received Import Request.
  Time since last request: 0.000026 seconds.
  path: Assets/Electrodomesticos/fbx (unity)/kitchencounter_outercorner_backsplash.fbx
  artifactKey: Guid(4372a3b2e69ef1847af58657d19a4273) Importer(815301076,1909f56bfc062723c751e8b465ee728b)
Start importing Assets/Electrodomesticos/fbx (unity)/kitchencounter_outercorner_backsplash.fbx using Guid(4372a3b2e69ef1847af58657d19a4273) Importer(815301076,1909f56bfc062723c751e8b465ee728b)  -> (artifact id: '1df69d761431fc99b16ae0dd0f21396d') in 0.021276 seconds
Number of updated asset objects reloaded before import = 0
Number of asset objects unloaded after import = 9
========================================================================
Received Import Request.
  Time since last request: 0.000037 seconds.
  path: Assets/Electrodomesticos/fbx (unity)/food_ingredient_steak.fbx
  artifactKey: Guid(3b9832eda6cf1d142b47a831f308cc66) Importer(815301076,1909f56bfc062723c751e8b465ee728b)
Start importing Assets/Electrodomesticos/fbx (unity)/food_ingredient_steak.fbx using Guid(3b9832eda6cf1d142b47a831f308cc66) Importer(815301076,1909f56bfc062723c751e8b465ee728b)  -> (artifact id: '7bb6c1627ad4dedffc808f6d35251dd0') in 0.024855 seconds
Number of updated asset objects reloaded before import = 0
Number of asset objects unloaded after import = 9
========================================================================
Received Import Request.
  Time since last request: 0.000019 seconds.
  path: Assets/Electrodomesticos/fbx (unity)/jar_A_large.fbx
  artifactKey: Guid(c5ad45d8ccdf4774491b2986847dac42) Importer(815301076,1909f56bfc062723c751e8b465ee728b)
Start importing Assets/Electrodomesticos/fbx (unity)/jar_A_large.fbx using Guid(c5ad45d8ccdf4774491b2986847dac42) Importer(815301076,1909f56bfc062723c751e8b465ee728b)  -> (artifact id: '0104b51bdc79e443889007f6b8e01e9c') in 0.022719 seconds
Number of updated asset objects reloaded before import = 0
Number of asset objects unloaded after import = 9
========================================================================
Received Import Request.
  Time since last request: 0.000018 seconds.
  path: Assets/Electrodomesticos/fbx (unity)/fridge_A_decorated.fbx
  artifactKey: Guid(2be37c7a4e552ee449759cbd94ae4af4) Importer(815301076,1909f56bfc062723c751e8b465ee728b)
Start importing Assets/Electrodomesticos/fbx (unity)/fridge_A_decorated.fbx using Guid(2be37c7a4e552ee449759cbd94ae4af4) Importer(815301076,1909f56bfc062723c751e8b465ee728b)  -> (artifact id: '188aaf2b135a19c0c28e2367df4ec1e1') in 0.034081 seconds
Number of updated asset objects reloaded before import = 0
Number of asset objects unloaded after import = 19
========================================================================
Received Import Request.
  Time since last request: 0.000064 seconds.
  path: Assets/Electrodomesticos/fbx (unity)/kitchencabinet_corner.fbx
  artifactKey: Guid(8d13f109da1332a458a31d8d190ab7e9) Importer(815301076,1909f56bfc062723c751e8b465ee728b)
Start importing Assets/Electrodomesticos/fbx (unity)/kitchencabinet_corner.fbx using Guid(8d13f109da1332a458a31d8d190ab7e9) Importer(815301076,1909f56bfc062723c751e8b465ee728b)  -> (artifact id: '0d13db26b1c08b74a608a3e2dda26582') in 0.020498 seconds
Number of updated asset objects reloaded before import = 0
Number of asset objects unloaded after import = 9
========================================================================
Received Import Request.
  Time since last request: 0.000030 seconds.
  path: Assets/Electrodomesticos/fbx (unity)/crate_lid.fbx
  artifactKey: Guid(111c92528e5439d46b9467964aaae059) Importer(815301076,1909f56bfc062723c751e8b465ee728b)
Start importing Assets/Electrodomesticos/fbx (unity)/crate_lid.fbx using Guid(111c92528e5439d46b9467964aaae059) Importer(815301076,1909f56bfc062723c751e8b465ee728b)  -> (artifact id: '46c995f6724198aeb66d8efba911ca49') in 0.022014 seconds
Number of updated asset objects reloaded before import = 0
Number of asset objects unloaded after import = 9
========================================================================
Received Import Request.
  Time since last request: 0.000022 seconds.
  path: Assets/Electrodomesticos/fbx (unity)/kitchencounter_innercorner.fbx
  artifactKey: Guid(6c868161b313b0d42895f3734672822d) Importer(815301076,1909f56bfc062723c751e8b465ee728b)
Start importing Assets/Electrodomesticos/fbx (unity)/kitchencounter_innercorner.fbx using Guid(6c868161b313b0d42895f3734672822d) Importer(815301076,1909f56bfc062723c751e8b465ee728b)  -> (artifact id: '0228f822c9de0eb5b736c939f492c142') in 0.020060 seconds
Number of updated asset objects reloaded before import = 0
Number of asset objects unloaded after import = 9
========================================================================
Received Import Request.
  Time since last request: 0.000023 seconds.
  path: Assets/Electrodomesticos/fbx (unity)/chair_B.fbx
  artifactKey: Guid(9791c80cc9b2d644dbecc0ae21e888a5) Importer(815301076,1909f56bfc062723c751e8b465ee728b)
Start importing Assets/Electrodomesticos/fbx (unity)/chair_B.fbx using Guid(9791c80cc9b2d644dbecc0ae21e888a5) Importer(815301076,1909f56bfc062723c751e8b465ee728b)  -> (artifact id: '204a2b57abb742fa165a3da4ee45c898') in 0.021875 seconds
Number of updated asset objects reloaded before import = 0
Number of asset objects unloaded after import = 9
========================================================================
Received Import Request.
  Time since last request: 0.000020 seconds.
  path: Assets/Electrodomesticos/fbx (unity)/jar_B_medium.fbx
  artifactKey: Guid(1340781e0bffe1043bb5b8400b8cd21b) Importer(815301076,1909f56bfc062723c751e8b465ee728b)
Start importing Assets/Electrodomesticos/fbx (unity)/jar_B_medium.fbx using Guid(1340781e0bffe1043bb5b8400b8cd21b) Importer(815301076,1909f56bfc062723c751e8b465ee728b)  -> (artifact id: 'f3403d9cbf301f13e6ab61081165e9a7') in 0.022633 seconds
Number of updated asset objects reloaded before import = 0
Number of asset objects unloaded after import = 9
========================================================================
Received Import Request.
  Time since last request: 0.000028 seconds.
  path: Assets/Electrodomesticos/fbx (unity)/chair_stool.fbx
  artifactKey: Guid(480f0f1a2326df246955c83cb164c1e9) Importer(815301076,1909f56bfc062723c751e8b465ee728b)
Start importing Assets/Electrodomesticos/fbx (unity)/chair_stool.fbx using Guid(480f0f1a2326df246955c83cb164c1e9) Importer(815301076,1909f56bfc062723c751e8b465ee728b)  -> (artifact id: '4310a948ddffe7acacca3f4f8f1c5f7e') in 0.023175 seconds
Number of updated asset objects reloaded before import = 0
Number of asset objects unloaded after import = 9
========================================================================
Received Import Request.
  Time since last request: 0.000023 seconds.
  path: Assets/Electrodomesticos/fbx (unity)/food_ingredient_carrot_chopped.fbx
  artifactKey: Guid(7f264c6ec0fb74e469d30a941ff1a31c) Importer(815301076,1909f56bfc062723c751e8b465ee728b)
Start importing Assets/Electrodomesticos/fbx (unity)/food_ingredient_carrot_chopped.fbx using Guid(7f264c6ec0fb74e469d30a941ff1a31c) Importer(815301076,1909f56bfc062723c751e8b465ee728b)  -> (artifact id: 'f3868b518287183cd6a6d2e7b4a15540') in 0.021500 seconds
Number of updated asset objects reloaded before import = 0
Number of asset objects unloaded after import = 9
========================================================================
Received Import Request.
  Time since last request: 0.000019 seconds.
  path: Assets/Electrodomesticos/fbx (unity)/kitchencounter_sink.fbx
  artifactKey: Guid(087dcd7d3a3b3e64a9063a29ce7886b1) Importer(815301076,1909f56bfc062723c751e8b465ee728b)
Start importing Assets/Electrodomesticos/fbx (unity)/kitchencounter_sink.fbx using Guid(087dcd7d3a3b3e64a9063a29ce7886b1) Importer(815301076,1909f56bfc062723c751e8b465ee728b)  -> (artifact id: 'feea3bce1a211c4435167859d8040b70') in 0.025747 seconds
Number of updated asset objects reloaded before import = 0
Number of asset objects unloaded after import = 9
========================================================================
Received Import Request.
  Time since last request: 0.000022 seconds.
  path: Assets/Electrodomesticos/fbx (unity)/jar_A_medium.fbx
  artifactKey: Guid(af19bda45aaff2247a3f2848118c1ac8) Importer(815301076,1909f56bfc062723c751e8b465ee728b)
Start importing Assets/Electrodomesticos/fbx (unity)/jar_A_medium.fbx using Guid(af19bda45aaff2247a3f2848118c1ac8) Importer(815301076,1909f56bfc062723c751e8b465ee728b)  -> (artifact id: '3f424a12286c79c56fc52faeca8f426e') in 0.023122 seconds
Number of updated asset objects reloaded before import = 0
Number of asset objects unloaded after import = 9
========================================================================
Received Import Request.
  Time since last request: 0.000017 seconds.
  path: Assets/Electrodomesticos/fbx (unity)/crate_tomatoes.fbx
  artifactKey: Guid(175578ff3457b984ebde7bfe97ec41f5) Importer(815301076,1909f56bfc062723c751e8b465ee728b)
Start importing Assets/Electrodomesticos/fbx (unity)/crate_tomatoes.fbx using Guid(175578ff3457b984ebde7bfe97ec41f5) Importer(815301076,1909f56bfc062723c751e8b465ee728b)  -> (artifact id: 'b059706d1dcdfa6d0e5161c6399bf603') in 0.021451 seconds
Number of updated asset objects reloaded before import = 0
Number of asset objects unloaded after import = 9
========================================================================
Received Import Request.
  Time since last request: 0.000023 seconds.
  path: Assets/Electrodomesticos/fbx (unity)/food_ingredient_bun.fbx
  artifactKey: Guid(ee5b61573c4d6ca4ca953edc9fcdf932) Importer(815301076,1909f56bfc062723c751e8b465ee728b)
Start importing Assets/Electrodomesticos/fbx (unity)/food_ingredient_bun.fbx using Guid(ee5b61573c4d6ca4ca953edc9fcdf932) Importer(815301076,1909f56bfc062723c751e8b465ee728b)  -> (artifact id: 'a5f4ff38a07f24d85cb6ce1bb290595d') in 0.021620 seconds
Number of updated asset objects reloaded before import = 0
Number of asset objects unloaded after import = 9
========================================================================
Received Import Request.
  Time since last request: 0.000030 seconds.
  path: Assets/Electrodomesticos/fbx (unity)/food_ingredient_onion_rings.fbx
  artifactKey: Guid(78f18dabaed2afa49bfc3c149da26a89) Importer(815301076,1909f56bfc062723c751e8b465ee728b)
Start importing Assets/Electrodomesticos/fbx (unity)/food_ingredient_onion_rings.fbx using Guid(78f18dabaed2afa49bfc3c149da26a89) Importer(815301076,1909f56bfc062723c751e8b465ee728b)  -> (artifact id: '184aa02dd347dd531533082f76da18d6') in 0.022740 seconds
Number of updated asset objects reloaded before import = 0
Number of asset objects unloaded after import = 9
========================================================================
Received Import Request.
  Time since last request: 0.000032 seconds.
  path: Assets/Electrodomesticos/fbx (unity)/food_ingredient_bun_top.fbx
  artifactKey: Guid(becf53c85931dbb49a01abfc203a0085) Importer(815301076,1909f56bfc062723c751e8b465ee728b)
Start importing Assets/Electrodomesticos/fbx (unity)/food_ingredient_bun_top.fbx using Guid(becf53c85931dbb49a01abfc203a0085) Importer(815301076,1909f56bfc062723c751e8b465ee728b)  -> (artifact id: '71111ecb656cec46be79f5551250a8dd') in 0.023728 seconds
Number of updated asset objects reloaded before import = 0
Number of asset objects unloaded after import = 9
========================================================================
Received Import Request.
  Time since last request: 0.000023 seconds.
  path: Assets/Electrodomesticos/fbx (unity)/food_ingredient_cheese_chopped.fbx
  artifactKey: Guid(38868d12d345e1147b5ae4618b44fa25) Importer(815301076,1909f56bfc062723c751e8b465ee728b)
Start importing Assets/Electrodomesticos/fbx (unity)/food_ingredient_cheese_chopped.fbx using Guid(38868d12d345e1147b5ae4618b44fa25) Importer(815301076,1909f56bfc062723c751e8b465ee728b)  -> (artifact id: 'd65ee25ed06ecb45ebbf6e6650d4291e') in 0.020217 seconds
Number of updated asset objects reloaded before import = 0
Number of asset objects unloaded after import = 9
========================================================================
Received Import Request.
  Time since last request: 0.000024 seconds.
  path: Assets/Electrodomesticos/fbx (unity)/dishrack.fbx
  artifactKey: Guid(fc09a0316daa7f34997b578d5e9bc316) Importer(815301076,1909f56bfc062723c751e8b465ee728b)
Start importing Assets/Electrodomesticos/fbx (unity)/dishrack.fbx using Guid(fc09a0316daa7f34997b578d5e9bc316) Importer(815301076,1909f56bfc062723c751e8b465ee728b)  -> (artifact id: '5a1f73f80f6dba29b9254cc7a134843c') in 0.022162 seconds
Number of updated asset objects reloaded before import = 0
Number of asset objects unloaded after import = 9
========================================================================
Received Import Request.
  Time since last request: 0.000023 seconds.
  path: Assets/Electrodomesticos/fbx (unity)/kitchencabinet.fbx
  artifactKey: Guid(3d572a2a29c9c83428578d4db7480143) Importer(815301076,1909f56bfc062723c751e8b465ee728b)
Start importing Assets/Electrodomesticos/fbx (unity)/kitchencabinet.fbx using Guid(3d572a2a29c9c83428578d4db7480143) Importer(815301076,1909f56bfc062723c751e8b465ee728b)  -> (artifact id: '115d934e742511af59a020690ce2b3b5') in 0.020964 seconds
Number of updated asset objects reloaded before import = 0
Number of asset objects unloaded after import = 9
========================================================================
Received Import Request.
  Time since last request: 0.000017 seconds.
  path: Assets/Electrodomesticos/fbx (unity)/food_burger.fbx
  artifactKey: Guid(11cad8a78a28fde45aecbd2e1b7778e3) Importer(815301076,1909f56bfc062723c751e8b465ee728b)
Start importing Assets/Electrodomesticos/fbx (unity)/food_burger.fbx using Guid(11cad8a78a28fde45aecbd2e1b7778e3) Importer(815301076,1909f56bfc062723c751e8b465ee728b)  -> (artifact id: 'e0eb1347658180198a810ae58743c667') in 0.019836 seconds
Number of updated asset objects reloaded before import = 0
Number of asset objects unloaded after import = 9
========================================================================
Received Import Request.
  Time since last request: 0.000019 seconds.
  path: Assets/Electrodomesticos/fbx (unity)/jar_D_small.fbx
  artifactKey: Guid(54deb8e2676ad6949b746fdef9ef7443) Importer(815301076,1909f56bfc062723c751e8b465ee728b)
Start importing Assets/Electrodomesticos/fbx (unity)/jar_D_small.fbx using Guid(54deb8e2676ad6949b746fdef9ef7443) Importer(815301076,1909f56bfc062723c751e8b465ee728b)  -> (artifact id: 'f3c1bd5e5efe87849f301f463d9db91d') in 0.020359 seconds
Number of updated asset objects reloaded before import = 0
Number of asset objects unloaded after import = 9
========================================================================
Received Import Request.
  Time since last request: 0.000022 seconds.
  path: Assets/Electrodomesticos/fbx (unity)/food_ingredient_potato_chopped.fbx
  artifactKey: Guid(eed67ced801e5bf4a86ee17462686f48) Importer(815301076,1909f56bfc062723c751e8b465ee728b)
Start importing Assets/Electrodomesticos/fbx (unity)/food_ingredient_potato_chopped.fbx using Guid(eed67ced801e5bf4a86ee17462686f48) Importer(815301076,1909f56bfc062723c751e8b465ee728b)  -> (artifact id: '278f9ff9bcc5c3fbe23d3ae60246345f') in 0.019838 seconds
Number of updated asset objects reloaded before import = 0
Number of asset objects unloaded after import = 9
========================================================================
Received Import Request.
  Time since last request: 0.000016 seconds.
  path: Assets/Electrodomesticos/fbx (unity)/jar_C_small.fbx
  artifactKey: Guid(ba3376eb477a86644aaebca691459a98) Importer(815301076,1909f56bfc062723c751e8b465ee728b)
Start importing Assets/Electrodomesticos/fbx (unity)/jar_C_small.fbx using Guid(ba3376eb477a86644aaebca691459a98) Importer(815301076,1909f56bfc062723c751e8b465ee728b)  -> (artifact id: 'c93bbbc91802489b2ddf5210bd5c06a3') in 0.019079 seconds
Number of updated asset objects reloaded before import = 0
Number of asset objects unloaded after import = 9
========================================================================
Received Import Request.
  Time since last request: 0.000020 seconds.
  path: Assets/Electrodomesticos/fbx (unity)/bowl_small.fbx
  artifactKey: Guid(1539f9c92fd49014db565b327fe9402b) Importer(815301076,1909f56bfc062723c751e8b465ee728b)
Start importing Assets/Electrodomesticos/fbx (unity)/bowl_small.fbx using Guid(1539f9c92fd49014db565b327fe9402b) Importer(815301076,1909f56bfc062723c751e8b465ee728b)  -> (artifact id: '4f54c39b8e6c068987514985158c9f8b') in 0.019737 seconds
Number of updated asset objects reloaded before import = 0
Number of asset objects unloaded after import = 9
========================================================================
Received Import Request.
  Time since last request: 0.000021 seconds.
  path: Assets/Electrodomesticos/fbx (unity)/jar_C_large.fbx
  artifactKey: Guid(46b10b37e74ea7b42bac103b57875c45) Importer(815301076,1909f56bfc062723c751e8b465ee728b)
Start importing Assets/Electrodomesticos/fbx (unity)/jar_C_large.fbx using Guid(46b10b37e74ea7b42bac103b57875c45) Importer(815301076,1909f56bfc062723c751e8b465ee728b)  -> (artifact id: '04bd6baa49fc74d8adeda0f3f34ee20d') in 0.019081 seconds
Number of updated asset objects reloaded before import = 0
Number of asset objects unloaded after import = 9
========================================================================
Received Import Request.
  Time since last request: 0.000025 seconds.
  path: Assets/Electrodomesticos/fbx (unity)/jar_D_large.fbx
  artifactKey: Guid(8de350bdb0807884fab1fc544a391a60) Importer(815301076,1909f56bfc062723c751e8b465ee728b)
Start importing Assets/Electrodomesticos/fbx (unity)/jar_D_large.fbx using Guid(8de350bdb0807884fab1fc544a391a60) Importer(815301076,1909f56bfc062723c751e8b465ee728b)  -> (artifact id: 'e872ae6dc348eda3601b567574463536') in 0.020424 seconds
Number of updated asset objects reloaded before import = 0
Number of asset objects unloaded after import = 9
========================================================================
Received Import Request.
  Time since last request: 0.000017 seconds.
  path: Assets/Electrodomesticos/fbx (unity)/food_ingredient_ham.fbx
  artifactKey: Guid(101fa3d9b302b0d4b8b9bdcd4cde1e1c) Importer(815301076,1909f56bfc062723c751e8b465ee728b)
Start importing Assets/Electrodomesticos/fbx (unity)/food_ingredient_ham.fbx using Guid(101fa3d9b302b0d4b8b9bdcd4cde1e1c) Importer(815301076,1909f56bfc062723c751e8b465ee728b)  -> (artifact id: 'a32cc213b17c3965865ecf32a3676833') in 0.019895 seconds
Number of updated asset objects reloaded before import = 0
Number of asset objects unloaded after import = 9
========================================================================
Received Import Request.
  Time since last request: 0.000023 seconds.
  path: Assets/Electrodomesticos/fbx (unity)/food_ingredient_onion.fbx
  artifactKey: Guid(b5fccb051355fe849b3bd21eeaa0d881) Importer(815301076,1909f56bfc062723c751e8b465ee728b)
Start importing Assets/Electrodomesticos/fbx (unity)/food_ingredient_onion.fbx using Guid(b5fccb051355fe849b3bd21eeaa0d881) Importer(815301076,1909f56bfc062723c751e8b465ee728b)  -> (artifact id: 'e7d5777252b32c0c8e33dfc6c0e0706e') in 0.020205 seconds
Number of updated asset objects reloaded before import = 0
Number of asset objects unloaded after import = 9
========================================================================
Received Import Request.
  Time since last request: 0.000031 seconds.
  path: Assets/Electrodomesticos/fbx (unity)/door_A.fbx
  artifactKey: Guid(e38dd314287a7b246ba39f485082c62b) Importer(815301076,1909f56bfc062723c751e8b465ee728b)
Start importing Assets/Electrodomesticos/fbx (unity)/door_A.fbx using Guid(e38dd314287a7b246ba39f485082c62b) Importer(815301076,1909f56bfc062723c751e8b465ee728b)  -> (artifact id: '29ef3a28341456d601c95095f2147c65') in 0.019669 seconds
Number of updated asset objects reloaded before import = 0
Number of asset objects unloaded after import = 9
========================================================================
Received Import Request.
  Time since last request: 0.000018 seconds.
  path: Assets/Electrodomesticos/fbx (unity)/jar_D_medium.fbx
  artifactKey: Guid(5f8baf274f97558459c8994d85e13576) Importer(815301076,1909f56bfc062723c751e8b465ee728b)
Start importing Assets/Electrodomesticos/fbx (unity)/jar_D_medium.fbx using Guid(5f8baf274f97558459c8994d85e13576) Importer(815301076,1909f56bfc062723c751e8b465ee728b)  -> (artifact id: '361ee5c57f09c00faaeeab06acca9442') in 0.021523 seconds
Number of updated asset objects reloaded before import = 0
Number of asset objects unloaded after import = 9
========================================================================
Received Import Request.
  Time since last request: 0.000031 seconds.
  path: Assets/Electrodomesticos/fbx (unity)/food_ingredient_lettuce_slice.fbx
  artifactKey: Guid(b3c2995641d0059409bf1c674c4e672d) Importer(815301076,1909f56bfc062723c751e8b465ee728b)
Start importing Assets/Electrodomesticos/fbx (unity)/food_ingredient_lettuce_slice.fbx using Guid(b3c2995641d0059409bf1c674c4e672d) Importer(815301076,1909f56bfc062723c751e8b465ee728b)  -> (artifact id: 'ba4b93db43b24972a542649694c54f15') in 0.020347 seconds
Number of updated asset objects reloaded before import = 0
Number of asset objects unloaded after import = 9
========================================================================
Received Import Request.
  Time since last request: 0.000021 seconds.
  path: Assets/Electrodomesticos/fbx (unity)/dishrack_plates.fbx
  artifactKey: Guid(02740e31dc7892e4fa457559a2070684) Importer(815301076,1909f56bfc062723c751e8b465ee728b)
Start importing Assets/Electrodomesticos/fbx (unity)/dishrack_plates.fbx using Guid(02740e31dc7892e4fa457559a2070684) Importer(815301076,1909f56bfc062723c751e8b465ee728b)  -> (artifact id: '10e0f979d4a0a07990c71ba4ddbf53c0') in 0.024277 seconds
Number of updated asset objects reloaded before import = 0
Number of asset objects unloaded after import = 9
========================================================================
Received Import Request.
  Time since last request: 0.000037 seconds.
  path: Assets/Electrodomesticos/fbx (unity)/kitchencabinet_half.fbx
  artifactKey: Guid(e0e952f8d064dbe48975d436e518a0e0) Importer(815301076,1909f56bfc062723c751e8b465ee728b)
Start importing Assets/Electrodomesticos/fbx (unity)/kitchencabinet_half.fbx using Guid(e0e952f8d064dbe48975d436e518a0e0) Importer(815301076,1909f56bfc062723c751e8b465ee728b)  -> (artifact id: 'c94f243dd637f4ef9530cd078002c6fd') in 0.021865 seconds
Number of updated asset objects reloaded before import = 0
Number of asset objects unloaded after import = 9
========================================================================
Received Import Request.
  Time since last request: 4.142357 seconds.
  path: Assets/Electrodomesticos/fbx (unity)/kitchencounter_sink_backsplash.fbx
  artifactKey: Guid(2b77b31609c91eb408dd364e73adc860) Importer(815301076,1909f56bfc062723c751e8b465ee728b)
Start importing Assets/Electrodomesticos/fbx (unity)/kitchencounter_sink_backsplash.fbx using Guid(2b77b31609c91eb408dd364e73adc860) Importer(815301076,1909f56bfc062723c751e8b465ee728b)  -> (artifact id: '0ba77712b469b8a877dd95ff853462c1') in 0.019905 seconds
Number of updated asset objects reloaded before import = 0
Number of asset objects unloaded after import = 9
========================================================================
Received Import Request.
  Time since last request: 0.000018 seconds.
  path: Assets/Electrodomesticos/fbx (unity)/kitchentable_A_large_decorated.fbx
  artifactKey: Guid(7b3a71852998c2648b6d2536d2f14b8a) Importer(815301076,1909f56bfc062723c751e8b465ee728b)
Start importing Assets/Electrodomesticos/fbx (unity)/kitchentable_A_large_decorated.fbx using Guid(7b3a71852998c2648b6d2536d2f14b8a) Importer(815301076,1909f56bfc062723c751e8b465ee728b)  -> (artifact id: '257e11746df8e626a0f86a16eca5ce7f') in 0.023881 seconds
Number of updated asset objects reloaded before import = 0
Number of asset objects unloaded after import = 9
========================================================================
Received Import Request.
  Time since last request: 0.000019 seconds.
  path: Assets/Electrodomesticos/fbx (unity)/lid_large.fbx
  artifactKey: Guid(aa42c984e3057064c939239b1369e16c) Importer(815301076,1909f56bfc062723c751e8b465ee728b)
Start importing Assets/Electrodomesticos/fbx (unity)/lid_large.fbx using Guid(aa42c984e3057064c939239b1369e16c) Importer(815301076,1909f56bfc062723c751e8b465ee728b)  -> (artifact id: '8f3dcaef857c23ddfff4cde6da6a210b') in 0.021671 seconds
Number of updated asset objects reloaded before import = 0
Number of asset objects unloaded after import = 9
========================================================================
Received Import Request.
  Time since last request: 0.000016 seconds.
  path: Assets/Electrodomesticos/fbx (unity)/kitchencounter_straight_decorated.fbx
  artifactKey: Guid(89d25e7fc83fc26479e163938d2c19d5) Importer(815301076,1909f56bfc062723c751e8b465ee728b)
Start importing Assets/Electrodomesticos/fbx (unity)/kitchencounter_straight_decorated.fbx using Guid(89d25e7fc83fc26479e163938d2c19d5) Importer(815301076,1909f56bfc062723c751e8b465ee728b)  -> (artifact id: '7970ed5014e28e2668a8c73ca729d563') in 0.020222 seconds
Number of updated asset objects reloaded before import = 0
Number of asset objects unloaded after import = 9
========================================================================
Received Import Request.
  Time since last request: 0.000029 seconds.
  path: Assets/Electrodomesticos/fbx (unity)/mustard.fbx
  artifactKey: Guid(95dcb27c6973e4a44afb9b8cd685cace) Importer(815301076,1909f56bfc062723c751e8b465ee728b)
Start importing Assets/Electrodomesticos/fbx (unity)/mustard.fbx using Guid(95dcb27c6973e4a44afb9b8cd685cace) Importer(815301076,1909f56bfc062723c751e8b465ee728b)  -> (artifact id: '112d49169fb5c565162e6a70ea6adb36') in 0.021727 seconds
Number of updated asset objects reloaded before import = 0
Number of asset objects unloaded after import = 9
========================================================================
Received Import Request.
  Time since last request: 0.000019 seconds.
  path: Assets/Electrodomesticos/fbx (unity)/kitchencounter_straight_A_decorated.fbx
  artifactKey: Guid(9de1ec54b40afb241b62565173434f09) Importer(815301076,1909f56bfc062723c751e8b465ee728b)
Start importing Assets/Electrodomesticos/fbx (unity)/kitchencounter_straight_A_decorated.fbx using Guid(9de1ec54b40afb241b62565173434f09) Importer(815301076,1909f56bfc062723c751e8b465ee728b)  -> (artifact id: 'fd5b9204ee663230e0b9e36ece0fbbb7') in 0.019597 seconds
Number of updated asset objects reloaded before import = 0
Number of asset objects unloaded after import = 9
========================================================================
Received Import Request.
  Time since last request: 0.000022 seconds.
  path: Assets/Electrodomesticos/fbx (unity)/lid_B.fbx
  artifactKey: Guid(3e6d347ae38cbd94896cf6bdeae2809e) Importer(815301076,1909f56bfc062723c751e8b465ee728b)
Start importing Assets/Electrodomesticos/fbx (unity)/lid_B.fbx using Guid(3e6d347ae38cbd94896cf6bdeae2809e) Importer(815301076,1909f56bfc062723c751e8b465ee728b)  -> (artifact id: '13fe59e6bc986875e9a65ddc2602a37f') in 0.018832 seconds
Number of updated asset objects reloaded before import = 0
Number of asset objects unloaded after import = 9
========================================================================
Received Import Request.
  Time since last request: 0.000021 seconds.
  path: Assets/Electrodomesticos/fbx (unity)/kitchentable_B.fbx
  artifactKey: Guid(56491ee8079c4284ba2fb6a006abab54) Importer(815301076,1909f56bfc062723c751e8b465ee728b)
Start importing Assets/Electrodomesticos/fbx (unity)/kitchentable_B.fbx using Guid(56491ee8079c4284ba2fb6a006abab54) Importer(815301076,1909f56bfc062723c751e8b465ee728b)  -> (artifact id: 'ef25e52ce9b9208401f160cc63e61b3a') in 0.019391 seconds
Number of updated asset objects reloaded before import = 0
Number of asset objects unloaded after import = 9
========================================================================
Received Import Request.
  Time since last request: 0.000023 seconds.
  path: Assets/Electrodomesticos/fbx (unity)/kitchentable_sink_large.fbx
  artifactKey: Guid(c4319b9ef39960943b6a2b6154a7668a) Importer(815301076,1909f56bfc062723c751e8b465ee728b)
Start importing Assets/Electrodomesticos/fbx (unity)/kitchentable_sink_large.fbx using Guid(c4319b9ef39960943b6a2b6154a7668a) Importer(815301076,1909f56bfc062723c751e8b465ee728b)  -> (artifact id: 'f9ef115c02df19e6837e7f666f716f99') in 0.020144 seconds
Number of updated asset objects reloaded before import = 0
Number of asset objects unloaded after import = 9
========================================================================
Received Import Request.
  Time since last request: 0.000029 seconds.
  path: Assets/Electrodomesticos/fbx (unity)/kitchentable_A.fbx
  artifactKey: Guid(9080b8c350422f74c9fcbb3d409bbf39) Importer(815301076,1909f56bfc062723c751e8b465ee728b)
Start importing Assets/Electrodomesticos/fbx (unity)/kitchentable_A.fbx using Guid(9080b8c350422f74c9fcbb3d409bbf39) Importer(815301076,1909f56bfc062723c751e8b465ee728b)  -> (artifact id: '6c5b474b4599394f8af939b24f725e75') in 0.020915 seconds
Number of updated asset objects reloaded before import = 0
Number of asset objects unloaded after import = 9
========================================================================
Received Import Request.
  Time since last request: 0.069686 seconds.
  path: Assets/Electrodomesticos/fbx (unity)/oven.fbx
  artifactKey: Guid(2454e787e7eced14cbdcd73366f5b214) Importer(815301076,1909f56bfc062723c751e8b465ee728b)
Start importing Assets/Electrodomesticos/fbx (unity)/oven.fbx using Guid(2454e787e7eced14cbdcd73366f5b214) Importer(815301076,1909f56bfc062723c751e8b465ee728b)  -> (artifact id: '927d640e4408ed65203d8f65533f9146') in 0.034010 seconds
Number of updated asset objects reloaded before import = 0
Number of asset objects unloaded after import = 14
========================================================================
Received Import Request.
  Time since last request: 0.000021 seconds.
  path: Assets/Electrodomesticos/fbx (unity)/stew_bowl.fbx
  artifactKey: Guid(30f8cec421cdf5d4f8484621802a834f) Importer(815301076,1909f56bfc062723c751e8b465ee728b)
Start importing Assets/Electrodomesticos/fbx (unity)/stew_bowl.fbx using Guid(30f8cec421cdf5d4f8484621802a834f) Importer(815301076,1909f56bfc062723c751e8b465ee728b)  -> (artifact id: '18247962c77c5a3a9069dd23efcfd409') in 0.020217 seconds
Number of updated asset objects reloaded before import = 0
Number of asset objects unloaded after import = 9
========================================================================
Received Import Request.
  Time since last request: 0.000018 seconds.
  path: Assets/Electrodomesticos/fbx (unity)/plate.fbx
  artifactKey: Guid(275af648304684e4ba8f7348ed35ec06) Importer(815301076,1909f56bfc062723c751e8b465ee728b)
Start importing Assets/Electrodomesticos/fbx (unity)/plate.fbx using Guid(275af648304684e4ba8f7348ed35ec06) Importer(815301076,1909f56bfc062723c751e8b465ee728b)  -> (artifact id: '107d2c23a6a71943f2cba327eaa430ca') in 0.018077 seconds
Number of updated asset objects reloaded before import = 0
Number of asset objects unloaded after import = 9
========================================================================
Received Import Request.
  Time since last request: 0.000017 seconds.
  path: Assets/Electrodomesticos/fbx (unity)/restaurantbits_texture.png
  artifactKey: Guid(d43ced02a4e31ed47bed90c57808d4fb) Importer(815301076,1909f56bfc062723c751e8b465ee728b)
Start importing Assets/Electrodomesticos/fbx (unity)/restaurantbits_texture.png using Guid(d43ced02a4e31ed47bed90c57808d4fb) Importer(815301076,1909f56bfc062723c751e8b465ee728b)  -> (artifact id: '73cac0ee7333803104661427e783bec9') in 0.011596 seconds
Number of updated asset objects reloaded before import = 0
Number of asset objects unloaded after import = 2
========================================================================
Received Import Request.
  Time since last request: 0.000018 seconds.
  path: Assets/Electrodomesticos/fbx (unity)/pot_large.fbx
  artifactKey: Guid(98a1fd269dde36f469e637874b763b9e) Importer(815301076,1909f56bfc062723c751e8b465ee728b)
Start importing Assets/Electrodomesticos/fbx (unity)/pot_large.fbx using Guid(98a1fd269dde36f469e637874b763b9e) Importer(815301076,1909f56bfc062723c751e8b465ee728b)  -> (artifact id: '4eec8559768ebfe7284bc7a6bd91752c') in 0.022721 seconds
Number of updated asset objects reloaded before import = 0
Number of asset objects unloaded after import = 9
========================================================================
Received Import Request.
  Time since last request: 0.000018 seconds.
  path: Assets/Electrodomesticos/fbx (unity)/shelf_papertowel_decorated.fbx
  artifactKey: Guid(daee738c6576f09409502b20464aca50) Importer(815301076,1909f56bfc062723c751e8b465ee728b)
Start importing Assets/Electrodomesticos/fbx (unity)/shelf_papertowel_decorated.fbx using Guid(daee738c6576f09409502b20464aca50) Importer(815301076,1909f56bfc062723c751e8b465ee728b)  -> (artifact id: '61320739e2c4c275f58928d3577d7fae') in 0.021172 seconds
Number of updated asset objects reloaded before import = 0
Number of asset objects unloaded after import = 9
========================================================================
Received Import Request.
  Time since last request: 0.000025 seconds.
  path: Assets/Electrodomesticos/fbx (unity)/pillar_A.fbx
  artifactKey: Guid(205fee26458ad474a86b2fffe5082b69) Importer(815301076,1909f56bfc062723c751e8b465ee728b)
Start importing Assets/Electrodomesticos/fbx (unity)/pillar_A.fbx using Guid(205fee26458ad474a86b2fffe5082b69) Importer(815301076,1909f56bfc062723c751e8b465ee728b)  -> (artifact id: 'd332ac0dd45f43656a7300c8c7a1aace') in 0.019967 seconds
Number of updated asset objects reloaded before import = 0
Number of asset objects unloaded after import = 9
========================================================================
Received Import Request.
  Time since last request: 0.000027 seconds.
  path: Assets/Electrodomesticos/fbx (unity)/pan_A.fbx
  artifactKey: Guid(b67a973dd90abec40846e156c5c4deae) Importer(815301076,1909f56bfc062723c751e8b465ee728b)
Start importing Assets/Electrodomesticos/fbx (unity)/pan_A.fbx using Guid(b67a973dd90abec40846e156c5c4deae) Importer(815301076,1909f56bfc062723c751e8b465ee728b)  -> (artifact id: '9ceb97a41d6aad08ad35155f3d1727e5') in 0.018053 seconds
Number of updated asset objects reloaded before import = 0
Number of asset objects unloaded after import = 9
========================================================================
Received Import Request.
  Time since last request: 0.000044 seconds.
  path: Assets/Electrodomesticos/fbx (unity)/papertowel.fbx
  artifactKey: Guid(8740be96868b1e345b89018c442585b8) Importer(815301076,1909f56bfc062723c751e8b465ee728b)
Start importing Assets/Electrodomesticos/fbx (unity)/papertowel.fbx using Guid(8740be96868b1e345b89018c442585b8) Importer(815301076,1909f56bfc062723c751e8b465ee728b)  -> (artifact id: 'fa3377011434d54bd48d9658b285809b') in 0.021491 seconds
Number of updated asset objects reloaded before import = 0
Number of asset objects unloaded after import = 9
========================================================================
Received Import Request.
  Time since last request: 0.000023 seconds.
  path: Assets/Electrodomesticos/fbx (unity)/pot_A_stew.fbx
  artifactKey: Guid(6d76791941b3bc54e8de54f7202b04fa) Importer(815301076,1909f56bfc062723c751e8b465ee728b)
Start importing Assets/Electrodomesticos/fbx (unity)/pot_A_stew.fbx using Guid(6d76791941b3bc54e8de54f7202b04fa) Importer(815301076,1909f56bfc062723c751e8b465ee728b)  -> (artifact id: '21c270a119fc367c9164c674e0e53972') in 0.021175 seconds
Number of updated asset objects reloaded before import = 0
Number of asset objects unloaded after import = 9
========================================================================
Received Import Request.
  Time since last request: 0.216978 seconds.
  path: Assets/Electrodomesticos/fbx (unity)/stove_multi_countertop.fbx
  artifactKey: Guid(e736e3884a62b6d49a4494614b30dd87) Importer(815301076,1909f56bfc062723c751e8b465ee728b)
Start importing Assets/Electrodomesticos/fbx (unity)/stove_multi_countertop.fbx using Guid(e736e3884a62b6d49a4494614b30dd87) Importer(815301076,1909f56bfc062723c751e8b465ee728b)  -> (artifact id: '6ac6dec45a85aaefc483bbea5699418b') in 0.018765 seconds
Number of updated asset objects reloaded before import = 0
Number of asset objects unloaded after import = 9
========================================================================
Received Import Request.
  Time since last request: 0.000023 seconds.
  path: Assets/Electrodomesticos/fbx (unity)/table_round_A_small.fbx
  artifactKey: Guid(d865155529dfea04787bbe6d3c6b570d) Importer(815301076,1909f56bfc062723c751e8b465ee728b)
Start importing Assets/Electrodomesticos/fbx (unity)/table_round_A_small.fbx using Guid(d865155529dfea04787bbe6d3c6b570d) Importer(815301076,1909f56bfc062723c751e8b465ee728b)  -> (artifact id: 'fe139c2f8cdb8ecc322cea3cbfcdb9e7') in 0.019572 seconds
Number of updated asset objects reloaded before import = 0
Number of asset objects unloaded after import = 9
========================================================================
Received Import Request.
  Time since last request: 0.000022 seconds.
  path: Assets/Electrodomesticos/fbx (unity)/wall_decorated.fbx
  artifactKey: Guid(4830917046c340e478d33172209dc076) Importer(815301076,1909f56bfc062723c751e8b465ee728b)
Start importing Assets/Electrodomesticos/fbx (unity)/wall_decorated.fbx using Guid(4830917046c340e478d33172209dc076) Importer(815301076,1909f56bfc062723c751e8b465ee728b)  -> (artifact id: 'daede1da16cb0ffe60d7007704899065') in 0.019506 seconds
Number of updated asset objects reloaded before import = 0
Number of asset objects unloaded after import = 9
========================================================================
Received Import Request.
  Time since last request: 0.000018 seconds.
  path: Assets/Electrodomesticos/fbx (unity)/table_round_A_small_decorated.fbx
  artifactKey: Guid(0fec902d495d29749a6ee53cb7bf15b8) Importer(815301076,1909f56bfc062723c751e8b465ee728b)
Start importing Assets/Electrodomesticos/fbx (unity)/table_round_A_small_decorated.fbx using Guid(0fec902d495d29749a6ee53cb7bf15b8) Importer(815301076,1909f56bfc062723c751e8b465ee728b)  -> (artifact id: '5c2c89d2400e754ba383466db8a57656') in 0.019080 seconds
Number of updated asset objects reloaded before import = 0
Number of asset objects unloaded after import = 9
========================================================================
Received Import Request.
  Time since last request: 0.000018 seconds.
  path: Assets/Electrodomesticos/fbx (unity)/wall_window_open.fbx
  artifactKey: Guid(ccb80315241ddf04a8ecde693ec11232) Importer(815301076,1909f56bfc062723c751e8b465ee728b)
Start importing Assets/Electrodomesticos/fbx (unity)/wall_window_open.fbx using Guid(ccb80315241ddf04a8ecde693ec11232) Importer(815301076,1909f56bfc062723c751e8b465ee728b)  -> (artifact id: 'aadfd3f2ca5ea43547ba88b0981cce2b') in 0.019664 seconds
Number of updated asset objects reloaded before import = 0
Number of asset objects unloaded after import = 9
========================================================================
Received Import Request.
  Time since last request: 0.000017 seconds.
  path: Assets/Electrodomesticos/fbx (unity)/table_round_A.fbx
  artifactKey: Guid(2e6715a4eada67f4d890052bc6b8cf6b) Importer(815301076,1909f56bfc062723c751e8b465ee728b)
Start importing Assets/Electrodomesticos/fbx (unity)/table_round_A.fbx using Guid(2e6715a4eada67f4d890052bc6b8cf6b) Importer(815301076,1909f56bfc062723c751e8b465ee728b)  -> (artifact id: 'f1dc8fed06c574faafaa6b6f2dd55570') in 0.019252 seconds
Number of updated asset objects reloaded before import = 0
Number of asset objects unloaded after import = 9
========================================================================
Received Import Request.
  Time since last request: 0.000018 seconds.
  path: Assets/Electrodomesticos/fbx (unity)/table_round_B.fbx
  artifactKey: Guid(1d58118516da4da439b150c7c7e01397) Importer(815301076,1909f56bfc062723c751e8b465ee728b)
Start importing Assets/Electrodomesticos/fbx (unity)/table_round_B.fbx using Guid(1d58118516da4da439b150c7c7e01397) Importer(815301076,1909f56bfc062723c751e8b465ee728b)  -> (artifact id: '507d76d228419f400ea548d6e76e03f8') in 0.019696 seconds
Number of updated asset objects reloaded before import = 0
Number of asset objects unloaded after import = 9
========================================================================
Received Import Request.
  Time since last request: 0.000023 seconds.
  path: Assets/Electrodomesticos/fbx (unity)/wall_orderwindow.fbx
  artifactKey: Guid(b436c68f1be8c61419c21553a03808bb) Importer(815301076,1909f56bfc062723c751e8b465ee728b)
Start importing Assets/Electrodomesticos/fbx (unity)/wall_orderwindow.fbx using Guid(b436c68f1be8c61419c21553a03808bb) Importer(815301076,1909f56bfc062723c751e8b465ee728b)  -> (artifact id: '52aa6824b3a400e7ad265400633c29a5') in 0.021251 seconds
Number of updated asset objects reloaded before import = 0
Number of asset objects unloaded after import = 9
========================================================================
Received Import Request.
  Time since last request: 0.000018 seconds.
  path: Assets/Electrodomesticos/fbx (unity)/wall.fbx
  artifactKey: Guid(d75ac943b58bc9b40b4233ce2bf779dd) Importer(815301076,1909f56bfc062723c751e8b465ee728b)
Start importing Assets/Electrodomesticos/fbx (unity)/wall.fbx using Guid(d75ac943b58bc9b40b4233ce2bf779dd) Importer(815301076,1909f56bfc062723c751e8b465ee728b)  -> (artifact id: '70d7fccd593e6769461bc571d2b9c421') in 0.018562 seconds
Number of updated asset objects reloaded before import = 0
Number of asset objects unloaded after import = 9
Editor requested this worker to shutdown with reason: Scaling down because of idle timeout
TcpMessagingSession - receive error: operation aborted. errorcode: 995, details: La operacin de E/S se anul por una salida de subproceso o por una solicitud de aplicacin.
AssetImportWorker is now disconnected from the server
Process exiting
Exiting without the bug reporter. Application will terminate with return code 0