Using pre-set license
Built from '2022.3/staging' branch; Version is '2022.3.29f1 (8d510ca76d2b) revision 9261324'; Using compiler version '192829333'; Build Type 'Release'
OS: 'Windows 11  (10.0.22631) 64bit Professional' Language: 'es' Physical Memory: 15743 MB
BatchMode: 1, IsHumanControllingUs: 0, StartBugReporterOnCrash: 0, Is64bit: 1, IsPro: 1

COMMAND LINE ARGUMENTS:
C:\Program Files\Unity\Hub\Editor\2022.3.29f1\Editor\Unity.exe
-adb2
-batchMode
-noUpm
-name
AssetImportWorker4
-projectPath
C:/Users/Usuario/Crazy kitchen
-logFile
Logs/AssetImportWorker4.log
-srvPort
50664
Successfully changed project path to: C:/Users/Usuario/Crazy kitchen
C:/Users/Usuario/Crazy kitchen
[UnityMemory] Configuration Parameters - Can be set up in boot.config
    "memorysetup-bucket-allocator-granularity=16"
    "memorysetup-bucket-allocator-bucket-count=8"
    "memorysetup-bucket-allocator-block-size=33554432"
    "memorysetup-bucket-allocator-block-count=8"
    "memorysetup-main-allocator-block-size=16777216"
    "memorysetup-thread-allocator-block-size=16777216"
    "memorysetup-gfx-main-allocator-block-size=16777216"
    "memorysetup-gfx-thread-allocator-block-size=16777216"
    "memorysetup-cache-allocator-block-size=4194304"
    "memorysetup-typetree-allocator-block-size=2097152"
    "memorysetup-profiler-bucket-allocator-granularity=16"
    "memorysetup-profiler-bucket-allocator-bucket-count=8"
    "memorysetup-profiler-bucket-allocator-block-size=33554432"
    "memorysetup-profiler-bucket-allocator-block-count=8"
    "memorysetup-profiler-allocator-block-size=16777216"
    "memorysetup-profiler-editor-allocator-block-size=1048576"
    "memorysetup-temp-allocator-size-main=16777216"
    "memorysetup-job-temp-allocator-block-size=2097152"
    "memorysetup-job-temp-allocator-block-size-background=1048576"
    "memorysetup-job-temp-allocator-reduction-small-platforms=262144"
    "memorysetup-allocator-temp-initial-block-size-main=262144"
    "memorysetup-allocator-temp-initial-block-size-worker=262144"
    "memorysetup-temp-allocator-size-background-worker=32768"
    "memorysetup-temp-allocator-size-job-worker=262144"
    "memorysetup-temp-allocator-size-preload-manager=33554432"
    "memorysetup-temp-allocator-size-nav-mesh-worker=65536"
    "memorysetup-temp-allocator-size-audio-worker=65536"
    "memorysetup-temp-allocator-size-cloud-worker=32768"
    "memorysetup-temp-allocator-size-gi-baking-worker=262144"
    "memorysetup-temp-allocator-size-gfx=262144"
Player connection [7752] Host "[IP] 192.168.1.7 [Port] 0 [Flags] 2 [Guid] 3323499833 [EditorId] 3323499833 [Version] 1048832 [Id] WindowsEditor(7,DESKTOP-NV7RIE9) [Debug] 1 [PackageName] WindowsEditor [ProjectName] Editor" joined multi-casting on [225.0.0.222:54997]...

Player connection [7752] Host "[IP] 192.168.1.7 [Port] 0 [Flags] 2 [Guid] 3323499833 [EditorId] 3323499833 [Version] 1048832 [Id] WindowsEditor(7,DESKTOP-NV7RIE9) [Debug] 1 [PackageName] WindowsEditor [ProjectName] Editor" joined alternative multi-casting on [225.0.0.222:34997]...

[Physics::Module] Initialized MultithreadedJobDispatcher with 15 workers.
Refreshing native plugins compatible for Editor in 11.37 ms, found 4 plugins.
Preloading 0 native plugins for Editor in 0.00 ms.
Initialize engine version: 2022.3.29f1 (8d510ca76d2b)
[Subsystems] Discovering subsystems at path C:/Program Files/Unity/Hub/Editor/2022.3.29f1/Editor/Data/Resources/UnitySubsystems
[Subsystems] Discovering subsystems at path C:/Users/Usuario/Crazy kitchen/Assets
GfxDevice: creating device client; threaded=0; jobified=0
Direct3D:
    Version:  Direct3D 11.0 [level 11.1]
    Renderer: NVIDIA GeForce RTX 4060 (ID=0x2882)
    Vendor:   NVIDIA
    VRAM:     7957 MB
    Driver:   32.0.15.6094
Initialize mono
Mono path[0] = 'C:/Program Files/Unity/Hub/Editor/2022.3.29f1/Editor/Data/Managed'
Mono path[1] = 'C:/Program Files/Unity/Hub/Editor/2022.3.29f1/Editor/Data/MonoBleedingEdge/lib/mono/unityjit-win32'
Mono config path = 'C:/Program Files/Unity/Hub/Editor/2022.3.29f1/Editor/Data/MonoBleedingEdge/etc'
Using monoOptions --debugger-agent=transport=dt_socket,embedding=1,server=y,suspend=n,address=127.0.0.1:56552
Begin MonoManager ReloadAssembly
Registering precompiled unity dll's ...
Register platform support module: C:/Program Files/Unity/Hub/Editor/2022.3.29f1/Editor/Data/PlaybackEngines/WindowsStandaloneSupport/UnityEditor.WindowsStandalone.Extensions.dll
Registered in 0.006363 seconds.
- Loaded All Assemblies, in  0.281 seconds
Native extension for WindowsStandalone target not found
Mono: successfully reloaded assembly
- Finished resetting the current domain, in  0.219 seconds
Domain Reload Profiling: 499ms
	BeginReloadAssembly (93ms)
		ExecutionOrderSort (0ms)
		DisableScriptedObjects (0ms)
		BackupInstance (0ms)
		ReleaseScriptingObjects (0ms)
		CreateAndSetChildDomain (1ms)
	RebuildCommonClasses (25ms)
	RebuildNativeTypeToScriptingClass (8ms)
	initialDomainReloadingComplete (48ms)
	LoadAllAssembliesAndSetupDomain (106ms)
		LoadAssemblies (91ms)
		RebuildTransferFunctionScriptingTraits (0ms)
		AnalyzeDomain (105ms)
			TypeCache.Refresh (104ms)
				TypeCache.ScanAssembly (93ms)
			ScanForSourceGeneratedMonoScriptInfo (0ms)
			ResolveRequiredComponents (0ms)
	FinalizeReload (220ms)
		ReleaseScriptCaches (0ms)
		RebuildScriptCaches (0ms)
		SetupLoadedEditorAssemblies (175ms)
			LogAssemblyErrors (0ms)
			InitializePlatformSupportModulesInManaged (7ms)
			SetLoadedEditorAssemblies (6ms)
			RefreshPlugins (0ms)
			BeforeProcessingInitializeOnLoad (2ms)
			ProcessInitializeOnLoadAttributes (122ms)
			ProcessInitializeOnLoadMethodAttributes (37ms)
			AfterProcessingInitializeOnLoad (0ms)
			EditorAssembliesLoaded (0ms)
		ExecutionOrderSort2 (0ms)
		AwakeInstancesAfterBackupRestoration (0ms)
========================================================================
Worker process is ready to serve import requests
Begin MonoManager ReloadAssembly
- Loaded All Assemblies, in  0.554 seconds
Refreshing native plugins compatible for Editor in 6.56 ms, found 4 plugins.
Native extension for WindowsStandalone target not found
Package Manager log level set to [2]
[Package Manager] Server::EnsureServerProcessIsRunning -- launch failed, reason: Unity was launched with the -noUpm command-line argument
[Package Manager] UpmClient::Send -- Unable to send message (not connected to UPM process).
[Package Manager] Cannot connect to Unity Package Manager local server
Mono: successfully reloaded assembly
- Finished resetting the current domain, in  0.517 seconds
Domain Reload Profiling: 1069ms
	BeginReloadAssembly (124ms)
		ExecutionOrderSort (0ms)
		DisableScriptedObjects (4ms)
		BackupInstance (0ms)
		ReleaseScriptingObjects (0ms)
		CreateAndSetChildDomain (19ms)
	RebuildCommonClasses (24ms)
	RebuildNativeTypeToScriptingClass (8ms)
	initialDomainReloadingComplete (34ms)
	LoadAllAssembliesAndSetupDomain (361ms)
		LoadAssemblies (285ms)
		RebuildTransferFunctionScriptingTraits (0ms)
		AnalyzeDomain (150ms)
			TypeCache.Refresh (125ms)
				TypeCache.ScanAssembly (109ms)
			ScanForSourceGeneratedMonoScriptInfo (19ms)
			ResolveRequiredComponents (5ms)
	FinalizeReload (518ms)
		ReleaseScriptCaches (0ms)
		RebuildScriptCaches (0ms)
		SetupLoadedEditorAssemblies (392ms)
			LogAssemblyErrors (0ms)
			InitializePlatformSupportModulesInManaged (5ms)
			SetLoadedEditorAssemblies (2ms)
			RefreshPlugins (0ms)
			BeforeProcessingInitializeOnLoad (53ms)
			ProcessInitializeOnLoadAttributes (311ms)
			ProcessInitializeOnLoadMethodAttributes (16ms)
			AfterProcessingInitializeOnLoad (6ms)
			EditorAssembliesLoaded (0ms)
		ExecutionOrderSort2 (0ms)
		AwakeInstancesAfterBackupRestoration (5ms)
Launched and connected shader compiler UnityShaderCompiler.exe after 0.03 seconds
Refreshing native plugins compatible for Editor in 5.45 ms, found 4 plugins.
Preloading 0 native plugins for Editor in 0.00 ms.
Unloading 3744 Unused Serialized files (Serialized files now loaded: 0)
Unloading 43 unused Assets / (60.0 KB). Loaded Objects now: 4204.
Memory consumption went from 205.1 MB to 205.0 MB.
Total: 3.402300 ms (FindLiveObjects: 0.317100 ms CreateObjectMapping: 0.112500 ms MarkObjects: 2.813300 ms  DeleteObjects: 0.158500 ms)

AssetImportParameters requested are different than current active one (requested -> active):
  custom:container-demuxer-ogg: 62fdf1f143b41e24485cea50d1cbac27 -> 
  custom:video-codec-MediaFoundation-h265: 746d11721c4dcdbdad8f713fa42b33f4 -> 
  custom:video-decoder-ogg-theora: a1e56fd34408186e4bbccfd4996cb3dc -> 
  custom:framework-win-MediaFoundation: 216162199b28c13a410421893ffa2e32 -> 
  custom:CustomObjectIndexerAttribute: 9a22284fe3817be447336de3de66b15e -> 
  custom:container-demuxer-webm: 4f35f7cbe854078d1ac9338744f61a02 -> 
  custom:container-muxer-webm: aa71ff27fc2769a1b78a27578f13a17b -> 
  custom:video-decoder-webm-vp8: 9c59270c3fd7afecdb556c50c9e8de78 -> 
  custom:SearchIndexIgnoredProperties: e643bd26f0fe6173181afceb89e7c659 -> 
  custom:AudioImporter_EditorPlatform: d09bf68614088b80899f8185d706f6e7 -> 
  custom:video-encoder-webm-vp8: eb34c28f22e8b96e1ab97ce403110664 -> 
  custom:audio-decoder-ogg-vorbis: bf7c407c2cedff20999df2af8eb42d56 -> 
  custom:audio-encoder-webm-vorbis: bf7c407c2cedff20999df2af8eb42d56 -> 
========================================================================
Received Import Request.
  Time since last request: 11425.820773 seconds.
  path: Assets/Food Pack-Demo/Scenes
  artifactKey: Guid(599d019e40e7a8946b6d7054a4dfaf3b) Importer(815301076,1909f56bfc062723c751e8b465ee728b)
Start importing Assets/Food Pack-Demo/Scenes using Guid(599d019e40e7a8946b6d7054a4dfaf3b) Importer(815301076,1909f56bfc062723c751e8b465ee728b)  -> (artifact id: '00b3fec8bf5f24910a4a7dfa81fd67d0') in 0.002540 seconds
Number of updated asset objects reloaded before import = 0
Number of asset objects unloaded after import = 0
========================================================================
Received Import Request.
  Time since last request: 0.752194 seconds.
  path: Assets/Food Pack-Demo/Scenes/DemoScene.unity
  artifactKey: Guid(369d9cefb16425e439cba83b325afc71) Importer(815301076,1909f56bfc062723c751e8b465ee728b)
Start importing Assets/Food Pack-Demo/Scenes/DemoScene.unity using Guid(369d9cefb16425e439cba83b325afc71) Importer(815301076,1909f56bfc062723c751e8b465ee728b)  -> (artifact id: 'bf4df401994ef89ab0cfd974b09b6735') in 0.000466 seconds
Number of updated asset objects reloaded before import = 0
Number of asset objects unloaded after import = 0
========================================================================
Received Import Request.
  Time since last request: 9.989081 seconds.
  path: Assets/Food Pack-Demo/Prefabs with colliders
  artifactKey: Guid(42b7df7270832fd4a901a42e1fbf9c56) Importer(815301076,1909f56bfc062723c751e8b465ee728b)
Start importing Assets/Food Pack-Demo/Prefabs with colliders using Guid(42b7df7270832fd4a901a42e1fbf9c56) Importer(815301076,1909f56bfc062723c751e8b465ee728b)  -> (artifact id: '03901de7262b46cc6143f5c61450e884') in 0.000428 seconds
Number of updated asset objects reloaded before import = 0
Number of asset objects unloaded after import = 0
========================================================================
Received Import Request.
  Time since last request: 0.139646 seconds.
  path: Assets/Food Pack-Demo/Prefabs with colliders/Bell pepper green.prefab
  artifactKey: Guid(cb83f814934cfc140b16be0112da5872) Importer(815301076,1909f56bfc062723c751e8b465ee728b)
Start importing Assets/Food Pack-Demo/Prefabs with colliders/Bell pepper green.prefab using Guid(cb83f814934cfc140b16be0112da5872) Importer(815301076,1909f56bfc062723c751e8b465ee728b)  -> (artifact id: '682441425597d0f10eb8ee857b7c1881') in 0.105529 seconds
Number of updated asset objects reloaded before import = 0
Number of asset objects unloaded after import = 12
========================================================================
Received Import Request.
  Time since last request: 0.000047 seconds.
  path: Assets/Food Pack-Demo/Prefabs with colliders/Tomato Half.prefab
  artifactKey: Guid(6f1977e8f3090d544acb9a6cb8234612) Importer(815301076,1909f56bfc062723c751e8b465ee728b)
Start importing Assets/Food Pack-Demo/Prefabs with colliders/Tomato Half.prefab using Guid(6f1977e8f3090d544acb9a6cb8234612) Importer(815301076,1909f56bfc062723c751e8b465ee728b)  -> (artifact id: 'd66b9d0c4a234f1f1790aa3d445a1467') in 0.018911 seconds
Number of updated asset objects reloaded before import = 0
Number of asset objects unloaded after import = 12
========================================================================
Received Import Request.
  Time since last request: 0.000029 seconds.
  path: Assets/Food Pack-Demo/Prefabs with colliders/Pretzel.prefab
  artifactKey: Guid(381b4876465ff66439c798bbd05934ae) Importer(815301076,1909f56bfc062723c751e8b465ee728b)
Start importing Assets/Food Pack-Demo/Prefabs with colliders/Pretzel.prefab using Guid(381b4876465ff66439c798bbd05934ae) Importer(815301076,1909f56bfc062723c751e8b465ee728b)  -> (artifact id: '4885ea69b28304406298be47e0811d0e') in 0.038517 seconds
Number of updated asset objects reloaded before import = 0
Number of asset objects unloaded after import = 12
========================================================================
Received Import Request.
  Time since last request: 0.000025 seconds.
  path: Assets/Food Pack-Demo/Prefabs with colliders/Tomato Quarter.prefab
  artifactKey: Guid(408c0739d2750fd478c7a1af73dab7ba) Importer(815301076,1909f56bfc062723c751e8b465ee728b)
Start importing Assets/Food Pack-Demo/Prefabs with colliders/Tomato Quarter.prefab using Guid(408c0739d2750fd478c7a1af73dab7ba) Importer(815301076,1909f56bfc062723c751e8b465ee728b)  -> (artifact id: '0f100efc7ef77401848c34c235441da9') in 0.012003 seconds
Number of updated asset objects reloaded before import = 0
Number of asset objects unloaded after import = 12
========================================================================
Received Import Request.
  Time since last request: 0.000052 seconds.
  path: Assets/Food Pack-Demo/Prefabs with colliders/Sake Pot C.prefab
  artifactKey: Guid(3eb9e00580be8fb41861868e3b76e4f0) Importer(815301076,1909f56bfc062723c751e8b465ee728b)
Start importing Assets/Food Pack-Demo/Prefabs with colliders/Sake Pot C.prefab using Guid(3eb9e00580be8fb41861868e3b76e4f0) Importer(815301076,1909f56bfc062723c751e8b465ee728b)  -> (artifact id: '3e9833f964fe577c6118ef3667767586') in 0.013847 seconds
Number of updated asset objects reloaded before import = 0
Number of asset objects unloaded after import = 12
========================================================================
Received Import Request.
  Time since last request: 0.000029 seconds.
  path: Assets/Food Pack-Demo/Prefabs with colliders/Bundt Cake.prefab
  artifactKey: Guid(0636e50c98e1e1e47bdecf7563b4ca71) Importer(815301076,1909f56bfc062723c751e8b465ee728b)
Start importing Assets/Food Pack-Demo/Prefabs with colliders/Bundt Cake.prefab using Guid(0636e50c98e1e1e47bdecf7563b4ca71) Importer(815301076,1909f56bfc062723c751e8b465ee728b)  -> (artifact id: 'e58024ad4093d3362fb5de534835e9d1') in 0.016339 seconds
Number of updated asset objects reloaded before import = 0
Number of asset objects unloaded after import = 12
========================================================================
Received Import Request.
  Time since last request: 0.000039 seconds.
  path: Assets/Food Pack-Demo/Prefabs with colliders/Soda bottle Glass A.prefab
  artifactKey: Guid(7f267e1d230150340a654e923cf2609a) Importer(815301076,1909f56bfc062723c751e8b465ee728b)
Start importing Assets/Food Pack-Demo/Prefabs with colliders/Soda bottle Glass A.prefab using Guid(7f267e1d230150340a654e923cf2609a) Importer(815301076,1909f56bfc062723c751e8b465ee728b)  -> (artifact id: 'ac8854ede92b7accbdc04128c4db08e1') in 0.014101 seconds
Number of updated asset objects reloaded before import = 0
Number of asset objects unloaded after import = 13
========================================================================
Received Import Request.
  Time since last request: 0.000033 seconds.
  path: Assets/Food Pack-Demo/Prefabs with colliders/Peach.prefab
  artifactKey: Guid(cdfcdc2ad3121dd48b009483e054ee65) Importer(815301076,1909f56bfc062723c751e8b465ee728b)
Start importing Assets/Food Pack-Demo/Prefabs with colliders/Peach.prefab using Guid(cdfcdc2ad3121dd48b009483e054ee65) Importer(815301076,1909f56bfc062723c751e8b465ee728b)  -> (artifact id: 'b542bcc86b14317dc66ee410fd5d259a') in 0.014769 seconds
Number of updated asset objects reloaded before import = 0
Number of asset objects unloaded after import = 12
========================================================================
Received Import Request.
  Time since last request: 0.000017 seconds.
  path: Assets/Food Pack-Demo/Prefabs with colliders/Maki C1.prefab
  artifactKey: Guid(55aaf3d376031ef4e87d0c9e40e04a08) Importer(815301076,1909f56bfc062723c751e8b465ee728b)
Start importing Assets/Food Pack-Demo/Prefabs with colliders/Maki C1.prefab using Guid(55aaf3d376031ef4e87d0c9e40e04a08) Importer(815301076,1909f56bfc062723c751e8b465ee728b)  -> (artifact id: 'cf2f4917bca235f9a95c468389ec08ff') in 0.014052 seconds
Number of updated asset objects reloaded before import = 0
Number of asset objects unloaded after import = 12
========================================================================
Received Import Request.
  Time since last request: 0.000023 seconds.
  path: Assets/Food Pack-Demo/Prefabs with colliders/Bundt Cake cut.prefab
  artifactKey: Guid(00b58c22752558540a1e4fe6b3c74ac8) Importer(815301076,1909f56bfc062723c751e8b465ee728b)
Start importing Assets/Food Pack-Demo/Prefabs with colliders/Bundt Cake cut.prefab using Guid(00b58c22752558540a1e4fe6b3c74ac8) Importer(815301076,1909f56bfc062723c751e8b465ee728b)  -> (artifact id: 'cb97c21119840a45cb6f1844c09bd91d') in 0.011419 seconds
Number of updated asset objects reloaded before import = 0
Number of asset objects unloaded after import = 14
========================================================================
Received Import Request.
  Time since last request: 0.000033 seconds.
  path: Assets/Food Pack-Demo/Prefabs with colliders/Doughnut D.prefab
  artifactKey: Guid(541d9093cad6d0945b37231b698e1f96) Importer(815301076,1909f56bfc062723c751e8b465ee728b)
Start importing Assets/Food Pack-Demo/Prefabs with colliders/Doughnut D.prefab using Guid(541d9093cad6d0945b37231b698e1f96) Importer(815301076,1909f56bfc062723c751e8b465ee728b)  -> (artifact id: '2e9d908d3e8d91d1a096c4d505917160') in 0.014689 seconds
Number of updated asset objects reloaded before import = 0
Number of asset objects unloaded after import = 12
========================================================================
Received Import Request.
  Time since last request: 0.000027 seconds.
  path: Assets/Food Pack-Demo/Prefabs with colliders/Salmon Cut.prefab
  artifactKey: Guid(0c775a7cb9c4a4d47aef6a0827a76b81) Importer(815301076,1909f56bfc062723c751e8b465ee728b)
Start importing Assets/Food Pack-Demo/Prefabs with colliders/Salmon Cut.prefab using Guid(0c775a7cb9c4a4d47aef6a0827a76b81) Importer(815301076,1909f56bfc062723c751e8b465ee728b)  -> (artifact id: '0fc36b180528eb900bef18564b2981bc') in 0.012100 seconds
Number of updated asset objects reloaded before import = 0
Number of asset objects unloaded after import = 12
========================================================================
Received Import Request.
  Time since last request: 0.000032 seconds.
  path: Assets/Food Pack-Demo/Prefabs with colliders/Salmon plastic tray.prefab
  artifactKey: Guid(14e2f098e1f539240a7959e6492fd3e6) Importer(815301076,1909f56bfc062723c751e8b465ee728b)
Start importing Assets/Food Pack-Demo/Prefabs with colliders/Salmon plastic tray.prefab using Guid(14e2f098e1f539240a7959e6492fd3e6) Importer(815301076,1909f56bfc062723c751e8b465ee728b)  -> (artifact id: 'ee2b8f95e9805eb203a76b0874166eff') in 0.014385 seconds
Number of updated asset objects reloaded before import = 0
Number of asset objects unloaded after import = 13
========================================================================
Received Import Request.
  Time since last request: 0.000021 seconds.
  path: Assets/Food Pack-Demo/Prefabs with colliders/Coffee Cup C.prefab
  artifactKey: Guid(2374e3720a7b10b499a08f020177e37c) Importer(815301076,1909f56bfc062723c751e8b465ee728b)
Start importing Assets/Food Pack-Demo/Prefabs with colliders/Coffee Cup C.prefab using Guid(2374e3720a7b10b499a08f020177e37c) Importer(815301076,1909f56bfc062723c751e8b465ee728b)  -> (artifact id: '569064e2be73e05ff5d0197d057aa64c') in 0.013228 seconds
Number of updated asset objects reloaded before import = 0
Number of asset objects unloaded after import = 12
========================================================================
Received Import Request.
  Time since last request: 0.000031 seconds.
  path: Assets/Food Pack-Demo/Prefabs with colliders/Lamb Chop.prefab
  artifactKey: Guid(fd391df2a0cc8834689ec0c4e8e75799) Importer(815301076,1909f56bfc062723c751e8b465ee728b)
Start importing Assets/Food Pack-Demo/Prefabs with colliders/Lamb Chop.prefab using Guid(fd391df2a0cc8834689ec0c4e8e75799) Importer(815301076,1909f56bfc062723c751e8b465ee728b)  -> (artifact id: '1f9409a49e76813e4d371d732044ed32') in 0.013379 seconds
Number of updated asset objects reloaded before import = 0
Number of asset objects unloaded after import = 12
========================================================================
Received Import Request.
  Time since last request: 0.000027 seconds.
  path: Assets/Food Pack-Demo/Prefabs with colliders/Chopsticks B.prefab
  artifactKey: Guid(07941bae386e1594fb7e061ed7f25195) Importer(815301076,1909f56bfc062723c751e8b465ee728b)
Start importing Assets/Food Pack-Demo/Prefabs with colliders/Chopsticks B.prefab using Guid(07941bae386e1594fb7e061ed7f25195) Importer(815301076,1909f56bfc062723c751e8b465ee728b)  -> (artifact id: 'ad1cc632ab267dfbb9a8426256699e22') in 0.013617 seconds
Number of updated asset objects reloaded before import = 0
Number of asset objects unloaded after import = 12
========================================================================
Received Import Request.
  Time since last request: 0.000069 seconds.
  path: Assets/Food Pack-Demo/Prefabs with colliders/Salmon skeleton.prefab
  artifactKey: Guid(248da5bbc1b94c3408fc184fa34afb7d) Importer(815301076,1909f56bfc062723c751e8b465ee728b)
Start importing Assets/Food Pack-Demo/Prefabs with colliders/Salmon skeleton.prefab using Guid(248da5bbc1b94c3408fc184fa34afb7d) Importer(815301076,1909f56bfc062723c751e8b465ee728b)  -> (artifact id: '844b2cd6b146cdf8dc4675e9d5977cab') in 0.018752 seconds
Number of updated asset objects reloaded before import = 0
Number of asset objects unloaded after import = 12
========================================================================
Received Import Request.
  Time since last request: 0.000033 seconds.
  path: Assets/Food Pack-Demo/Prefabs with colliders/Pizza Margarita cut.prefab
  artifactKey: Guid(0e9ff68fb45f20d4f8b24f1622ce7ad7) Importer(815301076,1909f56bfc062723c751e8b465ee728b)
Start importing Assets/Food Pack-Demo/Prefabs with colliders/Pizza Margarita cut.prefab using Guid(0e9ff68fb45f20d4f8b24f1622ce7ad7) Importer(815301076,1909f56bfc062723c751e8b465ee728b)  -> (artifact id: 'de8c28eb7e003404509e9e95ffa7d3bd') in 0.016078 seconds
Number of updated asset objects reloaded before import = 0
Number of asset objects unloaded after import = 12
========================================================================
Received Import Request.
  Time since last request: 0.000027 seconds.
  path: Assets/Food Pack-Demo/Prefabs with colliders/Lamb Chop Cooked.prefab
  artifactKey: Guid(50b8d7a31d8d5a2469b0806bcefffe4b) Importer(815301076,1909f56bfc062723c751e8b465ee728b)
Start importing Assets/Food Pack-Demo/Prefabs with colliders/Lamb Chop Cooked.prefab using Guid(50b8d7a31d8d5a2469b0806bcefffe4b) Importer(815301076,1909f56bfc062723c751e8b465ee728b)  -> (artifact id: '8db32ad3a2acaf05403a5ff50d3ab1c9') in 0.017635 seconds
Number of updated asset objects reloaded before import = 0
Number of asset objects unloaded after import = 12
========================================================================
Received Import Request.
  Time since last request: 0.000024 seconds.
  path: Assets/Food Pack-Demo/Prefabs with colliders/Frappe B.prefab
  artifactKey: Guid(eb323cb6688d54249b6a030872eb489c) Importer(815301076,1909f56bfc062723c751e8b465ee728b)
Start importing Assets/Food Pack-Demo/Prefabs with colliders/Frappe B.prefab using Guid(eb323cb6688d54249b6a030872eb489c) Importer(815301076,1909f56bfc062723c751e8b465ee728b)  -> (artifact id: '1a514661e5d27300b87111bced40899d') in 0.018579 seconds
Number of updated asset objects reloaded before import = 0
Number of asset objects unloaded after import = 15
========================================================================
Received Import Request.
  Time since last request: 0.000029 seconds.
  path: Assets/Food Pack-Demo/Prefabs with colliders/Soda can C.prefab
  artifactKey: Guid(6423086f4c3c91941b15347f806e5496) Importer(815301076,1909f56bfc062723c751e8b465ee728b)
Start importing Assets/Food Pack-Demo/Prefabs with colliders/Soda can C.prefab using Guid(6423086f4c3c91941b15347f806e5496) Importer(815301076,1909f56bfc062723c751e8b465ee728b)  -> (artifact id: 'eb0f0a939f2d0b6a890a83fbec182ef0') in 0.017838 seconds
Number of updated asset objects reloaded before import = 0
Number of asset objects unloaded after import = 12
========================================================================
Received Import Request.
  Time since last request: 0.000029 seconds.
  path: Assets/Food Pack-Demo/Prefabs with colliders/Pizza Margarita.prefab
  artifactKey: Guid(ddfa315221cd51d43a26448bea82567e) Importer(815301076,1909f56bfc062723c751e8b465ee728b)
Start importing Assets/Food Pack-Demo/Prefabs with colliders/Pizza Margarita.prefab using Guid(ddfa315221cd51d43a26448bea82567e) Importer(815301076,1909f56bfc062723c751e8b465ee728b)  -> (artifact id: '9d7dade38c02947fc09fd2015ff8db41') in 0.014597 seconds
Number of updated asset objects reloaded before import = 0
Number of asset objects unloaded after import = 12
========================================================================
Received Import Request.
  Time since last request: 0.000025 seconds.
  path: Assets/Food Pack-Demo/Prefabs with colliders/Tamago.prefab
  artifactKey: Guid(d04f7b833efcc7341aa2f179d59663af) Importer(815301076,1909f56bfc062723c751e8b465ee728b)
Start importing Assets/Food Pack-Demo/Prefabs with colliders/Tamago.prefab using Guid(d04f7b833efcc7341aa2f179d59663af) Importer(815301076,1909f56bfc062723c751e8b465ee728b)  -> (artifact id: '511140f34e69dd609eb30bc796fa651d') in 0.021046 seconds
Number of updated asset objects reloaded before import = 0
Number of asset objects unloaded after import = 12
========================================================================
Received Import Request.
  Time since last request: 0.000037 seconds.
  path: Assets/Food Pack-Demo/Prefabs with colliders/Tomato.prefab
  artifactKey: Guid(0718c8b31df11bd408bffcfd3729b04a) Importer(815301076,1909f56bfc062723c751e8b465ee728b)
Start importing Assets/Food Pack-Demo/Prefabs with colliders/Tomato.prefab using Guid(0718c8b31df11bd408bffcfd3729b04a) Importer(815301076,1909f56bfc062723c751e8b465ee728b)  -> (artifact id: 'b27bb58d319835881ebd59bd2573da9c') in 0.019076 seconds
Number of updated asset objects reloaded before import = 0
Number of asset objects unloaded after import = 12
========================================================================
Received Import Request.
  Time since last request: 0.000033 seconds.
  path: Assets/Food Pack-Demo/Prefabs with colliders/Ice cream stick C.prefab
  artifactKey: Guid(30a954cbaf4343d4a8b672231ca1637b) Importer(815301076,1909f56bfc062723c751e8b465ee728b)
Start importing Assets/Food Pack-Demo/Prefabs with colliders/Ice cream stick C.prefab using Guid(30a954cbaf4343d4a8b672231ca1637b) Importer(815301076,1909f56bfc062723c751e8b465ee728b)  -> (artifact id: '0465f3e75bc2d97538a0e5e24c17dc0d') in 0.024105 seconds
Number of updated asset objects reloaded before import = 0
Number of asset objects unloaded after import = 12
========================================================================
Received Import Request.
  Time since last request: 0.000027 seconds.
  path: Assets/Food Pack-Demo/Prefabs with colliders/Peach slice.prefab
  artifactKey: Guid(62679780ebae3144aa7a82dfa853d1a4) Importer(815301076,1909f56bfc062723c751e8b465ee728b)
Start importing Assets/Food Pack-Demo/Prefabs with colliders/Peach slice.prefab using Guid(62679780ebae3144aa7a82dfa853d1a4) Importer(815301076,1909f56bfc062723c751e8b465ee728b)  -> (artifact id: '662fd1f967642ea9fe5274a1ac070f96') in 0.019230 seconds
Number of updated asset objects reloaded before import = 0
Number of asset objects unloaded after import = 12
========================================================================
Received Import Request.
  Time since last request: 0.000034 seconds.
  path: Assets/Food Pack-Demo/Prefabs with colliders/Lamb leg.prefab
  artifactKey: Guid(41ffe1a739b405340b5067d816dda9b3) Importer(815301076,1909f56bfc062723c751e8b465ee728b)
Start importing Assets/Food Pack-Demo/Prefabs with colliders/Lamb leg.prefab using Guid(41ffe1a739b405340b5067d816dda9b3) Importer(815301076,1909f56bfc062723c751e8b465ee728b)  -> (artifact id: '56c3d77176bdeef3d359858bca56e389') in 0.017460 seconds
Number of updated asset objects reloaded before import = 0
Number of asset objects unloaded after import = 12
Editor requested this worker to shutdown with reason: Scaling down because of idle timeout
TcpMessagingSession - receive error: operation aborted. errorcode: 995, details: La operación de E/S se anuló por una salida de subproceso o por una solicitud de aplicación.
AssetImportWorker is now disconnected from the server
Process exiting
Exiting without the bug reporter. Application will terminate with return code 0