Using pre-set license
Built from '2022.3/staging' branch; Version is '2022.3.29f1 (8d510ca76d2b) revision 9261324'; Using compiler version '192829333'; Build Type 'Release'
OS: 'Windows 11  (10.0.22631) 64bit Professional' Language: 'es' Physical Memory: 15743 MB
BatchMode: 1, IsHumanControllingUs: 0, StartBugReporterOnCrash: 0, Is64bit: 1, IsPro: 1

COMMAND LINE ARGUMENTS:
C:\Program Files\Unity\Hub\Editor\2022.3.29f1\Editor\Unity.exe
-adb2
-batchMode
-noUpm
-name
AssetImportWorker6
-projectPath
C:/Users/Usuario/Crazy kitchen
-logFile
Logs/AssetImportWorker6.log
-srvPort
50664
Successfully changed project path to: C:/Users/Usuario/Crazy kitchen
C:/Users/Usuario/Crazy kitchen
[UnityMemory] Configuration Parameters - Can be set up in boot.config
    "memorysetup-bucket-allocator-granularity=16"
    "memorysetup-bucket-allocator-bucket-count=8"
    "memorysetup-bucket-allocator-block-size=33554432"
    "memorysetup-bucket-allocator-block-count=8"
    "memorysetup-main-allocator-block-size=16777216"
    "memorysetup-thread-allocator-block-size=16777216"
    "memorysetup-gfx-main-allocator-block-size=16777216"
    "memorysetup-gfx-thread-allocator-block-size=16777216"
    "memorysetup-cache-allocator-block-size=4194304"
    "memorysetup-typetree-allocator-block-size=2097152"
    "memorysetup-profiler-bucket-allocator-granularity=16"
    "memorysetup-profiler-bucket-allocator-bucket-count=8"
    "memorysetup-profiler-bucket-allocator-block-size=33554432"
    "memorysetup-profiler-bucket-allocator-block-count=8"
    "memorysetup-profiler-allocator-block-size=16777216"
    "memorysetup-profiler-editor-allocator-block-size=1048576"
    "memorysetup-temp-allocator-size-main=16777216"
    "memorysetup-job-temp-allocator-block-size=2097152"
    "memorysetup-job-temp-allocator-block-size-background=1048576"
    "memorysetup-job-temp-allocator-reduction-small-platforms=262144"
    "memorysetup-allocator-temp-initial-block-size-main=262144"
    "memorysetup-allocator-temp-initial-block-size-worker=262144"
    "memorysetup-temp-allocator-size-background-worker=32768"
    "memorysetup-temp-allocator-size-job-worker=262144"
    "memorysetup-temp-allocator-size-preload-manager=33554432"
    "memorysetup-temp-allocator-size-nav-mesh-worker=65536"
    "memorysetup-temp-allocator-size-audio-worker=65536"
    "memorysetup-temp-allocator-size-cloud-worker=32768"
    "memorysetup-temp-allocator-size-gi-baking-worker=262144"
    "memorysetup-temp-allocator-size-gfx=262144"
Player connection [21872] Host "[IP] 192.168.1.7 [Port] 0 [Flags] 2 [Guid] 2657730308 [EditorId] 2657730308 [Version] 1048832 [Id] WindowsEditor(7,DESKTOP-NV7RIE9) [Debug] 1 [PackageName] WindowsEditor [ProjectName] Editor" joined multi-casting on [225.0.0.222:54997]...

Player connection [21872] Host "[IP] 192.168.1.7 [Port] 0 [Flags] 2 [Guid] 2657730308 [EditorId] 2657730308 [Version] 1048832 [Id] WindowsEditor(7,DESKTOP-NV7RIE9) [Debug] 1 [PackageName] WindowsEditor [ProjectName] Editor" joined alternative multi-casting on [225.0.0.222:34997]...

[Physics::Module] Initialized MultithreadedJobDispatcher with 15 workers.
Refreshing native plugins compatible for Editor in 11.07 ms, found 4 plugins.
Preloading 0 native plugins for Editor in 0.00 ms.
Initialize engine version: 2022.3.29f1 (8d510ca76d2b)
[Subsystems] Discovering subsystems at path C:/Program Files/Unity/Hub/Editor/2022.3.29f1/Editor/Data/Resources/UnitySubsystems
[Subsystems] Discovering subsystems at path C:/Users/Usuario/Crazy kitchen/Assets
GfxDevice: creating device client; threaded=0; jobified=0
Direct3D:
    Version:  Direct3D 11.0 [level 11.1]
    Renderer: NVIDIA GeForce RTX 4060 (ID=0x2882)
    Vendor:   NVIDIA
    VRAM:     7957 MB
    Driver:   32.0.15.6094
Initialize mono
Mono path[0] = 'C:/Program Files/Unity/Hub/Editor/2022.3.29f1/Editor/Data/Managed'
Mono path[1] = 'C:/Program Files/Unity/Hub/Editor/2022.3.29f1/Editor/Data/MonoBleedingEdge/lib/mono/unityjit-win32'
Mono config path = 'C:/Program Files/Unity/Hub/Editor/2022.3.29f1/Editor/Data/MonoBleedingEdge/etc'
Using monoOptions --debugger-agent=transport=dt_socket,embedding=1,server=y,suspend=n,address=127.0.0.1:56312
Begin MonoManager ReloadAssembly
Registering precompiled unity dll's ...
Register platform support module: C:/Program Files/Unity/Hub/Editor/2022.3.29f1/Editor/Data/PlaybackEngines/WindowsStandaloneSupport/UnityEditor.WindowsStandalone.Extensions.dll
Registered in 0.005892 seconds.
- Loaded All Assemblies, in  0.276 seconds
Native extension for WindowsStandalone target not found
Mono: successfully reloaded assembly
- Finished resetting the current domain, in  0.214 seconds
Domain Reload Profiling: 489ms
	BeginReloadAssembly (94ms)
		ExecutionOrderSort (0ms)
		DisableScriptedObjects (0ms)
		BackupInstance (0ms)
		ReleaseScriptingObjects (0ms)
		CreateAndSetChildDomain (1ms)
	RebuildCommonClasses (25ms)
	RebuildNativeTypeToScriptingClass (8ms)
	initialDomainReloadingComplete (48ms)
	LoadAllAssembliesAndSetupDomain (100ms)
		LoadAssemblies (92ms)
		RebuildTransferFunctionScriptingTraits (0ms)
		AnalyzeDomain (99ms)
			TypeCache.Refresh (97ms)
				TypeCache.ScanAssembly (87ms)
			ScanForSourceGeneratedMonoScriptInfo (0ms)
			ResolveRequiredComponents (0ms)
	FinalizeReload (215ms)
		ReleaseScriptCaches (0ms)
		RebuildScriptCaches (0ms)
		SetupLoadedEditorAssemblies (169ms)
			LogAssemblyErrors (0ms)
			InitializePlatformSupportModulesInManaged (7ms)
			SetLoadedEditorAssemblies (6ms)
			RefreshPlugins (0ms)
			BeforeProcessingInitializeOnLoad (2ms)
			ProcessInitializeOnLoadAttributes (116ms)
			ProcessInitializeOnLoadMethodAttributes (38ms)
			AfterProcessingInitializeOnLoad (0ms)
			EditorAssembliesLoaded (0ms)
		ExecutionOrderSort2 (0ms)
		AwakeInstancesAfterBackupRestoration (0ms)
========================================================================
Worker process is ready to serve import requests
Begin MonoManager ReloadAssembly
- Loaded All Assemblies, in  0.587 seconds
Refreshing native plugins compatible for Editor in 3.87 ms, found 4 plugins.
Native extension for WindowsStandalone target not found
Package Manager log level set to [2]
[Package Manager] Server::EnsureServerProcessIsRunning -- launch failed, reason: Unity was launched with the -noUpm command-line argument
[Package Manager] UpmClient::Send -- Unable to send message (not connected to UPM process).
[Package Manager] Cannot connect to Unity Package Manager local server
Mono: successfully reloaded assembly
- Finished resetting the current domain, in  0.510 seconds
Domain Reload Profiling: 1094ms
	BeginReloadAssembly (128ms)
		ExecutionOrderSort (0ms)
		DisableScriptedObjects (4ms)
		BackupInstance (0ms)
		ReleaseScriptingObjects (0ms)
		CreateAndSetChildDomain (18ms)
	RebuildCommonClasses (25ms)
	RebuildNativeTypeToScriptingClass (8ms)
	initialDomainReloadingComplete (38ms)
	LoadAllAssembliesAndSetupDomain (384ms)
		LoadAssemblies (300ms)
		RebuildTransferFunctionScriptingTraits (0ms)
		AnalyzeDomain (162ms)
			TypeCache.Refresh (137ms)
				TypeCache.ScanAssembly (124ms)
			ScanForSourceGeneratedMonoScriptInfo (19ms)
			ResolveRequiredComponents (4ms)
	FinalizeReload (510ms)
		ReleaseScriptCaches (0ms)
		RebuildScriptCaches (0ms)
		SetupLoadedEditorAssemblies (398ms)
			LogAssemblyErrors (0ms)
			InitializePlatformSupportModulesInManaged (5ms)
			SetLoadedEditorAssemblies (2ms)
			RefreshPlugins (0ms)
			BeforeProcessingInitializeOnLoad (54ms)
			ProcessInitializeOnLoadAttributes (316ms)
			ProcessInitializeOnLoadMethodAttributes (16ms)
			AfterProcessingInitializeOnLoad (6ms)
			EditorAssembliesLoaded (0ms)
		ExecutionOrderSort2 (0ms)
		AwakeInstancesAfterBackupRestoration (5ms)
Launched and connected shader compiler UnityShaderCompiler.exe after 0.04 seconds
Refreshing native plugins compatible for Editor in 4.46 ms, found 4 plugins.
Preloading 0 native plugins for Editor in 0.00 ms.
Unloading 3744 Unused Serialized files (Serialized files now loaded: 0)
Unloading 43 unused Assets / (59.6 KB). Loaded Objects now: 4204.
Memory consumption went from 207.5 MB to 207.5 MB.
Total: 2.932000 ms (FindLiveObjects: 0.314600 ms CreateObjectMapping: 0.126900 ms MarkObjects: 2.398200 ms  DeleteObjects: 0.091300 ms)

AssetImportParameters requested are different than current active one (requested -> active):
  custom:container-demuxer-ogg: 62fdf1f143b41e24485cea50d1cbac27 -> 
  custom:video-codec-MediaFoundation-h265: 746d11721c4dcdbdad8f713fa42b33f4 -> 
  custom:video-decoder-ogg-theora: a1e56fd34408186e4bbccfd4996cb3dc -> 
  custom:framework-win-MediaFoundation: 216162199b28c13a410421893ffa2e32 -> 
  custom:CustomObjectIndexerAttribute: 9a22284fe3817be447336de3de66b15e -> 
  custom:container-demuxer-webm: 4f35f7cbe854078d1ac9338744f61a02 -> 
  custom:container-muxer-webm: aa71ff27fc2769a1b78a27578f13a17b -> 
  custom:video-decoder-webm-vp8: 9c59270c3fd7afecdb556c50c9e8de78 -> 
  custom:SearchIndexIgnoredProperties: e643bd26f0fe6173181afceb89e7c659 -> 
  custom:AudioImporter_EditorPlatform: d09bf68614088b80899f8185d706f6e7 -> 
  custom:video-encoder-webm-vp8: eb34c28f22e8b96e1ab97ce403110664 -> 
  custom:audio-decoder-ogg-vorbis: bf7c407c2cedff20999df2af8eb42d56 -> 
  custom:audio-encoder-webm-vorbis: bf7c407c2cedff20999df2af8eb42d56 -> 
========================================================================
Received Import Request.
  Time since last request: 11516.711426 seconds.
  path: Assets/Circle.mat
  artifactKey: Guid(1fef11e4ae309e04faaeae110bb463e3) Importer(815301076,1909f56bfc062723c751e8b465ee728b)
Start importing Assets/Circle.mat using Guid(1fef11e4ae309e04faaeae110bb463e3) Importer(815301076,1909f56bfc062723c751e8b465ee728b)  -> (artifact id: 'd32662043bbfa75a9c0d82a314bb4462') in 0.079858 seconds
Number of updated asset objects reloaded before import = 0
Number of asset objects unloaded after import = 1
========================================================================
Received Import Request.
  Time since last request: 116.474862 seconds.
  path: Assets/Food Pack-Demo/Prefabs/Bell pepper green.prefab
  artifactKey: Guid(68cb6e858d2953e4c8693b634a033386) Importer(815301076,1909f56bfc062723c751e8b465ee728b)
Start importing Assets/Food Pack-Demo/Prefabs/Bell pepper green.prefab using Guid(68cb6e858d2953e4c8693b634a033386) Importer(815301076,1909f56bfc062723c751e8b465ee728b)  -> (artifact id: '3387e03bbf815d2bf6a67f12e39a7471') in 0.027301 seconds
Number of updated asset objects reloaded before import = 0
Number of asset objects unloaded after import = 9
========================================================================
Received Import Request.
  Time since last request: 0.000026 seconds.
  path: Assets/Food Pack-Demo/Prefabs/Salmon Cut.prefab
  artifactKey: Guid(3033aaa6052ed4b40b0f4d7b951b5095) Importer(815301076,1909f56bfc062723c751e8b465ee728b)
Start importing Assets/Food Pack-Demo/Prefabs/Salmon Cut.prefab using Guid(3033aaa6052ed4b40b0f4d7b951b5095) Importer(815301076,1909f56bfc062723c751e8b465ee728b)  -> (artifact id: '2c63c0cbe26bfd133cbb4b64c013108f') in 0.015311 seconds
Number of updated asset objects reloaded before import = 0
Number of asset objects unloaded after import = 9
========================================================================
Received Import Request.
  Time since last request: 0.000024 seconds.
  path: Assets/Food Pack-Demo/Prefabs/Melon Piece.prefab
  artifactKey: Guid(7097ad9a888dd99458dca648bfbe4c7d) Importer(815301076,1909f56bfc062723c751e8b465ee728b)
Start importing Assets/Food Pack-Demo/Prefabs/Melon Piece.prefab using Guid(7097ad9a888dd99458dca648bfbe4c7d) Importer(815301076,1909f56bfc062723c751e8b465ee728b)  -> (artifact id: '0527e71ff1ace53c915f2dc66086cc0e') in 0.026661 seconds
Number of updated asset objects reloaded before import = 0
Number of asset objects unloaded after import = 9
========================================================================
Received Import Request.
  Time since last request: 0.000020 seconds.
  path: Assets/Food Pack-Demo/Prefabs/Chopsticks B.prefab
  artifactKey: Guid(57eac44584c071d4d8ef40566756f86c) Importer(815301076,1909f56bfc062723c751e8b465ee728b)
Start importing Assets/Food Pack-Demo/Prefabs/Chopsticks B.prefab using Guid(57eac44584c071d4d8ef40566756f86c) Importer(815301076,1909f56bfc062723c751e8b465ee728b)  -> (artifact id: 'f9a7609d84d9895c036e3226dee8c4fe') in 0.013865 seconds
Number of updated asset objects reloaded before import = 0
Number of asset objects unloaded after import = 9
========================================================================
Received Import Request.
  Time since last request: 0.000018 seconds.
  path: Assets/Food Pack-Demo/Prefabs/Melon half.prefab
  artifactKey: Guid(f0fd291f44341a44fb9dc45391324a25) Importer(815301076,1909f56bfc062723c751e8b465ee728b)
Start importing Assets/Food Pack-Demo/Prefabs/Melon half.prefab using Guid(f0fd291f44341a44fb9dc45391324a25) Importer(815301076,1909f56bfc062723c751e8b465ee728b)  -> (artifact id: '1df2bec00185fe289a12b29522a7bf3b') in 0.015540 seconds
Number of updated asset objects reloaded before import = 0
Number of asset objects unloaded after import = 9
========================================================================
Received Import Request.
  Time since last request: 0.000023 seconds.
  path: Assets/Food Pack-Demo/Prefabs/Frappe B.prefab
  artifactKey: Guid(80568ac56eee4324c9e6b89e04fdcb80) Importer(815301076,1909f56bfc062723c751e8b465ee728b)
Start importing Assets/Food Pack-Demo/Prefabs/Frappe B.prefab using Guid(80568ac56eee4324c9e6b89e04fdcb80) Importer(815301076,1909f56bfc062723c751e8b465ee728b)  -> (artifact id: '0774b1f429b564625374b49d2533a078') in 0.017640 seconds
Number of updated asset objects reloaded before import = 0
Number of asset objects unloaded after import = 10
========================================================================
Received Import Request.
  Time since last request: 0.000020 seconds.
  path: Assets/Food Pack-Demo/Prefabs/Lamb Chop Cooked.prefab
  artifactKey: Guid(44b8404b36524d8498b3c9305721f977) Importer(815301076,1909f56bfc062723c751e8b465ee728b)
Start importing Assets/Food Pack-Demo/Prefabs/Lamb Chop Cooked.prefab using Guid(44b8404b36524d8498b3c9305721f977) Importer(815301076,1909f56bfc062723c751e8b465ee728b)  -> (artifact id: '416b8ece8a106d71c06b0397c4b23960') in 0.013616 seconds
Number of updated asset objects reloaded before import = 0
Number of asset objects unloaded after import = 9
========================================================================
Received Import Request.
  Time since last request: 0.000015 seconds.
  path: Assets/Food Pack-Demo/Prefabs/Ketchup Plastic Bottle.prefab
  artifactKey: Guid(739858efac64efd428120d3808c65b43) Importer(815301076,1909f56bfc062723c751e8b465ee728b)
Start importing Assets/Food Pack-Demo/Prefabs/Ketchup Plastic Bottle.prefab using Guid(739858efac64efd428120d3808c65b43) Importer(815301076,1909f56bfc062723c751e8b465ee728b)  -> (artifact id: 'bd359d6eb670c68693c398a29e9f06e0') in 0.012987 seconds
Number of updated asset objects reloaded before import = 0
Number of asset objects unloaded after import = 9
========================================================================
Received Import Request.
  Time since last request: 0.000019 seconds.
  path: Assets/Food Pack-Demo/Prefabs/Cheesecake B.prefab
  artifactKey: Guid(7f8fe02ce2c90a447861132975571507) Importer(815301076,1909f56bfc062723c751e8b465ee728b)
Start importing Assets/Food Pack-Demo/Prefabs/Cheesecake B.prefab using Guid(7f8fe02ce2c90a447861132975571507) Importer(815301076,1909f56bfc062723c751e8b465ee728b)  -> (artifact id: 'f76fba03b3412e1bba3d67e9671c2f46') in 0.013804 seconds
Number of updated asset objects reloaded before import = 0
Number of asset objects unloaded after import = 9
========================================================================
Received Import Request.
  Time since last request: 0.000036 seconds.
  path: Assets/Food Pack-Demo/Prefabs/Chopsticks holder.prefab
  artifactKey: Guid(e4f3a4f69c5414a48acdcc48f9cb27b9) Importer(815301076,1909f56bfc062723c751e8b465ee728b)
Start importing Assets/Food Pack-Demo/Prefabs/Chopsticks holder.prefab using Guid(e4f3a4f69c5414a48acdcc48f9cb27b9) Importer(815301076,1909f56bfc062723c751e8b465ee728b)  -> (artifact id: '56769bac7439c05e7fc40a3e022678a7') in 0.013075 seconds
Number of updated asset objects reloaded before import = 0
Number of asset objects unloaded after import = 9
========================================================================
Received Import Request.
  Time since last request: 0.000056 seconds.
  path: Assets/Food Pack-Demo/Prefabs/Lamb Chop.prefab
  artifactKey: Guid(4d68119b54e0ec2468da57b83dc2688f) Importer(815301076,1909f56bfc062723c751e8b465ee728b)
Start importing Assets/Food Pack-Demo/Prefabs/Lamb Chop.prefab using Guid(4d68119b54e0ec2468da57b83dc2688f) Importer(815301076,1909f56bfc062723c751e8b465ee728b)  -> (artifact id: '1378707aa92a06895eb87863a2741470') in 0.014417 seconds
Number of updated asset objects reloaded before import = 0
Number of asset objects unloaded after import = 9
========================================================================
Received Import Request.
  Time since last request: 0.000023 seconds.
  path: Assets/Food Pack-Demo/Prefabs/Pizza Margarita.prefab
  artifactKey: Guid(0c0ea431ace4f624895e2c41a184d71c) Importer(815301076,1909f56bfc062723c751e8b465ee728b)
Start importing Assets/Food Pack-Demo/Prefabs/Pizza Margarita.prefab using Guid(0c0ea431ace4f624895e2c41a184d71c) Importer(815301076,1909f56bfc062723c751e8b465ee728b)  -> (artifact id: '6caf8c840c10788e7f08a371ef1cc6a5') in 0.014476 seconds
Number of updated asset objects reloaded before import = 0
Number of asset objects unloaded after import = 9
========================================================================
Received Import Request.
  Time since last request: 0.000023 seconds.
  path: Assets/Food Pack-Demo/Prefabs/Coffee Cup C.prefab
  artifactKey: Guid(9618ee5198d5bc14690b61b995f89590) Importer(815301076,1909f56bfc062723c751e8b465ee728b)
Start importing Assets/Food Pack-Demo/Prefabs/Coffee Cup C.prefab using Guid(9618ee5198d5bc14690b61b995f89590) Importer(815301076,1909f56bfc062723c751e8b465ee728b)  -> (artifact id: '42a96324864cd3db2cc09553b2e850bc') in 0.015138 seconds
Number of updated asset objects reloaded before import = 0
Number of asset objects unloaded after import = 9
========================================================================
Received Import Request.
  Time since last request: 0.000017 seconds.
  path: Assets/Food Pack-Demo/Prefabs/Bundt Cake Piece.prefab
  artifactKey: Guid(54447e78ac5be41428f9078cf6910bf7) Importer(815301076,1909f56bfc062723c751e8b465ee728b)
Start importing Assets/Food Pack-Demo/Prefabs/Bundt Cake Piece.prefab using Guid(54447e78ac5be41428f9078cf6910bf7) Importer(815301076,1909f56bfc062723c751e8b465ee728b)  -> (artifact id: '26da4d5a64df07a4ae2c885d9d28646e') in 0.015743 seconds
Number of updated asset objects reloaded before import = 0
Number of asset objects unloaded after import = 9
========================================================================
Received Import Request.
  Time since last request: 0.000024 seconds.
  path: Assets/Food Pack-Demo/Prefabs/Salmon fillet.prefab
  artifactKey: Guid(3c0685d4d52f57548aa967a3907720f9) Importer(815301076,1909f56bfc062723c751e8b465ee728b)
Start importing Assets/Food Pack-Demo/Prefabs/Salmon fillet.prefab using Guid(3c0685d4d52f57548aa967a3907720f9) Importer(815301076,1909f56bfc062723c751e8b465ee728b)  -> (artifact id: '1604eab8fd4093384fb335564af747f9') in 0.016931 seconds
Number of updated asset objects reloaded before import = 0
Number of asset objects unloaded after import = 9
========================================================================
Received Import Request.
  Time since last request: 0.000016 seconds.
  path: Assets/Food Pack-Demo/Prefabs/Peach slice.prefab
  artifactKey: Guid(983892090628c6245ab20d3d0541b5b4) Importer(815301076,1909f56bfc062723c751e8b465ee728b)
Start importing Assets/Food Pack-Demo/Prefabs/Peach slice.prefab using Guid(983892090628c6245ab20d3d0541b5b4) Importer(815301076,1909f56bfc062723c751e8b465ee728b)  -> (artifact id: 'ee2e022958a7433b13b998b4e98076c4') in 0.014721 seconds
Number of updated asset objects reloaded before import = 0
Number of asset objects unloaded after import = 9
========================================================================
Received Import Request.
  Time since last request: 0.000018 seconds.
  path: Assets/Food Pack-Demo/Prefabs/Pretzel.prefab
  artifactKey: Guid(13063b8319347e2479e6af5ae4bf79ca) Importer(815301076,1909f56bfc062723c751e8b465ee728b)
Start importing Assets/Food Pack-Demo/Prefabs/Pretzel.prefab using Guid(13063b8319347e2479e6af5ae4bf79ca) Importer(815301076,1909f56bfc062723c751e8b465ee728b)  -> (artifact id: '8e54a52a311d6317bb5d3c14c839f15d') in 0.015262 seconds
Number of updated asset objects reloaded before import = 0
Number of asset objects unloaded after import = 9
========================================================================
Received Import Request.
  Time since last request: 0.000031 seconds.
  path: Assets/Food Pack-Demo/Prefabs/Salami A.prefab
  artifactKey: Guid(ef03a6620aa3c864592f399083c51fa2) Importer(815301076,1909f56bfc062723c751e8b465ee728b)
Start importing Assets/Food Pack-Demo/Prefabs/Salami A.prefab using Guid(ef03a6620aa3c864592f399083c51fa2) Importer(815301076,1909f56bfc062723c751e8b465ee728b)  -> (artifact id: 'ea03da56c142773d2e071ab230e47334') in 0.014400 seconds
Number of updated asset objects reloaded before import = 0
Number of asset objects unloaded after import = 9
========================================================================
Received Import Request.
  Time since last request: 0.000029 seconds.
  path: Assets/Food Pack-Demo/Prefabs/Peach half no seed.prefab
  artifactKey: Guid(6666b77016c300745b9cd0df60be89d4) Importer(815301076,1909f56bfc062723c751e8b465ee728b)
Start importing Assets/Food Pack-Demo/Prefabs/Peach half no seed.prefab using Guid(6666b77016c300745b9cd0df60be89d4) Importer(815301076,1909f56bfc062723c751e8b465ee728b)  -> (artifact id: '999013264adeafd0cc13fdf233d23ab7') in 0.016688 seconds
Number of updated asset objects reloaded before import = 0
Number of asset objects unloaded after import = 9
========================================================================
Received Import Request.
  Time since last request: 0.000025 seconds.
  path: Assets/Food Pack-Demo/Prefabs/Sake cup C.prefab
  artifactKey: Guid(1f43572f4b900384795dbd290b6442ca) Importer(815301076,1909f56bfc062723c751e8b465ee728b)
Start importing Assets/Food Pack-Demo/Prefabs/Sake cup C.prefab using Guid(1f43572f4b900384795dbd290b6442ca) Importer(815301076,1909f56bfc062723c751e8b465ee728b)  -> (artifact id: '3d332396d3f6f1a68d36ba8a04ed444b') in 0.013296 seconds
Number of updated asset objects reloaded before import = 0
Number of asset objects unloaded after import = 9
========================================================================
Received Import Request.
  Time since last request: 0.000017 seconds.
  path: Assets/Food Pack-Demo/Prefabs/Salmon.prefab
  artifactKey: Guid(3a245daa6cb83334d8a55a5e90125b88) Importer(815301076,1909f56bfc062723c751e8b465ee728b)
Start importing Assets/Food Pack-Demo/Prefabs/Salmon.prefab using Guid(3a245daa6cb83334d8a55a5e90125b88) Importer(815301076,1909f56bfc062723c751e8b465ee728b)  -> (artifact id: 'dddab0a4ee520fd426048f44989cb507') in 0.013448 seconds
Number of updated asset objects reloaded before import = 0
Number of asset objects unloaded after import = 9
========================================================================
Received Import Request.
  Time since last request: 0.000023 seconds.
  path: Assets/Food Pack-Demo/Prefabs/Peach half with seed.prefab
  artifactKey: Guid(0ee3df7facab76a4f8e417d21e25e98f) Importer(815301076,1909f56bfc062723c751e8b465ee728b)
Start importing Assets/Food Pack-Demo/Prefabs/Peach half with seed.prefab using Guid(0ee3df7facab76a4f8e417d21e25e98f) Importer(815301076,1909f56bfc062723c751e8b465ee728b)  -> (artifact id: 'd05c8ee897531fc5323a9a7e1b71b9ce') in 0.015465 seconds
Number of updated asset objects reloaded before import = 0
Number of asset objects unloaded after import = 9
========================================================================
Received Import Request.
  Time since last request: 0.000035 seconds.
  path: Assets/Food Pack-Demo/Prefabs/Pizza Margarita Slice.prefab
  artifactKey: Guid(4996cb7e38e19d34f8d3c4c05aa9ad48) Importer(815301076,1909f56bfc062723c751e8b465ee728b)
Start importing Assets/Food Pack-Demo/Prefabs/Pizza Margarita Slice.prefab using Guid(4996cb7e38e19d34f8d3c4c05aa9ad48) Importer(815301076,1909f56bfc062723c751e8b465ee728b)  -> (artifact id: 'e2b28dfe6fc8c8a929597a4d1e17e6c2') in 0.014744 seconds
Number of updated asset objects reloaded before import = 0
Number of asset objects unloaded after import = 9
========================================================================
Received Import Request.
  Time since last request: 3.102546 seconds.
  path: Assets/Food Pack-Demo/Materials/Glass.mat
  artifactKey: Guid(b133b755a13992d4e820112f19c845cc) Importer(815301076,1909f56bfc062723c751e8b465ee728b)
Start importing Assets/Food Pack-Demo/Materials/Glass.mat using Guid(b133b755a13992d4e820112f19c845cc) Importer(815301076,1909f56bfc062723c751e8b465ee728b)  -> (artifact id: '6a47ee7266e9e6e7aefb9d31e8e36c8a') in 0.012317 seconds
Number of updated asset objects reloaded before import = 0
Number of asset objects unloaded after import = 1
Editor requested this worker to shutdown with reason: Scaling down because of idle timeout
TcpMessagingSession - receive error: operation aborted. errorcode: 995, details: La operación de E/S se anuló por una salida de subproceso o por una solicitud de aplicación.
AssetImportWorker is now disconnected from the server
Process exiting
Exiting without the bug reporter. Application will terminate with return code 0